{"D:\\Source\\Repos\\openpaivscode\\out\\test\\clusterConfiguration.test.js":{"path":"D:\\Source\\Repos\\openpaivscode\\out\\test\\clusterConfiguration.test.js","statementMap":{"0":{"start":{"line":2,"column":0},"end":{"line":2,"column":62}},"1":{"start":{"line":9,"column":15},"end":{"line":9,"column":32}},"2":{"start":{"line":10,"column":20},"end":{"line":10,"column":50}},"3":{"start":{"line":11,"column":25},"end":{"line":11,"column":57}},"4":{"start":{"line":13,"column":4},"end":{"line":17,"column":18}},"5":{"start":{"line":14,"column":8},"end":{"line":14,"column":19}},"6":{"start":{"line":15,"column":8},"end":{"line":15,"column":29}},"7":{"start":{"line":20,"column":4},"end":{"line":25,"column":5}},"8":{"start":{"line":21,"column":8},"end":{"line":21,"column":19}},"9":{"start":{"line":24,"column":8},"end":{"line":24,"column":29}},"10":{"start":{"line":27,"column":0},"end":{"line":51,"column":3}},"11":{"start":{"line":28,"column":4},"end":{"line":50,"column":7}},"12":{"start":{"line":29,"column":8},"end":{"line":29,"column":54}},"13":{"start":{"line":30,"column":31},"end":{"line":30,"column":94}},"14":{"start":{"line":31,"column":8},"end":{"line":31,"column":49}},"15":{"start":{"line":32,"column":8},"end":{"line":34,"column":63}},"16":{"start":{"line":33,"column":12},"end":{"line":33,"column":57}},"17":{"start":{"line":35,"column":8},"end":{"line":35,"column":51}},"18":{"start":{"line":36,"column":8},"end":{"line":38,"column":60}},"19":{"start":{"line":37,"column":12},"end":{"line":37,"column":57}},"20":{"start":{"line":39,"column":8},"end":{"line":46,"column":10}},"21":{"start":{"line":47,"column":8},"end":{"line":49,"column":59}},"22":{"start":{"line":48,"column":12},"end":{"line":48,"column":57}}},"fnMap":{"0":{"name":"asyncAssertThrows","decl":{"start":{"line":12,"column":15},"end":{"line":12,"column":32}},"loc":{"start":{"line":12,"column":46},"end":{"line":18,"column":1}},"line":12},"1":{"name":"asyncAssertDoesNotThrow","decl":{"start":{"line":19,"column":15},"end":{"line":19,"column":38}},"loc":{"start":{"line":19,"column":52},"end":{"line":26,"column":1}},"line":19},"2":{"name":"(anonymous_2)","decl":{"start":{"line":27,"column":36},"end":{"line":27,"column":37}},"loc":{"start":{"line":27,"column":42},"end":{"line":51,"column":1}},"line":27},"3":{"name":"(anonymous_3)","decl":{"start":{"line":28,"column":37},"end":{"line":28,"column":38}},"loc":{"start":{"line":28,"column":49},"end":{"line":50,"column":5}},"line":28},"4":{"name":"(anonymous_4)","decl":{"start":{"line":32,"column":32},"end":{"line":32,"column":33}},"loc":{"start":{"line":32,"column":44},"end":{"line":34,"column":9}},"line":32},"5":{"name":"(anonymous_5)","decl":{"start":{"line":36,"column":32},"end":{"line":36,"column":33}},"loc":{"start":{"line":36,"column":44},"end":{"line":38,"column":9}},"line":36},"6":{"name":"(anonymous_6)","decl":{"start":{"line":47,"column":38},"end":{"line":47,"column":39}},"loc":{"start":{"line":47,"column":50},"end":{"line":49,"column":9}},"line":47}},"branchMap":{},"s":{"0":1,"1":1,"2":1,"3":1,"4":0,"5":0,"6":0,"7":0,"8":0,"9":0,"10":1,"11":1,"12":1,"13":0,"14":0,"15":0,"16":0,"17":0,"18":0,"19":0,"20":0,"21":0,"22":0},"f":{"0":0,"1":0,"2":1,"3":1,"4":0,"5":0,"6":0},"b":{},"inputSourceMap":{"version":3,"file":"clusterConfiguration.test.js","sourceRoot":"","sources":["../../src/test/clusterConfiguration.test.ts"],"names":[],"mappings":";;AAAA;;;;GAIG;AACH,uBAAuB;AACvB,iCAAiC;AAEjC,mDAA8E;AAC9E,0DAAuD;AAEvD,KAAK,UAAU,iBAAiB,CAAC,EAAoC,EAAE,OAAe;IAClF,IAAI;QACA,MAAM,EAAE,EAAE,CAAC;QACX,MAAM,CAAC,IAAI,CAAC,OAAO,CAAC,CAAC;KACxB;IAAC,WAAM,GAAG;AACf,CAAC;AAED,KAAK,UAAU,uBAAuB,CAAC,EAAoC,EAAE,OAAe;IACxF,IAAI;QACA,MAAM,EAAE,EAAE,CAAC;KACd;IAAC,WAAM;QACJ,MAAM,CAAC,IAAI,CAAC,OAAO,CAAC,CAAC;KACxB;AACL,CAAC;AAED,KAAK,CAAC,4BAA4B,EAAE,GAAG,EAAE;IACrC,IAAI,CAAC,0BAA0B,EAAE,KAAK,IAAI,EAAE;QACxC,MAAM,qCAAyB,EAAE,CAAC;QAClC,MAAM,cAAc,GAAmB,MAAM,wBAAY,CAAC,+BAAc,CAAC,CAAC;QAC1E,cAAc,CAAC,iBAAiB,CAAC,CAAC,CAAC,GAAQ,EAAE,CAAC;QAC9C,MAAM,iBAAiB,CAAC,KAAK,IAAI,EAAE;YAC/B,MAAM,cAAc,CAAC,qBAAqB,EAAE,CAAC;QACjD,CAAC,EAAE,kDAAkD,CAAC,CAAC;QACvD,cAAc,CAAC,iBAAiB,CAAC,CAAC,CAAC,GAAQ,IAAI,CAAC;QAChD,MAAM,iBAAiB,CAAC,KAAK,IAAI,EAAE;YAC/B,MAAM,cAAc,CAAC,qBAAqB,EAAE,CAAC;QACjD,CAAC,EAAE,+CAA+C,CAAC,CAAC;QACpD,cAAc,CAAC,iBAAiB,CAAC,CAAC,CAAC,GAAG;YAClC,QAAQ,EAAE,gBAAgB;YAC1B,QAAQ,EAAE,cAAc;YACxB,eAAe,EAAE,oBAAoB;YACrC,WAAW,EAAE,gCAAgC;YAC7C,WAAW,EAAE,oBAAoB;YACjC,iBAAiB,EAAE,oBAAoB;SAC1C,CAAC;QACF,MAAM,uBAAuB,CAAC,KAAK,IAAI,EAAE;YACrC,MAAM,cAAc,CAAC,qBAAqB,EAAE,CAAC;QACjD,CAAC,EAAE,8CAA8C,CAAC,CAAC;IACvD,CAAC,CAAC,CAAC;AACP,CAAC,CAAC,CAAC"},"_coverageSchema":"1a1c01bbd47fc00a2c39e90264f33305004495a9","hash":"9df29f37093c45b0e637eb1442220ef36d4ae0cf","contentHash":"feccc062e73587da72c17317d3481e612ae80d1dde9ea36d8b0b0e0ce545f29e"},"D:\\Source\\Repos\\openpaivscode\\out\\common\\singleton.js":{"path":"D:\\Source\\Repos\\openpaivscode\\out\\common\\singleton.js","statementMap":{"0":{"start":{"line":7,"column":17},"end":{"line":12,"column":1}},"1":{"start":{"line":8,"column":12},"end":{"line":8,"column":28}},"2":{"start":{"line":8,"column":34},"end":{"line":8,"column":125}},"3":{"start":{"line":9,"column":4},"end":{"line":10,"column":150}},"4":{"start":{"line":9,"column":79},"end":{"line":9,"column":131}},"5":{"start":{"line":10,"column":9},"end":{"line":10,"column":150}},"6":{"start":{"line":10,"column":22},"end":{"line":10,"column":43}},"7":{"start":{"line":10,"column":58},"end":{"line":10,"column":150}},"8":{"start":{"line":10,"column":81},"end":{"line":10,"column":150}},"9":{"start":{"line":11,"column":4},"end":{"line":11,"column":66}},"10":{"start":{"line":13,"column":17},"end":{"line":15,"column":1}},"11":{"start":{"line":14,"column":4},"end":{"line":14,"column":109}},"12":{"start":{"line":14,"column":79},"end":{"line":14,"column":109}},"13":{"start":{"line":17,"column":0},"end":{"line":17,"column":62}},"14":{"start":{"line":18,"column":0},"end":{"line":18,"column":13}},"15":{"start":{"line":19,"column":0},"end":{"line":19,"column":28}},"16":{"start":{"line":20,"column":20},"end":{"line":20,"column":40}},"17":{"start":{"line":21,"column":0},"end":{"line":21,"column":103}},"18":{"start":{"line":22,"column":0},"end":{"line":22,"column":62}},"19":{"start":{"line":28,"column":16},"end":{"line":43,"column":1}},"20":{"start":{"line":30,"column":8},"end":{"line":30,"column":72}},"21":{"start":{"line":31,"column":8},"end":{"line":31,"column":31}},"22":{"start":{"line":32,"column":8},"end":{"line":32,"column":70}},"23":{"start":{"line":33,"column":8},"end":{"line":33,"column":66}},"24":{"start":{"line":36,"column":8},"end":{"line":40,"column":9}},"25":{"start":{"line":37,"column":12},"end":{"line":37,"column":34}},"26":{"start":{"line":38,"column":12},"end":{"line":38,"column":36}},"27":{"start":{"line":39,"column":12},"end":{"line":39,"column":72}},"28":{"start":{"line":41,"column":8},"end":{"line":41,"column":20}},"29":{"start":{"line":44,"column":0},"end":{"line":47,"column":14}},"30":{"start":{"line":48,"column":0},"end":{"line":48,"column":30}},"31":{"start":{"line":49,"column":27},"end":{"line":49,"column":32}},"32":{"start":{"line":50,"column":27},"end":{"line":50,"column":32}},"33":{"start":{"line":52,"column":4},"end":{"line":54,"column":5}},"34":{"start":{"line":53,"column":8},"end":{"line":53,"column":47}},"35":{"start":{"line":55,"column":4},"end":{"line":57,"column":5}},"36":{"start":{"line":56,"column":8},"end":{"line":56,"column":103}},"37":{"start":{"line":58,"column":4},"end":{"line":58,"column":58}},"38":{"start":{"line":60,"column":0},"end":{"line":60,"column":36}},"39":{"start":{"line":62,"column":4},"end":{"line":62,"column":79}},"40":{"start":{"line":64,"column":0},"end":{"line":64,"column":52}},"41":{"start":{"line":66,"column":4},"end":{"line":66,"column":32}},"42":{"start":{"line":67,"column":26},"end":{"line":67,"column":85}},"43":{"start":{"line":67,"column":56},"end":{"line":67,"column":84}},"44":{"start":{"line":68,"column":4},"end":{"line":68,"column":33}},"45":{"start":{"line":69,"column":4},"end":{"line":69,"column":83}},"46":{"start":{"line":69,"column":53},"end":{"line":69,"column":80}},"47":{"start":{"line":70,"column":4},"end":{"line":70,"column":32}},"48":{"start":{"line":72,"column":0},"end":{"line":72,"column":38}},"49":{"start":{"line":74,"column":4},"end":{"line":76,"column":5}},"50":{"start":{"line":75,"column":8},"end":{"line":75,"column":24}},"51":{"start":{"line":78,"column":0},"end":{"line":78,"column":62}},"52":{"start":{"line":81,"column":4},"end":{"line":81,"column":72}},"53":{"start":{"line":81,"column":37},"end":{"line":81,"column":70}},"54":{"start":{"line":81,"column":54},"end":{"line":81,"column":65}},"55":{"start":{"line":83,"column":0},"end":{"line":83,"column":22}},"56":{"start":{"line":85,"column":4},"end":{"line":89,"column":5}},"57":{"start":{"line":86,"column":8},"end":{"line":88,"column":9}},"58":{"start":{"line":87,"column":12},"end":{"line":87,"column":43}},"59":{"start":{"line":91,"column":0},"end":{"line":91,"column":26}}},"fnMap":{"0":{"name":"(anonymous_0)","decl":{"start":{"line":7,"column":46},"end":{"line":7,"column":47}},"loc":{"start":{"line":7,"column":87},"end":{"line":12,"column":1}},"line":7},"1":{"name":"(anonymous_1)","decl":{"start":{"line":13,"column":46},"end":{"line":13,"column":47}},"loc":{"start":{"line":13,"column":62},"end":{"line":15,"column":1}},"line":13},"2":{"name":"(anonymous_2)","decl":{"start":{"line":29,"column":4},"end":{"line":29,"column":5}},"loc":{"start":{"line":29,"column":18},"end":{"line":34,"column":5}},"line":29},"3":{"name":"(anonymous_3)","decl":{"start":{"line":35,"column":4},"end":{"line":35,"column":5}},"loc":{"start":{"line":35,"column":28},"end":{"line":42,"column":5}},"line":35},"4":{"name":"getSingleton","decl":{"start":{"line":51,"column":9},"end":{"line":51,"column":21}},"loc":{"start":{"line":51,"column":29},"end":{"line":59,"column":1}},"line":51},"5":{"name":"bindExtensionContext","decl":{"start":{"line":61,"column":9},"end":{"line":61,"column":29}},"loc":{"start":{"line":61,"column":39},"end":{"line":63,"column":1}},"line":61},"6":{"name":"initializeAll","decl":{"start":{"line":65,"column":15},"end":{"line":65,"column":28}},"loc":{"start":{"line":65,"column":47},"end":{"line":71,"column":1}},"line":65},"7":{"name":"(anonymous_7)","decl":{"start":{"line":67,"column":47},"end":{"line":67,"column":48}},"loc":{"start":{"line":67,"column":56},"end":{"line":67,"column":84}},"line":67},"8":{"name":"(anonymous_8)","decl":{"start":{"line":69,"column":40},"end":{"line":69,"column":41}},"loc":{"start":{"line":69,"column":53},"end":{"line":69,"column":80}},"line":69},"9":{"name":"waitForAllSingletonFinish","decl":{"start":{"line":73,"column":15},"end":{"line":73,"column":40}},"loc":{"start":{"line":73,"column":43},"end":{"line":77,"column":1}},"line":73},"10":{"name":"delay","decl":{"start":{"line":79,"column":15},"end":{"line":79,"column":20}},"loc":{"start":{"line":79,"column":25},"end":{"line":82,"column":1}},"line":79},"11":{"name":"(anonymous_11)","decl":{"start":{"line":81,"column":22},"end":{"line":81,"column":23}},"loc":{"start":{"line":81,"column":37},"end":{"line":81,"column":70}},"line":81},"12":{"name":"(anonymous_12)","decl":{"start":{"line":81,"column":48},"end":{"line":81,"column":49}},"loc":{"start":{"line":81,"column":54},"end":{"line":81,"column":65}},"line":81},"13":{"name":"dispose","decl":{"start":{"line":84,"column":15},"end":{"line":84,"column":22}},"loc":{"start":{"line":84,"column":25},"end":{"line":90,"column":1}},"line":84}},"branchMap":{"0":{"loc":{"start":{"line":7,"column":17},"end":{"line":12,"column":1}},"type":"binary-expr","locations":[{"start":{"line":7,"column":18},"end":{"line":7,"column":22}},{"start":{"line":7,"column":26},"end":{"line":7,"column":41}},{"start":{"line":7,"column":46},"end":{"line":12,"column":1}}],"line":7},"1":{"loc":{"start":{"line":8,"column":34},"end":{"line":8,"column":125}},"type":"cond-expr","locations":[{"start":{"line":8,"column":42},"end":{"line":8,"column":48}},{"start":{"line":8,"column":51},"end":{"line":8,"column":125}}],"line":8},"2":{"loc":{"start":{"line":8,"column":51},"end":{"line":8,"column":125}},"type":"cond-expr","locations":[{"start":{"line":8,"column":67},"end":{"line":8,"column":118}},{"start":{"line":8,"column":121},"end":{"line":8,"column":125}}],"line":8},"3":{"loc":{"start":{"line":9,"column":4},"end":{"line":10,"column":150}},"type":"if","locations":[{"start":{"line":9,"column":4},"end":{"line":10,"column":150}},{"start":{"line":9,"column":4},"end":{"line":10,"column":150}}],"line":9},"4":{"loc":{"start":{"line":9,"column":8},"end":{"line":9,"column":77}},"type":"binary-expr","locations":[{"start":{"line":9,"column":8},"end":{"line":9,"column":35}},{"start":{"line":9,"column":39},"end":{"line":9,"column":77}}],"line":9},"5":{"loc":{"start":{"line":10,"column":58},"end":{"line":10,"column":150}},"type":"if","locations":[{"start":{"line":10,"column":58},"end":{"line":10,"column":150}},{"start":{"line":10,"column":58},"end":{"line":10,"column":150}}],"line":10},"6":{"loc":{"start":{"line":10,"column":85},"end":{"line":10,"column":149}},"type":"binary-expr","locations":[{"start":{"line":10,"column":86},"end":{"line":10,"column":143}},{"start":{"line":10,"column":148},"end":{"line":10,"column":149}}],"line":10},"7":{"loc":{"start":{"line":10,"column":86},"end":{"line":10,"column":143}},"type":"cond-expr","locations":[{"start":{"line":10,"column":94},"end":{"line":10,"column":98}},{"start":{"line":10,"column":101},"end":{"line":10,"column":143}}],"line":10},"8":{"loc":{"start":{"line":10,"column":101},"end":{"line":10,"column":143}},"type":"cond-expr","locations":[{"start":{"line":10,"column":109},"end":{"line":10,"column":126}},{"start":{"line":10,"column":129},"end":{"line":10,"column":143}}],"line":10},"9":{"loc":{"start":{"line":11,"column":11},"end":{"line":11,"column":62}},"type":"binary-expr","locations":[{"start":{"line":11,"column":11},"end":{"line":11,"column":16}},{"start":{"line":11,"column":20},"end":{"line":11,"column":21}},{"start":{"line":11,"column":25},"end":{"line":11,"column":62}}],"line":11},"10":{"loc":{"start":{"line":13,"column":17},"end":{"line":15,"column":1}},"type":"binary-expr","locations":[{"start":{"line":13,"column":18},"end":{"line":13,"column":22}},{"start":{"line":13,"column":26},"end":{"line":13,"column":41}},{"start":{"line":13,"column":46},"end":{"line":15,"column":1}}],"line":13},"11":{"loc":{"start":{"line":14,"column":4},"end":{"line":14,"column":109}},"type":"if","locations":[{"start":{"line":14,"column":4},"end":{"line":14,"column":109}},{"start":{"line":14,"column":4},"end":{"line":14,"column":109}}],"line":14},"12":{"loc":{"start":{"line":14,"column":8},"end":{"line":14,"column":77}},"type":"binary-expr","locations":[{"start":{"line":14,"column":8},"end":{"line":14,"column":35}},{"start":{"line":14,"column":39},"end":{"line":14,"column":77}}],"line":14},"13":{"loc":{"start":{"line":36,"column":8},"end":{"line":40,"column":9}},"type":"if","locations":[{"start":{"line":36,"column":8},"end":{"line":40,"column":9}},{"start":{"line":36,"column":8},"end":{"line":40,"column":9}}],"line":36},"14":{"loc":{"start":{"line":36,"column":12},"end":{"line":36,"column":46}},"type":"binary-expr","locations":[{"start":{"line":36,"column":12},"end":{"line":36,"column":27}},{"start":{"line":36,"column":31},"end":{"line":36,"column":46}}],"line":36},"15":{"loc":{"start":{"line":52,"column":4},"end":{"line":54,"column":5}},"type":"if","locations":[{"start":{"line":52,"column":4},"end":{"line":54,"column":5}},{"start":{"line":52,"column":4},"end":{"line":54,"column":5}}],"line":52},"16":{"loc":{"start":{"line":55,"column":4},"end":{"line":57,"column":5}},"type":"if","locations":[{"start":{"line":55,"column":4},"end":{"line":57,"column":5}},{"start":{"line":55,"column":4},"end":{"line":57,"column":5}}],"line":55},"17":{"loc":{"start":{"line":86,"column":8},"end":{"line":88,"column":9}},"type":"if","locations":[{"start":{"line":86,"column":8},"end":{"line":88,"column":9}},{"start":{"line":86,"column":8},"end":{"line":88,"column":9}}],"line":86}},"s":{"0":1,"1":1,"2":1,"3":1,"4":1,"5":0,"6":0,"7":0,"8":0,"9":1,"10":1,"11":1,"12":1,"13":1,"14":1,"15":1,"16":1,"17":1,"18":1,"19":1,"20":0,"21":0,"22":0,"23":0,"24":0,"25":0,"26":0,"27":0,"28":0,"29":1,"30":1,"31":1,"32":1,"33":0,"34":0,"35":0,"36":0,"37":0,"38":1,"39":0,"40":1,"41":0,"42":0,"43":0,"44":0,"45":0,"46":0,"47":0,"48":1,"49":2,"50":2596,"51":1,"52":2596,"53":2596,"54":2594,"55":1,"56":0,"57":0,"58":0,"59":1},"f":{"0":1,"1":1,"2":0,"3":0,"4":0,"5":0,"6":0,"7":0,"8":0,"9":2,"10":2596,"11":2596,"12":2594,"13":0},"b":{"0":[1,1,1],"1":[1,0],"2":[0,0],"3":[1,0],"4":[1,1],"5":[0,0],"6":[0,0],"7":[0,0],"8":[0,0],"9":[1,0,0],"10":[1,1,1],"11":[1,0],"12":[1,1],"13":[0,0],"14":[0,0],"15":[0,0],"16":[0,0],"17":[0,0]},"inputSourceMap":{"version":3,"file":"singleton.js","sourceRoot":"","sources":["../../src/common/singleton.ts"],"names":[],"mappings":";AAAA;;;;GAIG;;;;;;;;;;;;;AAEH,4BAA0B,CAAC,sBAAsB;AACjD,yCAAkD,CAAC,sBAAsB;AAK5D,QAAA,SAAS,GAAc,IAAI,qBAAS,CAAC,EAAE,kBAAkB,EAAE,IAAI,EAAE,YAAY,EAAE,WAAW,EAAE,CAAC,CAAC;AAC9F,QAAA,iBAAiB,GAAW,MAAM,CAAC,yBAAyB,CAAC,CAAC;AAI3E;;;;GAIG;AAEH,IAAsB,SAAS,iBAA/B,MAAsB,SAAS;IAI3B;QAHU,YAAO,GAA4B,iBAAS,CAAC,GAAG,CAAC,yBAAiB,CAAC,CAAC;QACtE,cAAS,GAAY,KAAK,CAAC;QAG/B,OAAO,CAAC,GAAG,CAAC,aAAa,IAAI,CAAC,WAAW,CAAC,IAAI,cAAc,CAAC,CAAC;QAC9D,iBAAS,CAAC,IAAI,CAAC,WAAS,CAAC,CAAC,eAAe,CAAC,IAAI,CAAC,CAAC;IACpD,CAAC;IAKM,KAAK,CAAC,eAAe;QACxB,IAAI,IAAI,CAAC,UAAU,IAAI,CAAC,IAAI,CAAC,SAAS,EAAE;YACpC,IAAI,CAAC,SAAS,GAAG,IAAI,CAAC;YACtB,MAAM,IAAI,CAAC,UAAU,EAAE,CAAC;YACxB,OAAO,CAAC,GAAG,CAAC,aAAa,IAAI,CAAC,WAAW,CAAC,IAAI,YAAY,CAAC,CAAC;SAC/D;QACD,OAAO,IAAI,CAAC;IAChB,CAAC;CACJ,CAAA;AApBqB,SAAS;IAD9B,sBAAU,EAAE;;GACS,SAAS,CAoB9B;AApBqB,8BAAS;AAsB/B,IAAI,oBAAoB,GAAY,KAAK,CAAC;AAC1C,IAAI,oBAAoB,GAAY,KAAK,CAAC;AAE1C,SAAgB,YAAY,CAAsB,KAAqB;IACnE,IAAI,CAAC,iBAAS,CAAC,OAAO,CAAC,KAAK,CAAC,EAAE;QAC3B,iBAAS,CAAC,IAAI,CAAC,KAAK,CAAC,CAAC,MAAM,EAAE,CAAC;KAClC;IACD,IAAI,oBAAoB,EAAE;QACtB,MAAM,IAAI,KAAK,CAAC,6EAA6E,CAAC,CAAC;KAClG;IACD,OAAO,iBAAS,CAAC,GAAG,CAAI,KAAK,CAAC,CAAC,eAAe,EAAE,CAAC;AACrD,CAAC;AARD,oCAQC;AAED,SAAgB,oBAAoB,CAAC,OAAgC;IACjE,iBAAS,CAAC,IAAI,CAAC,yBAAiB,CAAC,CAAC,eAAe,CAAC,OAAO,CAAC,CAAC;AAC/D,CAAC;AAFD,oDAEC;AAEM,KAAK,UAAU,aAAa,CAAC,gBAA0C;IAC1E,oBAAoB,GAAG,IAAI,CAAC;IAC5B,MAAM,aAAa,GAAgB,gBAAgB,CAAC,GAAG,CAAC,KAAK,CAAC,EAAE,CAAC,iBAAS,CAAC,GAAG,CAAC,KAAK,CAAC,CAAC,CAAC;IACvF,oBAAoB,GAAG,KAAK,CAAC;IAC7B,MAAM,OAAO,CAAC,GAAG,CAAC,aAAa,CAAC,GAAG,CAAC,SAAS,CAAC,EAAE,CAAC,SAAS,CAAC,eAAe,EAAE,CAAC,CAAC,CAAC;IAC/E,oBAAoB,GAAG,IAAI,CAAC;AAChC,CAAC;AAND,sCAMC;AAEM,KAAK,UAAU,yBAAyB;IAC3C,OAAO,CAAC,oBAAoB,EAAE;QAC1B,MAAM,KAAK,CAAC,EAAE,CAAC,CAAC;KACnB;AACL,CAAC;AAJD,8DAIC;AAEM,KAAK,UAAU,KAAK,CAAC,EAAU;IAClC,4DAA4D;IAC5D,MAAM,IAAI,OAAO,CAAC,CAAC,SAAS,EAAE,EAAE,CAAC,UAAU,CAAC,GAAG,EAAE,CAAC,SAAS,EAAE,EAAE,EAAE,CAAC,CAAC,CAAC;AACxE,CAAC;AAHD,sBAGC;AAEM,KAAK,UAAU,OAAO;IACzB,KAAK,MAAM,SAAS,IAAI,iBAAS,CAAC,MAAM,CAAC,SAAS,CAAC,EAAE;QACjD,IAAI,SAAS,CAAC,YAAY,EAAE;YACxB,MAAM,SAAS,CAAC,YAAY,EAAE,CAAC;SAClC;KACJ;AACL,CAAC;AAND,0BAMC"},"_coverageSchema":"1a1c01bbd47fc00a2c39e90264f33305004495a9","hash":"ca0c8d64d45b114694949e637487e8df1289eea6","contentHash":"6dc8a2d8e1eee9bd4fcd78849bb85c786df9d26e2484e244b4549145c5e08954"},"D:\\Source\\Repos\\openpaivscode\\out\\pai\\clusterManager.js":{"path":"D:\\Source\\Repos\\openpaivscode\\out\\pai\\clusterManager.js","statementMap":{"0":{"start":{"line":7,"column":17},"end":{"line":12,"column":1}},"1":{"start":{"line":8,"column":12},"end":{"line":8,"column":28}},"2":{"start":{"line":8,"column":34},"end":{"line":8,"column":125}},"3":{"start":{"line":9,"column":4},"end":{"line":10,"column":150}},"4":{"start":{"line":9,"column":79},"end":{"line":9,"column":131}},"5":{"start":{"line":10,"column":9},"end":{"line":10,"column":150}},"6":{"start":{"line":10,"column":22},"end":{"line":10,"column":43}},"7":{"start":{"line":10,"column":58},"end":{"line":10,"column":150}},"8":{"start":{"line":10,"column":81},"end":{"line":10,"column":150}},"9":{"start":{"line":11,"column":4},"end":{"line":11,"column":66}},"10":{"start":{"line":14,"column":0},"end":{"line":14,"column":62}},"11":{"start":{"line":15,"column":0},"end":{"line":15,"column":13}},"12":{"start":{"line":16,"column":25},"end":{"line":16,"column":61}},"13":{"start":{"line":17,"column":20},"end":{"line":17,"column":40}},"14":{"start":{"line":18,"column":17},"end":{"line":18,"column":34}},"15":{"start":{"line":19,"column":16},"end":{"line":19,"column":49}},"16":{"start":{"line":20,"column":15},"end":{"line":20,"column":32}},"17":{"start":{"line":21,"column":20},"end":{"line":21,"column":50}},"18":{"start":{"line":22,"column":15},"end":{"line":22,"column":40}},"19":{"start":{"line":23,"column":20},"end":{"line":23,"column":50}},"20":{"start":{"line":24,"column":15},"end":{"line":24,"column":40}},"21":{"start":{"line":25,"column":40},"end":{"line":25,"column":92}},"22":{"start":{"line":26,"column":22},"end":{"line":26,"column":47}},"23":{"start":{"line":27,"column":23},"end":{"line":27,"column":56}},"24":{"start":{"line":29,"column":4},"end":{"line":29,"column":54}},"25":{"start":{"line":31,"column":0},"end":{"line":31,"column":52}},"26":{"start":{"line":33,"column":4},"end":{"line":33,"column":51}},"27":{"start":{"line":35,"column":0},"end":{"line":35,"column":40}},"28":{"start":{"line":39,"column":21},"end":{"line":299,"column":1}},"29":{"start":{"line":44,"column":8},"end":{"line":44,"column":28}},"30":{"start":{"line":45,"column":8},"end":{"line":45,"column":60}},"31":{"start":{"line":46,"column":8},"end":{"line":46,"column":57}},"32":{"start":{"line":47,"column":8},"end":{"line":47,"column":45}},"33":{"start":{"line":48,"column":8},"end":{"line":48,"column":65}},"34":{"start":{"line":51,"column":8},"end":{"line":51,"column":39}},"35":{"start":{"line":54,"column":8},"end":{"line":68,"column":12}},"36":{"start":{"line":54,"column":111},"end":{"line":54,"column":121}},"37":{"start":{"line":55,"column":12},"end":{"line":60,"column":13}},"38":{"start":{"line":56,"column":16},"end":{"line":56,"column":44}},"39":{"start":{"line":59,"column":16},"end":{"line":59,"column":51}},"40":{"start":{"line":62,"column":12},"end":{"line":67,"column":13}},"41":{"start":{"line":63,"column":16},"end":{"line":63,"column":46}},"42":{"start":{"line":66,"column":16},"end":{"line":66,"column":53}},"43":{"start":{"line":69,"column":8},"end":{"line":69,"column":113}},"44":{"start":{"line":70,"column":8},"end":{"line":76,"column":9}},"45":{"start":{"line":71,"column":12},"end":{"line":71,"column":47}},"46":{"start":{"line":72,"column":12},"end":{"line":72,"column":47}},"47":{"start":{"line":75,"column":12},"end":{"line":75,"column":86}},"48":{"start":{"line":79,"column":8},"end":{"line":81,"column":9}},"49":{"start":{"line":80,"column":12},"end":{"line":80,"column":55}},"50":{"start":{"line":82,"column":31},"end":{"line":82,"column":114}},"51":{"start":{"line":83,"column":8},"end":{"line":85,"column":9}},"52":{"start":{"line":84,"column":12},"end":{"line":84,"column":33}},"53":{"start":{"line":88,"column":22},"end":{"line":88,"column":26}},"54":{"start":{"line":89,"column":21},"end":{"line":89,"column":23}},"55":{"start":{"line":90,"column":8},"end":{"line":109,"column":11}},"56":{"start":{"line":91,"column":12},"end":{"line":108,"column":13}},"57":{"start":{"line":92,"column":16},"end":{"line":92,"column":31}},"58":{"start":{"line":93,"column":28},"end":{"line":93,"column":124}},"59":{"start":{"line":94,"column":16},"end":{"line":107,"column":20}},"60":{"start":{"line":97,"column":20},"end":{"line":97,"column":51}},"61":{"start":{"line":100,"column":34},"end":{"line":100,"column":55}},"62":{"start":{"line":101,"column":20},"end":{"line":106,"column":21}},"63":{"start":{"line":102,"column":24},"end":{"line":102,"column":55}},"64":{"start":{"line":105,"column":24},"end":{"line":105,"column":55}},"65":{"start":{"line":110,"column":8},"end":{"line":112,"column":9}},"66":{"start":{"line":111,"column":12},"end":{"line":111,"column":72}},"67":{"start":{"line":111,"column":53},"end":{"line":111,"column":70}},"68":{"start":{"line":115,"column":8},"end":{"line":151,"column":9}},"69":{"start":{"line":116,"column":25},"end":{"line":118,"column":14}},"70":{"start":{"line":119,"column":32},"end":{"line":119,"column":65}},"71":{"start":{"line":120,"column":12},"end":{"line":147,"column":13}},"72":{"start":{"line":121,"column":34},"end":{"line":131,"column":18}},"73":{"start":{"line":122,"column":37},"end":{"line":124,"column":94}},"74":{"start":{"line":125,"column":20},"end":{"line":130,"column":21}},"75":{"start":{"line":126,"column":24},"end":{"line":126,"column":46}},"76":{"start":{"line":127,"column":24},"end":{"line":127,"column":43}},"77":{"start":{"line":128,"column":24},"end":{"line":128,"column":53}},"78":{"start":{"line":129,"column":24},"end":{"line":129,"column":81}},"79":{"start":{"line":132,"column":35},"end":{"line":132,"column":50}},"80":{"start":{"line":133,"column":16},"end":{"line":143,"column":17}},"81":{"start":{"line":134,"column":20},"end":{"line":137,"column":23}},"82":{"start":{"line":138,"column":37},"end":{"line":138,"column":80}},"83":{"start":{"line":139,"column":20},"end":{"line":139,"column":50}},"84":{"start":{"line":142,"column":20},"end":{"line":142,"column":79}},"85":{"start":{"line":144,"column":16},"end":{"line":144,"column":50}},"86":{"start":{"line":145,"column":16},"end":{"line":145,"column":45}},"87":{"start":{"line":146,"column":16},"end":{"line":146,"column":45}},"88":{"start":{"line":150,"column":12},"end":{"line":150,"column":31}},"89":{"start":{"line":154,"column":21},"end":{"line":165,"column":10}},"90":{"start":{"line":157,"column":16},"end":{"line":159,"column":17}},"91":{"start":{"line":158,"column":20},"end":{"line":158,"column":63}},"92":{"start":{"line":160,"column":16},"end":{"line":162,"column":17}},"93":{"start":{"line":161,"column":20},"end":{"line":161,"column":69}},"94":{"start":{"line":163,"column":16},"end":{"line":163,"column":26}},"95":{"start":{"line":166,"column":8},"end":{"line":168,"column":9}},"96":{"start":{"line":167,"column":12},"end":{"line":167,"column":19}},"97":{"start":{"line":169,"column":25},"end":{"line":169,"column":29}},"98":{"start":{"line":170,"column":24},"end":{"line":170,"column":67}},"99":{"start":{"line":171,"column":8},"end":{"line":194,"column":9}},"100":{"start":{"line":172,"column":12},"end":{"line":190,"column":16}},"101":{"start":{"line":176,"column":48},"end":{"line":190,"column":14}},"102":{"start":{"line":177,"column":28},"end":{"line":177,"column":116}},"103":{"start":{"line":178,"column":16},"end":{"line":181,"column":19}},"104":{"start":{"line":179,"column":20},"end":{"line":179,"column":32}},"105":{"start":{"line":180,"column":20},"end":{"line":180,"column":29}},"106":{"start":{"line":182,"column":16},"end":{"line":189,"column":19}},"107":{"start":{"line":183,"column":36},"end":{"line":183,"column":116}},"108":{"start":{"line":184,"column":20},"end":{"line":187,"column":23}},"109":{"start":{"line":185,"column":24},"end":{"line":185,"column":40}},"110":{"start":{"line":186,"column":24},"end":{"line":186,"column":33}},"111":{"start":{"line":188,"column":20},"end":{"line":188,"column":92}},"112":{"start":{"line":188,"column":41},"end":{"line":188,"column":63}},"113":{"start":{"line":188,"column":64},"end":{"line":188,"column":74}},"114":{"start":{"line":193,"column":12},"end":{"line":193,"column":31}},"115":{"start":{"line":195,"column":8},"end":{"line":195,"column":72}},"116":{"start":{"line":197,"column":8},"end":{"line":226,"column":9}},"117":{"start":{"line":198,"column":12},"end":{"line":210,"column":16}},"118":{"start":{"line":202,"column":49},"end":{"line":210,"column":14}},"119":{"start":{"line":203,"column":28},"end":{"line":204,"column":147}},"120":{"start":{"line":205,"column":16},"end":{"line":208,"column":19}},"121":{"start":{"line":206,"column":20},"end":{"line":206,"column":32}},"122":{"start":{"line":207,"column":20},"end":{"line":207,"column":29}},"123":{"start":{"line":209,"column":16},"end":{"line":209,"column":48}},"124":{"start":{"line":211,"column":12},"end":{"line":211,"column":43}},"125":{"start":{"line":214,"column":12},"end":{"line":225,"column":13}},"126":{"start":{"line":215,"column":30},"end":{"line":215,"column":57}},"127":{"start":{"line":216,"column":16},"end":{"line":221,"column":17}},"128":{"start":{"line":217,"column":20},"end":{"line":217,"column":51}},"129":{"start":{"line":220,"column":20},"end":{"line":220,"column":51}},"130":{"start":{"line":224,"column":16},"end":{"line":224,"column":47}},"131":{"start":{"line":227,"column":8},"end":{"line":227,"column":65}},"132":{"start":{"line":230,"column":8},"end":{"line":247,"column":9}},"133":{"start":{"line":231,"column":12},"end":{"line":231,"column":32}},"134":{"start":{"line":232,"column":12},"end":{"line":232,"column":60}},"135":{"start":{"line":233,"column":12},"end":{"line":233,"column":71}},"136":{"start":{"line":234,"column":12},"end":{"line":234,"column":52}},"137":{"start":{"line":235,"column":12},"end":{"line":235,"column":47}},"138":{"start":{"line":236,"column":12},"end":{"line":236,"column":53}},"139":{"start":{"line":237,"column":12},"end":{"line":237,"column":59}},"140":{"start":{"line":240,"column":12},"end":{"line":240,"column":32}},"141":{"start":{"line":241,"column":12},"end":{"line":241,"column":53}},"142":{"start":{"line":242,"column":12},"end":{"line":242,"column":61}},"143":{"start":{"line":243,"column":12},"end":{"line":243,"column":49}},"144":{"start":{"line":244,"column":12},"end":{"line":244,"column":47}},"145":{"start":{"line":245,"column":12},"end":{"line":245,"column":53}},"146":{"start":{"line":246,"column":12},"end":{"line":246,"column":55}},"147":{"start":{"line":248,"column":8},"end":{"line":248,"column":48}},"148":{"start":{"line":251,"column":25},"end":{"line":251,"column":78}},"149":{"start":{"line":252,"column":27},"end":{"line":252,"column":138}},"150":{"start":{"line":253,"column":8},"end":{"line":257,"column":9}},"151":{"start":{"line":254,"column":12},"end":{"line":254,"column":55}},"152":{"start":{"line":255,"column":12},"end":{"line":255,"column":66}},"153":{"start":{"line":256,"column":12},"end":{"line":256,"column":30}},"154":{"start":{"line":260,"column":8},"end":{"line":260,"column":48}},"155":{"start":{"line":261,"column":8},"end":{"line":261,"column":64}},"156":{"start":{"line":262,"column":8},"end":{"line":262,"column":26}},"157":{"start":{"line":265,"column":8},"end":{"line":265,"column":93}},"158":{"start":{"line":266,"column":8},"end":{"line":266,"column":120}},"159":{"start":{"line":269,"column":8},"end":{"line":271,"column":9}},"160":{"start":{"line":270,"column":12},"end":{"line":270,"column":21}},"161":{"start":{"line":272,"column":8},"end":{"line":278,"column":11}},"162":{"start":{"line":273,"column":25},"end":{"line":273,"column":54}},"163":{"start":{"line":274,"column":12},"end":{"line":277,"column":14}},"164":{"start":{"line":281,"column":39},"end":{"line":281,"column":57}},"165":{"start":{"line":282,"column":8},"end":{"line":282,"column":54}},"166":{"start":{"line":283,"column":23},"end":{"line":283,"column":94}},"167":{"start":{"line":284,"column":8},"end":{"line":296,"column":9}},"168":{"start":{"line":286,"column":35},"end":{"line":286,"column":149}},"169":{"start":{"line":287,"column":16},"end":{"line":290,"column":17}},"170":{"start":{"line":288,"column":20},"end":{"line":288,"column":52}},"171":{"start":{"line":289,"column":20},"end":{"line":289,"column":38}},"172":{"start":{"line":291,"column":16},"end":{"line":291,"column":22}},"173":{"start":{"line":295,"column":16},"end":{"line":295,"column":22}},"174":{"start":{"line":297,"column":8},"end":{"line":297,"column":56}},"175":{"start":{"line":300,"column":0},"end":{"line":300,"column":41}},"176":{"start":{"line":301,"column":0},"end":{"line":304,"column":2}},"177":{"start":{"line":305,"column":0},"end":{"line":317,"column":2}},"178":{"start":{"line":318,"column":0},"end":{"line":320,"column":19}},"179":{"start":{"line":321,"column":0},"end":{"line":321,"column":40}}},"fnMap":{"0":{"name":"(anonymous_0)","decl":{"start":{"line":7,"column":46},"end":{"line":7,"column":47}},"loc":{"start":{"line":7,"column":87},"end":{"line":12,"column":1}},"line":7},"1":{"name":"getClusterIdentifier","decl":{"start":{"line":28,"column":9},"end":{"line":28,"column":29}},"loc":{"start":{"line":28,"column":36},"end":{"line":30,"column":1}},"line":28},"2":{"name":"getClusterName","decl":{"start":{"line":32,"column":9},"end":{"line":32,"column":23}},"loc":{"start":{"line":32,"column":30},"end":{"line":34,"column":1}},"line":32},"3":{"name":"(anonymous_3)","decl":{"start":{"line":43,"column":4},"end":{"line":43,"column":5}},"loc":{"start":{"line":43,"column":18},"end":{"line":49,"column":5}},"line":43},"4":{"name":"(anonymous_4)","decl":{"start":{"line":50,"column":4},"end":{"line":50,"column":5}},"loc":{"start":{"line":50,"column":28},"end":{"line":52,"column":5}},"line":50},"5":{"name":"(anonymous_5)","decl":{"start":{"line":53,"column":4},"end":{"line":53,"column":5}},"loc":{"start":{"line":53,"column":23},"end":{"line":77,"column":5}},"line":53},"6":{"name":"(anonymous_6)","decl":{"start":{"line":54,"column":105},"end":{"line":54,"column":106}},"loc":{"start":{"line":54,"column":111},"end":{"line":54,"column":121}},"line":54},"7":{"name":"(anonymous_7)","decl":{"start":{"line":54,"column":190},"end":{"line":54,"column":191}},"loc":{"start":{"line":54,"column":206},"end":{"line":61,"column":9}},"line":54},"8":{"name":"(anonymous_8)","decl":{"start":{"line":61,"column":80},"end":{"line":61,"column":81}},"loc":{"start":{"line":61,"column":96},"end":{"line":68,"column":9}},"line":61},"9":{"name":"(anonymous_9)","decl":{"start":{"line":78,"column":4},"end":{"line":78,"column":5}},"loc":{"start":{"line":78,"column":34},"end":{"line":86,"column":5}},"line":78},"10":{"name":"(anonymous_10)","decl":{"start":{"line":87,"column":4},"end":{"line":87,"column":5}},"loc":{"start":{"line":87,"column":34},"end":{"line":113,"column":5}},"line":87},"11":{"name":"(anonymous_11)","decl":{"start":{"line":90,"column":40},"end":{"line":90,"column":41}},"loc":{"start":{"line":90,"column":61},"end":{"line":109,"column":9}},"line":90},"12":{"name":"(anonymous_12)","decl":{"start":{"line":96,"column":26},"end":{"line":96,"column":27}},"loc":{"start":{"line":96,"column":32},"end":{"line":98,"column":17}},"line":96},"13":{"name":"(anonymous_13)","decl":{"start":{"line":99,"column":27},"end":{"line":99,"column":28}},"loc":{"start":{"line":99,"column":36},"end":{"line":107,"column":17}},"line":99},"14":{"name":"(anonymous_14)","decl":{"start":{"line":111,"column":41},"end":{"line":111,"column":42}},"loc":{"start":{"line":111,"column":53},"end":{"line":111,"column":70}},"line":111},"15":{"name":"(anonymous_15)","decl":{"start":{"line":114,"column":4},"end":{"line":114,"column":5}},"loc":{"start":{"line":114,"column":39},"end":{"line":152,"column":5}},"line":114},"16":{"name":"(anonymous_16)","decl":{"start":{"line":121,"column":136},"end":{"line":121,"column":137}},"loc":{"start":{"line":121,"column":148},"end":{"line":131,"column":17}},"line":121},"17":{"name":"(anonymous_17)","decl":{"start":{"line":153,"column":4},"end":{"line":153,"column":5}},"loc":{"start":{"line":153,"column":16},"end":{"line":228,"column":5}},"line":153},"18":{"name":"(anonymous_18)","decl":{"start":{"line":156,"column":27},"end":{"line":156,"column":28}},"loc":{"start":{"line":156,"column":36},"end":{"line":164,"column":13}},"line":156},"19":{"name":"(anonymous_19)","decl":{"start":{"line":176,"column":15},"end":{"line":176,"column":16}},"loc":{"start":{"line":176,"column":48},"end":{"line":190,"column":14}},"line":176},"20":{"name":"(anonymous_20)","decl":{"start":{"line":176,"column":60},"end":{"line":176,"column":61}},"loc":{"start":{"line":176,"column":81},"end":{"line":190,"column":13}},"line":176},"21":{"name":"(anonymous_21)","decl":{"start":{"line":178,"column":58},"end":{"line":178,"column":59}},"loc":{"start":{"line":178,"column":64},"end":{"line":181,"column":17}},"line":178},"22":{"name":"(anonymous_22)","decl":{"start":{"line":182,"column":40},"end":{"line":182,"column":41}},"loc":{"start":{"line":182,"column":46},"end":{"line":189,"column":17}},"line":182},"23":{"name":"(anonymous_23)","decl":{"start":{"line":184,"column":62},"end":{"line":184,"column":63}},"loc":{"start":{"line":184,"column":68},"end":{"line":187,"column":21}},"line":184},"24":{"name":"(anonymous_24)","decl":{"start":{"line":188,"column":33},"end":{"line":188,"column":34}},"loc":{"start":{"line":188,"column":39},"end":{"line":188,"column":76}},"line":188},"25":{"name":"(anonymous_25)","decl":{"start":{"line":202,"column":15},"end":{"line":202,"column":16}},"loc":{"start":{"line":202,"column":49},"end":{"line":210,"column":14}},"line":202},"26":{"name":"(anonymous_26)","decl":{"start":{"line":202,"column":61},"end":{"line":202,"column":62}},"loc":{"start":{"line":202,"column":82},"end":{"line":210,"column":13}},"line":202},"27":{"name":"(anonymous_27)","decl":{"start":{"line":205,"column":58},"end":{"line":205,"column":59}},"loc":{"start":{"line":205,"column":64},"end":{"line":208,"column":17}},"line":205},"28":{"name":"(anonymous_28)","decl":{"start":{"line":229,"column":4},"end":{"line":229,"column":5}},"loc":{"start":{"line":229,"column":63},"end":{"line":249,"column":5}},"line":229},"29":{"name":"(anonymous_29)","decl":{"start":{"line":250,"column":4},"end":{"line":250,"column":5}},"loc":{"start":{"line":250,"column":74},"end":{"line":258,"column":5}},"line":250},"30":{"name":"(anonymous_30)","decl":{"start":{"line":259,"column":4},"end":{"line":259,"column":5}},"loc":{"start":{"line":259,"column":24},"end":{"line":263,"column":5}},"line":259},"31":{"name":"(anonymous_31)","decl":{"start":{"line":264,"column":4},"end":{"line":264,"column":5}},"loc":{"start":{"line":264,"column":17},"end":{"line":267,"column":5}},"line":264},"32":{"name":"(anonymous_32)","decl":{"start":{"line":268,"column":4},"end":{"line":268,"column":5}},"loc":{"start":{"line":268,"column":17},"end":{"line":279,"column":5}},"line":268},"33":{"name":"(anonymous_33)","decl":{"start":{"line":272,"column":119},"end":{"line":272,"column":120}},"loc":{"start":{"line":272,"column":130},"end":{"line":278,"column":9}},"line":272},"34":{"name":"(anonymous_34)","decl":{"start":{"line":280,"column":4},"end":{"line":280,"column":5}},"loc":{"start":{"line":280,"column":38},"end":{"line":298,"column":5}},"line":280}},"branchMap":{"0":{"loc":{"start":{"line":7,"column":17},"end":{"line":12,"column":1}},"type":"binary-expr","locations":[{"start":{"line":7,"column":18},"end":{"line":7,"column":22}},{"start":{"line":7,"column":26},"end":{"line":7,"column":41}},{"start":{"line":7,"column":46},"end":{"line":12,"column":1}}],"line":7},"1":{"loc":{"start":{"line":8,"column":34},"end":{"line":8,"column":125}},"type":"cond-expr","locations":[{"start":{"line":8,"column":42},"end":{"line":8,"column":48}},{"start":{"line":8,"column":51},"end":{"line":8,"column":125}}],"line":8},"2":{"loc":{"start":{"line":8,"column":51},"end":{"line":8,"column":125}},"type":"cond-expr","locations":[{"start":{"line":8,"column":67},"end":{"line":8,"column":118}},{"start":{"line":8,"column":121},"end":{"line":8,"column":125}}],"line":8},"3":{"loc":{"start":{"line":9,"column":4},"end":{"line":10,"column":150}},"type":"if","locations":[{"start":{"line":9,"column":4},"end":{"line":10,"column":150}},{"start":{"line":9,"column":4},"end":{"line":10,"column":150}}],"line":9},"4":{"loc":{"start":{"line":9,"column":8},"end":{"line":9,"column":77}},"type":"binary-expr","locations":[{"start":{"line":9,"column":8},"end":{"line":9,"column":35}},{"start":{"line":9,"column":39},"end":{"line":9,"column":77}}],"line":9},"5":{"loc":{"start":{"line":10,"column":58},"end":{"line":10,"column":150}},"type":"if","locations":[{"start":{"line":10,"column":58},"end":{"line":10,"column":150}},{"start":{"line":10,"column":58},"end":{"line":10,"column":150}}],"line":10},"6":{"loc":{"start":{"line":10,"column":85},"end":{"line":10,"column":149}},"type":"binary-expr","locations":[{"start":{"line":10,"column":86},"end":{"line":10,"column":143}},{"start":{"line":10,"column":148},"end":{"line":10,"column":149}}],"line":10},"7":{"loc":{"start":{"line":10,"column":86},"end":{"line":10,"column":143}},"type":"cond-expr","locations":[{"start":{"line":10,"column":94},"end":{"line":10,"column":98}},{"start":{"line":10,"column":101},"end":{"line":10,"column":143}}],"line":10},"8":{"loc":{"start":{"line":10,"column":101},"end":{"line":10,"column":143}},"type":"cond-expr","locations":[{"start":{"line":10,"column":109},"end":{"line":10,"column":126}},{"start":{"line":10,"column":129},"end":{"line":10,"column":143}}],"line":10},"9":{"loc":{"start":{"line":11,"column":11},"end":{"line":11,"column":62}},"type":"binary-expr","locations":[{"start":{"line":11,"column":11},"end":{"line":11,"column":16}},{"start":{"line":11,"column":20},"end":{"line":11,"column":21}},{"start":{"line":11,"column":25},"end":{"line":11,"column":62}}],"line":11},"10":{"loc":{"start":{"line":33,"column":11},"end":{"line":33,"column":50}},"type":"binary-expr","locations":[{"start":{"line":33,"column":11},"end":{"line":33,"column":20}},{"start":{"line":33,"column":24},"end":{"line":33,"column":50}}],"line":33},"11":{"loc":{"start":{"line":55,"column":12},"end":{"line":60,"column":13}},"type":"if","locations":[{"start":{"line":55,"column":12},"end":{"line":60,"column":13}},{"start":{"line":55,"column":12},"end":{"line":60,"column":13}}],"line":55},"12":{"loc":{"start":{"line":62,"column":12},"end":{"line":67,"column":13}},"type":"if","locations":[{"start":{"line":62,"column":12},"end":{"line":67,"column":13}},{"start":{"line":62,"column":12},"end":{"line":67,"column":13}}],"line":62},"13":{"loc":{"start":{"line":69,"column":29},"end":{"line":69,"column":112}},"type":"binary-expr","locations":[{"start":{"line":69,"column":29},"end":{"line":69,"column":84}},{"start":{"line":69,"column":88},"end":{"line":69,"column":112}}],"line":69},"14":{"loc":{"start":{"line":79,"column":8},"end":{"line":81,"column":9}},"type":"if","locations":[{"start":{"line":79,"column":8},"end":{"line":81,"column":9}},{"start":{"line":79,"column":8},"end":{"line":81,"column":9}}],"line":79},"15":{"loc":{"start":{"line":83,"column":8},"end":{"line":85,"column":9}},"type":"if","locations":[{"start":{"line":83,"column":8},"end":{"line":85,"column":9}},{"start":{"line":83,"column":8},"end":{"line":85,"column":9}}],"line":83},"16":{"loc":{"start":{"line":91,"column":12},"end":{"line":108,"column":13}},"type":"if","locations":[{"start":{"line":91,"column":12},"end":{"line":108,"column":13}},{"start":{"line":91,"column":12},"end":{"line":108,"column":13}}],"line":91},"17":{"loc":{"start":{"line":101,"column":20},"end":{"line":106,"column":21}},"type":"if","locations":[{"start":{"line":101,"column":20},"end":{"line":106,"column":21}},{"start":{"line":101,"column":20},"end":{"line":106,"column":21}}],"line":101},"18":{"loc":{"start":{"line":110,"column":8},"end":{"line":112,"column":9}},"type":"if","locations":[{"start":{"line":110,"column":8},"end":{"line":112,"column":9}},{"start":{"line":110,"column":8},"end":{"line":112,"column":9}}],"line":110},"19":{"loc":{"start":{"line":120,"column":12},"end":{"line":147,"column":13}},"type":"if","locations":[{"start":{"line":120,"column":12},"end":{"line":147,"column":13}},{"start":{"line":120,"column":12},"end":{"line":147,"column":13}}],"line":120},"20":{"loc":{"start":{"line":125,"column":20},"end":{"line":130,"column":21}},"type":"if","locations":[{"start":{"line":125,"column":20},"end":{"line":130,"column":21}},{"start":{"line":125,"column":20},"end":{"line":130,"column":21}}],"line":125},"21":{"loc":{"start":{"line":157,"column":16},"end":{"line":159,"column":17}},"type":"if","locations":[{"start":{"line":157,"column":16},"end":{"line":159,"column":17}},{"start":{"line":157,"column":16},"end":{"line":159,"column":17}}],"line":157},"22":{"loc":{"start":{"line":160,"column":16},"end":{"line":162,"column":17}},"type":"if","locations":[{"start":{"line":160,"column":16},"end":{"line":162,"column":17}},{"start":{"line":160,"column":16},"end":{"line":162,"column":17}}],"line":160},"23":{"loc":{"start":{"line":166,"column":8},"end":{"line":168,"column":9}},"type":"if","locations":[{"start":{"line":166,"column":8},"end":{"line":168,"column":9}},{"start":{"line":166,"column":8},"end":{"line":168,"column":9}}],"line":166},"24":{"loc":{"start":{"line":216,"column":16},"end":{"line":221,"column":17}},"type":"if","locations":[{"start":{"line":216,"column":16},"end":{"line":221,"column":17}},{"start":{"line":216,"column":16},"end":{"line":221,"column":17}}],"line":216},"25":{"loc":{"start":{"line":230,"column":8},"end":{"line":247,"column":9}},"type":"if","locations":[{"start":{"line":230,"column":8},"end":{"line":247,"column":9}},{"start":{"line":230,"column":8},"end":{"line":247,"column":9}}],"line":230},"26":{"loc":{"start":{"line":250,"column":22},"end":{"line":250,"column":72}},"type":"default-arg","locations":[{"start":{"line":250,"column":45},"end":{"line":250,"column":72}}],"line":250},"27":{"loc":{"start":{"line":251,"column":25},"end":{"line":251,"column":78}},"type":"binary-expr","locations":[{"start":{"line":251,"column":25},"end":{"line":251,"column":54}},{"start":{"line":251,"column":58},"end":{"line":251,"column":78}}],"line":251},"28":{"loc":{"start":{"line":253,"column":8},"end":{"line":257,"column":9}},"type":"if","locations":[{"start":{"line":253,"column":8},"end":{"line":257,"column":9}},{"start":{"line":253,"column":8},"end":{"line":257,"column":9}}],"line":253},"29":{"loc":{"start":{"line":269,"column":8},"end":{"line":271,"column":9}},"type":"if","locations":[{"start":{"line":269,"column":8},"end":{"line":271,"column":9}},{"start":{"line":269,"column":8},"end":{"line":271,"column":9}}],"line":269},"30":{"loc":{"start":{"line":284,"column":8},"end":{"line":296,"column":9}},"type":"switch","locations":[{"start":{"line":285,"column":12},"end":{"line":291,"column":22}},{"start":{"line":292,"column":12},"end":{"line":292,"column":30}},{"start":{"line":293,"column":12},"end":{"line":293,"column":27}},{"start":{"line":294,"column":12},"end":{"line":295,"column":22}}],"line":284},"31":{"loc":{"start":{"line":287,"column":16},"end":{"line":290,"column":17}},"type":"if","locations":[{"start":{"line":287,"column":16},"end":{"line":290,"column":17}},{"start":{"line":287,"column":16},"end":{"line":290,"column":17}}],"line":287}},"s":{"0":1,"1":1,"2":1,"3":1,"4":1,"5":0,"6":0,"7":0,"8":0,"9":1,"10":1,"11":1,"12":1,"13":1,"14":1,"15":1,"16":1,"17":1,"18":1,"19":1,"20":1,"21":1,"22":1,"23":1,"24":0,"25":1,"26":0,"27":1,"28":1,"29":0,"30":0,"31":0,"32":0,"33":0,"34":0,"35":0,"36":0,"37":0,"38":0,"39":0,"40":0,"41":0,"42":0,"43":0,"44":0,"45":0,"46":0,"47":0,"48":0,"49":0,"50":0,"51":0,"52":0,"53":0,"54":0,"55":0,"56":0,"57":0,"58":0,"59":0,"60":0,"61":0,"62":0,"63":0,"64":0,"65":0,"66":0,"67":0,"68":0,"69":0,"70":0,"71":0,"72":0,"73":0,"74":0,"75":0,"76":0,"77":0,"78":0,"79":0,"80":0,"81":0,"82":0,"83":0,"84":0,"85":0,"86":0,"87":0,"88":0,"89":0,"90":0,"91":0,"92":0,"93":0,"94":0,"95":0,"96":0,"97":0,"98":0,"99":0,"100":0,"101":0,"102":0,"103":0,"104":0,"105":0,"106":0,"107":0,"108":0,"109":0,"110":0,"111":0,"112":0,"113":0,"114":0,"115":0,"116":0,"117":0,"118":0,"119":0,"120":0,"121":0,"122":0,"123":0,"124":0,"125":0,"126":0,"127":0,"128":0,"129":0,"130":0,"131":0,"132":0,"133":0,"134":0,"135":0,"136":0,"137":0,"138":0,"139":0,"140":0,"141":0,"142":0,"143":0,"144":0,"145":0,"146":0,"147":0,"148":0,"149":0,"150":0,"151":0,"152":0,"153":0,"154":0,"155":0,"156":0,"157":0,"158":0,"159":0,"160":0,"161":0,"162":0,"163":0,"164":0,"165":0,"166":0,"167":0,"168":0,"169":0,"170":0,"171":0,"172":0,"173":0,"174":0,"175":1,"176":1,"177":1,"178":1,"179":1},"f":{"0":1,"1":0,"2":0,"3":0,"4":0,"5":0,"6":0,"7":0,"8":0,"9":0,"10":0,"11":0,"12":0,"13":0,"14":0,"15":0,"16":0,"17":0,"18":0,"19":0,"20":0,"21":0,"22":0,"23":0,"24":0,"25":0,"26":0,"27":0,"28":0,"29":0,"30":0,"31":0,"32":0,"33":0,"34":0},"b":{"0":[1,1,1],"1":[1,0],"2":[0,0],"3":[1,0],"4":[1,1],"5":[0,0],"6":[0,0],"7":[0,0],"8":[0,0],"9":[1,0,0],"10":[0,0],"11":[0,0],"12":[0,0],"13":[0,0],"14":[0,0],"15":[0,0],"16":[0,0],"17":[0,0],"18":[0,0],"19":[0,0],"20":[0,0],"21":[0,0],"22":[0,0],"23":[0,0],"24":[0,0],"25":[0,0],"26":[0],"27":[0,0],"28":[0,0],"29":[0,0],"30":[0,0,0,0],"31":[0,0]},"inputSourceMap":{"version":3,"file":"clusterManager.js","sourceRoot":"","sources":["../../src/pai/clusterManager.ts"],"names":[],"mappings":";AAAA;;;;GAIG;;;;;;;;;;AAEH,8DAAkD;AAClD,yCAAuC;AACvC,mCAAsC;AACtC,kDAAkD;AAClD,iCAAiC;AAEjC,mDACkG;AAClG,yCAAoC;AACpC,mDAA8D;AAC9D,yCAAsC;AAEtC,6FAA+H;AAG/H,gDAAiD,CAAC,sBAAsB;AACxE,yDAA+C;AAc/C,SAAgB,oBAAoB,CAAC,IAAiB;IAClD,OAAO,GAAG,IAAI,CAAC,QAAQ,IAAI,IAAI,CAAC,eAAe,EAAE,CAAC;AACtD,CAAC;AAFD,oDAEC;AAED,SAAgB,cAAc,CAAC,IAAiB;IAC5C,OAAO,IAAI,CAAC,IAAI,IAAI,oBAAoB,CAAC,IAAI,CAAC,CAAC;AACnD,CAAC;AAFD,wCAEC;AAED;;GAEG;AAEH,IAAa,cAAc,sBAA3B,MAAa,cAAe,SAAQ,qBAAS;IAJ7C;;OAEG;IACH;;QAqBY,uBAAkB,GAA8C,IAAI,MAAM,CAAC,YAAY,EAAwB,CAAC;QACjH,gBAAW,GAAuC,IAAI,CAAC,kBAAkB,CAAC,KAAK,CAAC,CAAC,sBAAsB;QAE7F,SAAI,GAAW,SAAE,CAAC,aAAa,CAAC,CAAC;QACjC,YAAO,GAAW,SAAE,CAAC,8BAA8B,CAAC,CAAC;IAkS1E,CAAC;IA9RG,IAAW,iBAAiB;QACxB,OAAO,IAAI,CAAC,aAAc,CAAC,IAAI,CAAC;IACpC,CAAC;IAEM,KAAK,CAAC,UAAU;QACnB,IAAI,CAAC,OAAO,CAAC,aAAa,CAAC,IAAI,CAC3B,MAAM,CAAC,QAAQ,CAAC,eAAe,CAAC,+BAAmB,EAAE,GAAG,EAAE,CAAC,IAAI,CAAC,GAAG,EAAE,CAAC,EACtE,MAAM,CAAC,QAAQ,CAAC,eAAe,CAAC,gCAAoB,EAAE,KAAK,EAAE,IAA0C,EAAE,EAAE;YACvG,IAAI,IAAI,YAAY,wDAAwB,EAAE;gBAC1C,MAAM,IAAI,CAAC,IAAI,CAAC,IAAI,CAAC,KAAK,CAAC,CAAC;aAC/B;iBAAM;gBACH,MAAM,IAAI,CAAC,IAAI,CAAC,IAAI,CAAC,YAAY,CAAC,CAAC;aACtC;QACL,CAAC,CAAC,EACF,MAAM,CAAC,QAAQ,CAAC,eAAe,CAAC,kCAAsB,EAAE,KAAK,EAAE,IAA0C,EAAE,EAAE;YACzG,IAAI,IAAI,YAAY,wDAAwB,EAAE;gBAC1C,MAAM,IAAI,CAAC,MAAM,CAAC,IAAI,CAAC,KAAK,CAAC,CAAC;aACjC;iBAAM;gBACH,MAAM,IAAI,CAAC,MAAM,CAAC,IAAI,CAAC,YAAY,CAAC,CAAC;aACxC;QACL,CAAC,CAAC,CACL,CAAC;QACF,IAAI,CAAC,aAAa,GAAG,IAAI,CAAC,OAAO,CAAC,WAAW,CAAC,GAAG,CAAiB,gBAAc,CAAC,QAAQ,CAAC,IAAI,gBAAc,CAAC,OAAO,CAAC;QACrH,IAAI;YACA,MAAM,IAAI,CAAC,qBAAqB,EAAE,CAAC;YACnC,MAAM,IAAI,CAAC,qBAAqB,EAAE,CAAC;SACtC;QAAC,OAAO,EAAE,EAAE;YACT,MAAM,IAAI,CAAC,mBAAmB,CAAC,SAAE,CAAC,wBAAwB,EAAE,CAAC,EAAE,CAAC,CAAC,CAAC,CAAC;SACtE;IACL,CAAC;IAEM,KAAK,CAAC,qBAAqB;QAC9B,IAAI,aAAa,CAAC,gBAAc,CAAC,OAAO,CAAC,OAAO,EAAE,IAAI,CAAC,aAAc,CAAC,OAAO,CAAC,GAAG,CAAC,EAAE;YAChF,MAAM,SAAE,CAAC,yBAAyB,CAAC,CAAC;SACvC;QACD,MAAM,cAAc,GAAuB,MAAM,WAAI,CAAC,YAAY,CAAC,IAAI,CAAC,aAAc,EAAE,+BAA+B,CAAC,CAAC;QACzH,IAAI,cAAc,EAAE;YAChB,MAAM,cAAc,CAAC;SACxB;IACL,CAAC;IAEM,KAAK,CAAC,qBAAqB;QAC9B,IAAI,OAAO,GAAY,IAAI,CAAC;QAC5B,MAAM,IAAI,GAAmB,EAAE,CAAC;QAChC,IAAI,CAAC,aAAc,CAAC,IAAI,CAAC,OAAO,CAAC,CAAC,MAAmB,EAAE,CAAC,EAAE,IAAI,EAAE,EAAE;YAC9D,IAAI,CAAC,MAAM,CAAC,gBAAgB,EAAE;gBAC1B,OAAO,GAAG,IAAI,CAAC;gBACf,MAAM,GAAG,GAAW,WAAI,CAAC,MAAM,CAAC,GAAG,MAAM,CAAC,eAAe,qCAAqC,EAAE,MAAM,CAAC,KAAK,CAAC,CAAC;gBAC9G,IAAI,CAAC,IAAI,CAAC,OAAO;qBACZ,GAAG,CAAC,GAAG,EAAE,EAAE,OAAO,EAAE,CAAC,GAAG,IAAI,EAAE,CAAC;qBAC/B,IAAI,CAAC,GAAG,EAAE;oBACP,IAAI,CAAC,CAAC,CAAC,CAAC,gBAAgB,GAAG,GAAG,CAAC;gBACnC,CAAC,CAAC;qBACD,KAAK,CAAC,CAAC,GAAG,EAAE,EAAE;oBACX,MAAM,KAAK,GAAQ,IAAI,CAAC,KAAK,CAAC,GAAG,CAAC,KAAK,CAAC,CAAC;oBACzC,IAAI,KAAK,CAAC,IAAI,KAAK,YAAY,EAAE;wBAC7B,IAAI,CAAC,CAAC,CAAC,CAAC,gBAAgB,GAAG,GAAG,CAAC;qBAClC;yBAAM;wBACH,IAAI,CAAC,CAAC,CAAC,CAAC,gBAAgB,GAAG,GAAG,CAAC;qBAClC;gBACL,CAAC,CAAC,CAAC,CAAC;aACX;QACL,CAAC,CAAC,CAAC;QAEH,IAAI,OAAO,EAAE;YACT,MAAM,OAAO,CAAC,GAAG,CAAC,IAAI,CAAC,CAAC,IAAI,CAAC,KAAK,IAAI,EAAE,CAAC,MAAM,IAAI,CAAC,IAAI,EAAE,CAAC,CAAC;SAC/D;IACL,CAAC;IAEM,KAAK,CAAC,mBAAmB,CAAC,OAAoB;QACjD,IAAI;YACA,IAAI,MAAM,GAAwB,IAAI,sBAAK,CAAC,aAAa,CAAC;gBACtD,eAAe,EAAE,WAAI,CAAC,MAAM,CAAC,OAAO,CAAC,eAAe,EAAE,OAAO,CAAC,KAAK,CAAC;aACvE,CAAC,CAAC;YAEH,MAAM,WAAW,GAA0B,MAAM,MAAM,CAAC,GAAG,CAAC,cAAc,EAAE,CAAC;YAE7E,IAAI,WAAW,CAAC,WAAW,KAAK,MAAM,EAAE;gBACpC,MAAM,SAAS,GAAqB,MAAM,oBAAK,CAC3C,WAAW,OAAO,CAAC,eAAe,EAAE,EACpC,WAAW,OAAO,CAAC,cAAc,EAAE,EACnC,KAAK,IAAI,EAAE;oBACP,MAAM,QAAQ,GAAuB,MAAM,MAAM,CAAC,MAAM,CAAC,sBAAsB;oBAC3E,gDAAgD;oBAChD,SAAE,CAAC,uBAAuB,CAAC,EAC3B,SAAE,CAAC,0BAA0B,CAAC,CAAC,CAAC;oBACpC,IAAI,QAAQ,EAAE;wBACV,OAAO,CAAC,QAAQ,GAAG,EAAE,CAAC;wBACtB,OAAO,CAAC,KAAK,GAAG,EAAE,CAAC;wBACnB,OAAO,CAAC,QAAQ,GAAG,SAAS,CAAC;wBAC7B,MAAM,WAAI,CAAC,cAAc,CAAC,OAAO,CAAC,cAAe,CAAC,CAAC;qBACtD;gBACL,CAAC,CACJ,CAAC;gBAEF,IAAI,YAAY,GAAW,SAAS,CAAC,KAAK,CAAC;gBAE3C,IAAI;oBACA,MAAM,GAAG,IAAI,sBAAK,CAAC,aAAa,CAAC;wBAC7B,eAAe,EAAE,WAAI,CAAC,MAAM,CAAC,OAAO,CAAC,eAAe,EAAE,OAAO,CAAC,KAAK,CAAC;wBACpE,KAAK,EAAE,YAAY;qBACtB,CAAC,CAAC;oBACH,MAAM,QAAQ,GAAQ,MAAM,MAAM,CAAC,KAAK,CAAC,sBAAsB,EAAE,CAAC;oBAClE,YAAY,GAAG,QAAQ,CAAC,KAAK,CAAC;iBACjC;gBAAC,OAAO,KAAK,EAAE;oBACZ,OAAO,CAAC,GAAG,CAAC,6CAA6C,CAAC,CAAC;iBAC9D;gBAED,OAAO,CAAC,QAAQ,GAAG,SAAS,CAAC,IAAI,CAAC;gBAClC,OAAO,CAAC,KAAK,GAAG,YAAY,CAAC;gBAC7B,OAAO,CAAC,QAAQ,GAAG,SAAS,CAAC;aAChC;SACJ;QAAC,OAAO,EAAE,EAAE;YACT,OAAO,CAAC,KAAK,GAAG,EAAE,CAAC;SACtB;IACL,CAAC;IAEM,KAAK,CAAC,GAAG;QACZ,MAAM,IAAI,GAAuB,MAAM,MAAM,CAAC,MAAM,CAAC,YAAY,CAAC;YAC9D,MAAM,EAAE,SAAE,CAAC,yBAAyB,CAAC;YACrC,aAAa,EAAE,CAAC,GAAW,EAAU,EAAE;gBACnC,IAAI,CAAC,GAAG,EAAE;oBACN,OAAO,SAAE,CAAC,wBAAwB,CAAC,CAAC;iBACvC;gBACD,IAAI,GAAG,CAAC,QAAQ,CAAC,GAAG,CAAC,EAAE;oBACnB,OAAO,SAAE,CAAC,8BAA8B,CAAC,CAAC;iBAC7C;gBACD,OAAO,EAAE,CAAC;YACd,CAAC;SACJ,CAAC,CAAC;QACH,IAAI,CAAC,IAAI,EAAE;YACP,OAAO;SACV;QAED,IAAI,UAAU,GAAY,IAAI,CAAC;QAE/B,MAAM,OAAO,GAAgB,cAAK,CAAC,gBAAc,CAAC,UAAU,CAAC,CAAC;QAC9D,IAAI;YACA,MAAM,MAAM,CAAC,MAAM,CAAC,YAAY,CAChC;gBACI,QAAQ,EAAE,MAAM,CAAC,gBAAgB,CAAC,YAAY;gBAC9C,KAAK,EAAE,SAAE,CAAC,yBAAyB,CAAC;gBACpC,WAAW,EAAE,IAAI;aACpB,EACD,CAAC,QAAQ,EAAE,iBAAiB,EAAE,EAAE,CAAC,IAAI,OAAO,CAAC,CAAC,OAAO,EAAE,MAAM,EAAE,EAAE;gBAC7D,MAAM,GAAG,GAA2B,OAAO,CAAC,GAAG,CAAC,WAAI,CAAC,MAAM,CAAC,GAAG,IAAI,UAAU,EAAE,OAAO,CAAC,KAAK,CAAC,EAAE,EAAE,OAAO,EAAE,CAAC,GAAG,IAAI,EAAE,CAAC,CAAC;gBACtH,iBAAiB,CAAC,uBAAuB,CAAC,GAAG,EAAE;oBAC3C,GAAG,CAAC,KAAK,EAAE,CAAC;oBACZ,MAAM,EAAE,CAAC;gBACb,CAAC,CAAC,CAAC;gBACH,GAAG,CAAC,IAAI,CAAC,OAAO,CAAC,CAAC,KAAK,CAAC,GAAG,EAAE;oBACzB,MAAM,OAAO,GAA2B,OAAO,CAAC,GAAG,CAAC,WAAI,CAAC,MAAM,CAAC,GAAG,IAAI,UAAU,EAAE,KAAK,CAAC,EAAE,EAAE,OAAO,EAAE,CAAC,GAAG,IAAI,EAAE,CAAC,CAAC;oBAClH,iBAAiB,CAAC,uBAAuB,CAAC,GAAG,EAAE;wBAC3C,OAAO,CAAC,KAAK,EAAE,CAAC;wBAChB,MAAM,EAAE,CAAC;oBACb,CAAC,CAAC,CAAC;oBACH,OAAO,CAAC,IAAI,CAAC,GAAG,EAAE,GAAG,OAAO,CAAC,KAAK,GAAG,KAAK,CAAC,CAAC,OAAO,EAAE,CAAC,CAAC,CAAC,CAAC,CAAC,KAAK,CAAC,MAAM,CAAC,CAAC;gBAC5E,CAAC,CAAC,CAAC;YACP,CAAC,CAAC,CAAC,CAAC;SACP;QAAC,OAAO,GAAG,EAAE;YACV,UAAU,GAAG,KAAK,CAAC;SACtB;QACD,MAAM,IAAI,CAAC,yBAAyB,CAAC,OAAO,EAAE,IAAI,EAAE,UAAU,CAAC,CAAC;QAEhE,+BAA+B;QAC/B,IAAI;YACA,MAAM,MAAM,CAAC,MAAM,CAAC,YAAY,CAChC;gBACI,QAAQ,EAAE,MAAM,CAAC,gBAAgB,CAAC,YAAY;gBAC9C,KAAK,EAAE,SAAE,CAAC,kCAAkC,CAAC;gBAC7C,WAAW,EAAE,IAAI;aACpB,EACD,CAAC,SAAS,EAAE,iBAAiB,EAAE,EAAE,CAAC,IAAI,OAAO,CAAC,CAAC,OAAO,EAAE,MAAM,EAAE,EAAE;gBAC9D,MAAM,GAAG,GAA2B,OAAO;qBACtC,GAAG,CAAC,WAAI,CAAC,MAAM,CAAC,GAAG,OAAO,CAAC,eAAe,qCAAqC,EAAE,OAAO,CAAC,KAAK,CAAC,EAC3F,EAAE,OAAO,EAAE,CAAC,GAAG,IAAI,EAAE,CAAC,CAAC;gBAChC,iBAAiB,CAAC,uBAAuB,CAAC,GAAG,EAAE;oBAC3C,GAAG,CAAC,KAAK,EAAE,CAAC;oBACZ,MAAM,EAAE,CAAC;gBACb,CAAC,CAAC,CAAC;gBACH,GAAG,CAAC,IAAI,CAAC,OAAO,CAAC,CAAC,KAAK,CAAC,MAAM,CAAC,CAAC;YACpC,CAAC,CAAC,CAAC,CAAC;YACJ,OAAO,CAAC,gBAAgB,GAAG,GAAG,CAAC;SAClC;QAAC,OAAO,SAAS,EAAE;YAChB,IAAI;gBACA,MAAM,KAAK,GAAQ,IAAI,CAAC,KAAK,CAAC,SAAS,CAAC,KAAK,CAAC,CAAC;gBAC/C,IAAI,KAAK,CAAC,IAAI,KAAK,YAAY,EAAE;oBAC7B,OAAO,CAAC,gBAAgB,GAAG,GAAG,CAAC;iBAClC;qBAAM;oBACH,OAAO,CAAC,gBAAgB,GAAG,GAAG,CAAC;iBAClC;aACJ;YAAC,OAAO,GAAG,EAAE;gBACV,OAAO,CAAC,gBAAgB,GAAG,GAAG,CAAC;aAClC;SACJ;QAED,OAAO,IAAI,CAAC,IAAI,CAAC,IAAI,CAAC,iBAAiB,CAAC,MAAM,EAAE,OAAO,CAAC,CAAC;IAC7D,CAAC;IAEM,KAAK,CAAC,yBAAyB,CAAC,OAAoB,EAAE,IAAY,EAAE,UAAmB;QAC1F,IAAI,UAAU,EAAE;YACZ,OAAO,CAAC,IAAI,GAAG,IAAI,CAAC;YACpB,OAAO,CAAC,eAAe,GAAG,GAAG,IAAI,cAAc,CAAC;YAChD,OAAO,CAAC,iBAAiB,GAAG,GAAG,IAAI,uBAAuB,CAAC;YAC3D,OAAO,CAAC,WAAW,GAAG,GAAG,IAAI,UAAU,CAAC;YACxC,OAAO,CAAC,cAAc,GAAG,GAAG,IAAI,EAAE,CAAC;YACnC,OAAO,CAAC,QAAQ,GAAG,UAAU,IAAI,OAAO,CAAC;YACzC,OAAO,CAAC,WAAW,GAAG,GAAG,IAAI,iBAAiB,CAAC;SAClD;aAAM;YACH,OAAO,CAAC,IAAI,GAAG,IAAI,CAAC;YACpB,OAAO,CAAC,eAAe,GAAG,GAAG,IAAI,OAAO,CAAC;YACzC,OAAO,CAAC,WAAW,GAAG,GAAG,IAAI,mBAAmB,CAAC;YACjD,OAAO,CAAC,WAAW,GAAG,GAAG,IAAI,OAAO,CAAC;YACrC,OAAO,CAAC,cAAc,GAAG,GAAG,IAAI,EAAE,CAAC;YACnC,OAAO,CAAC,QAAQ,GAAG,UAAU,IAAI,OAAO,CAAC;YACzC,OAAO,CAAC,iBAAiB,GAAG,GAAG,IAAI,OAAO,CAAC;SAC9C;QACD,MAAM,IAAI,CAAC,mBAAmB,CAAC,OAAO,CAAC,CAAC;IAC5C,CAAC;IAEM,KAAK,CAAC,IAAI,CAAC,KAAa,EAAE,uBAAoC,gBAAc,CAAC,UAAU;QAC1F,MAAM,QAAQ,GAAgB,IAAI,CAAC,iBAAiB,CAAC,KAAK,CAAC,IAAI,oBAAoB,CAAC;QACpF,MAAM,UAAU,GAA4B,MAAM,WAAI,CAAC,QAAQ,CAC3D,QAAQ,EACR,eAAe,QAAQ,CAAC,eAAe,OAAO,EAC9C,yBAAyB,CAC5B,CAAC;QACF,IAAI,UAAU,EAAE;YACZ,IAAI,CAAC,iBAAiB,CAAC,KAAK,CAAC,GAAG,UAAU,CAAC;YAC3C,IAAI,CAAC,kBAAkB,CAAC,IAAI,CAAC,EAAE,IAAI,EAAE,MAAM,EAAE,KAAK,EAAE,CAAC,CAAC;YACtD,MAAM,IAAI,CAAC,IAAI,EAAE,CAAC;SACrB;IACL,CAAC;IAEM,KAAK,CAAC,MAAM,CAAC,KAAa;QAC7B,IAAI,CAAC,iBAAiB,CAAC,MAAM,CAAC,KAAK,EAAE,CAAC,CAAC,CAAC;QACxC,IAAI,CAAC,kBAAkB,CAAC,IAAI,CAAC,EAAE,IAAI,EAAE,QAAQ,EAAE,KAAK,EAAE,CAAC,CAAC;QACxD,MAAM,IAAI,CAAC,IAAI,EAAE,CAAC;IACtB,CAAC;IAEM,KAAK,CAAC,IAAI;QACb,MAAM,IAAI,CAAC,OAAO,CAAC,WAAW,CAAC,MAAM,CAAC,gBAAc,CAAC,QAAQ,EAAE,IAAI,CAAC,aAAc,CAAC,CAAC;QACpF,MAAM,CAAC,MAAM,wBAAY,CAAC,6DAA6B,CAAC,CAAC,CAAC,OAAO,EAAE,CAAC;IACxE,CAAC;IAEM,KAAK,CAAC,IAAI;QACb,IAAI,IAAI,CAAC,iBAAiB,CAAC,MAAM,KAAK,CAAC,EAAE;YACrC,OAAO,CAAC,CAAC;SACZ;QACD,OAAO,MAAM,WAAI,CAAC,IAAI,CAAC,cAAK,CAAC,IAAI,CAAC,iBAAiB,CAAC,MAAM,CAAC,EAAE,SAAE,CAAC,qBAAqB,CAAC,EAAE,CAAC,KAAa,EAAE,EAAE;YACtG,MAAM,IAAI,GAAgB,IAAI,CAAC,iBAAiB,CAAC,KAAK,CAAC,CAAC;YACxD,OAAO;gBACH,KAAK,EAAE,cAAc,CAAC,IAAI,CAAC;gBAC3B,MAAM,EAAE,oBAAoB,CAAC,IAAI,CAAC;aACrC,CAAC;QACN,CAAC,CAAC,CAAC;IACP,CAAC;IAEO,KAAK,CAAC,mBAAmB,CAAC,MAAc;QAC5C,MAAM,sBAAsB,GAAmB,IAAI,CAAC,aAAc,CAAC;QACnE,IAAI,CAAC,aAAa,GAAG,gBAAc,CAAC,OAAO,CAAC;QAC5C,MAAM,MAAM,GAAuB,MAAM,MAAM,CAAC,MAAM,CAAC,kBAAkB,CACrE,MAAM,EACN,IAAI,CAAC,IAAI,EACT,IAAI,CAAC,OAAO,CACf,CAAC;QACF,QAAQ,MAAM,EAAE;YACZ,KAAK,IAAI,CAAC,IAAI;gBACV,MAAM,UAAU,GAA+B,MAAM,WAAI,CAAC,QAAQ,CAC9D,sBAAsB,EACtB,6BAA6B,EAC7B,+BAA+B,CAClC,CAAC;gBACF,IAAI,UAAU,EAAE;oBACZ,IAAI,CAAC,aAAa,GAAG,UAAU,CAAC;oBAChC,MAAM,IAAI,CAAC,IAAI,EAAE,CAAC;iBACrB;gBACD,MAAM;YAEV,KAAK,IAAI,CAAC,OAAO,CAAC;YAClB,KAAK,SAAS,CAAC;YACf;gBACI,MAAM;SACb;QACD,IAAI,CAAC,kBAAkB,CAAC,IAAI,CAAC,EAAE,IAAI,EAAE,OAAO,EAAE,CAAC,CAAC;IACpD,CAAC;CACJ,CAAA;AAzT2B,uBAAQ,GAAW,cAAc,CAAC;AAClC,sBAAO,GAAmB;IAC9C,OAAO,EAAE,OAAO;IAChB,IAAI,EAAE,EAAE;CACX,CAAC;AACsB,yBAAU,GAAgB;IAC9C,IAAI,EAAE,gBAAgB;IACtB,QAAQ,EAAE,EAAE;IACZ,QAAQ,EAAE,EAAE;IACZ,KAAK,EAAE,EAAE;IACT,KAAK,EAAE,IAAI;IACX,eAAe,EAAE,gBAAgB;IACjC,QAAQ,EAAE,uBAAuB;IACjC,WAAW,EAAE,iBAAiB;IAC9B,WAAW,EAAE,gBAAgB;IAC7B,iBAAiB,EAAE,gBAAgB;IACnC,gBAAgB,EAAE,GAAG;CACxB,CAAC;AAlBO,cAAc;IAD1B,sBAAU,EAAE;GACA,cAAc,CA0T1B;AA1TY,wCAAc"},"_coverageSchema":"1a1c01bbd47fc00a2c39e90264f33305004495a9","hash":"e5bd4eee467f4ff3ff769d336eb761173b80d6e1","contentHash":"cd7638cb8d9473133fe22a1e7ee1b5e63746e8c325335d655e4f4e76f0f2c97f"},"D:\\Source\\Repos\\openpaivscode\\out\\common\\constants.js":{"path":"D:\\Source\\Repos\\openpaivscode\\out\\common\\constants.js","statementMap":{"0":{"start":{"line":7,"column":0},"end":{"line":7,"column":62}},"1":{"start":{"line":8,"column":13},"end":{"line":8,"column":28}},"2":{"start":{"line":10,"column":0},"end":{"line":10,"column":51}},"3":{"start":{"line":11,"column":0},"end":{"line":11,"column":53}},"4":{"start":{"line":12,"column":0},"end":{"line":12,"column":57}},"5":{"start":{"line":13,"column":0},"end":{"line":13,"column":59}},"6":{"start":{"line":14,"column":0},"end":{"line":14,"column":69}},"7":{"start":{"line":15,"column":0},"end":{"line":15,"column":71}},"8":{"start":{"line":16,"column":0},"end":{"line":16,"column":75}},"9":{"start":{"line":17,"column":0},"end":{"line":17,"column":77}},"10":{"start":{"line":18,"column":0},"end":{"line":18,"column":53}},"11":{"start":{"line":19,"column":0},"end":{"line":19,"column":45}},"12":{"start":{"line":20,"column":0},"end":{"line":20,"column":47}},"13":{"start":{"line":21,"column":0},"end":{"line":21,"column":59}},"14":{"start":{"line":22,"column":0},"end":{"line":22,"column":63}},"15":{"start":{"line":23,"column":0},"end":{"line":23,"column":67}},"16":{"start":{"line":24,"column":0},"end":{"line":24,"column":55}},"17":{"start":{"line":25,"column":0},"end":{"line":25,"column":77}},"18":{"start":{"line":26,"column":0},"end":{"line":26,"column":75}},"19":{"start":{"line":27,"column":0},"end":{"line":27,"column":79}},"20":{"start":{"line":28,"column":0},"end":{"line":28,"column":67}},"21":{"start":{"line":29,"column":0},"end":{"line":29,"column":71}},"22":{"start":{"line":30,"column":0},"end":{"line":30,"column":69}},"23":{"start":{"line":31,"column":0},"end":{"line":31,"column":73}},"24":{"start":{"line":32,"column":0},"end":{"line":32,"column":61}},"25":{"start":{"line":33,"column":0},"end":{"line":33,"column":57}},"26":{"start":{"line":34,"column":0},"end":{"line":34,"column":63}},"27":{"start":{"line":35,"column":0},"end":{"line":35,"column":81}},"28":{"start":{"line":36,"column":0},"end":{"line":36,"column":63}},"29":{"start":{"line":37,"column":0},"end":{"line":37,"column":65}},"30":{"start":{"line":38,"column":0},"end":{"line":38,"column":53}},"31":{"start":{"line":39,"column":0},"end":{"line":39,"column":53}},"32":{"start":{"line":40,"column":0},"end":{"line":40,"column":68}},"33":{"start":{"line":41,"column":0},"end":{"line":41,"column":69}},"34":{"start":{"line":42,"column":0},"end":{"line":42,"column":65}},"35":{"start":{"line":43,"column":0},"end":{"line":43,"column":57}},"36":{"start":{"line":44,"column":0},"end":{"line":44,"column":61}},"37":{"start":{"line":45,"column":0},"end":{"line":45,"column":68}},"38":{"start":{"line":46,"column":0},"end":{"line":46,"column":71}},"39":{"start":{"line":47,"column":0},"end":{"line":47,"column":77}},"40":{"start":{"line":48,"column":0},"end":{"line":48,"column":77}},"41":{"start":{"line":49,"column":0},"end":{"line":49,"column":63}},"42":{"start":{"line":50,"column":0},"end":{"line":50,"column":67}},"43":{"start":{"line":51,"column":0},"end":{"line":51,"column":73}},"44":{"start":{"line":52,"column":0},"end":{"line":52,"column":73}},"45":{"start":{"line":53,"column":0},"end":{"line":53,"column":79}},"46":{"start":{"line":54,"column":0},"end":{"line":54,"column":71}},"47":{"start":{"line":55,"column":0},"end":{"line":55,"column":69}},"48":{"start":{"line":56,"column":0},"end":{"line":56,"column":79}},"49":{"start":{"line":57,"column":0},"end":{"line":57,"column":73}},"50":{"start":{"line":58,"column":0},"end":{"line":58,"column":93}},"51":{"start":{"line":59,"column":0},"end":{"line":59,"column":48}},"52":{"start":{"line":60,"column":0},"end":{"line":60,"column":56}},"53":{"start":{"line":61,"column":0},"end":{"line":61,"column":49}},"54":{"start":{"line":62,"column":0},"end":{"line":62,"column":42}},"55":{"start":{"line":63,"column":0},"end":{"line":63,"column":46}},"56":{"start":{"line":64,"column":0},"end":{"line":64,"column":42}},"57":{"start":{"line":65,"column":0},"end":{"line":65,"column":63}},"58":{"start":{"line":66,"column":0},"end":{"line":66,"column":54}},"59":{"start":{"line":67,"column":0},"end":{"line":67,"column":63}},"60":{"start":{"line":68,"column":0},"end":{"line":68,"column":63}},"61":{"start":{"line":69,"column":0},"end":{"line":69,"column":57}},"62":{"start":{"line":70,"column":0},"end":{"line":70,"column":69}},"63":{"start":{"line":71,"column":0},"end":{"line":71,"column":65}},"64":{"start":{"line":72,"column":0},"end":{"line":72,"column":65}},"65":{"start":{"line":73,"column":0},"end":{"line":73,"column":50}},"66":{"start":{"line":74,"column":0},"end":{"line":74,"column":46}},"67":{"start":{"line":75,"column":0},"end":{"line":75,"column":59}},"68":{"start":{"line":76,"column":0},"end":{"line":76,"column":48}},"69":{"start":{"line":77,"column":0},"end":{"line":77,"column":52}},"70":{"start":{"line":78,"column":0},"end":{"line":78,"column":57}},"71":{"start":{"line":79,"column":0},"end":{"line":79,"column":55}},"72":{"start":{"line":80,"column":0},"end":{"line":80,"column":55}},"73":{"start":{"line":81,"column":0},"end":{"line":81,"column":54}},"74":{"start":{"line":82,"column":0},"end":{"line":82,"column":42}},"75":{"start":{"line":83,"column":0},"end":{"line":83,"column":52}},"76":{"start":{"line":84,"column":0},"end":{"line":87,"column":2}},"77":{"start":{"line":88,"column":0},"end":{"line":88,"column":40}},"78":{"start":{"line":89,"column":0},"end":{"line":89,"column":54}},"79":{"start":{"line":90,"column":0},"end":{"line":90,"column":54}},"80":{"start":{"line":91,"column":0},"end":{"line":91,"column":54}},"81":{"start":{"line":92,"column":0},"end":{"line":92,"column":44}},"82":{"start":{"line":93,"column":0},"end":{"line":93,"column":72}},"83":{"start":{"line":94,"column":0},"end":{"line":94,"column":74}},"84":{"start":{"line":95,"column":0},"end":{"line":95,"column":72}},"85":{"start":{"line":96,"column":0},"end":{"line":96,"column":72}},"86":{"start":{"line":97,"column":0},"end":{"line":97,"column":56}},"87":{"start":{"line":98,"column":0},"end":{"line":98,"column":55}},"88":{"start":{"line":99,"column":0},"end":{"line":102,"column":2}},"89":{"start":{"line":103,"column":0},"end":{"line":103,"column":39}},"90":{"start":{"line":104,"column":0},"end":{"line":107,"column":2}},"91":{"start":{"line":108,"column":0},"end":{"line":111,"column":2}},"92":{"start":{"line":112,"column":0},"end":{"line":115,"column":2}},"93":{"start":{"line":116,"column":0},"end":{"line":116,"column":49}},"94":{"start":{"line":117,"column":0},"end":{"line":120,"column":2}},"95":{"start":{"line":121,"column":0},"end":{"line":124,"column":2}},"96":{"start":{"line":125,"column":0},"end":{"line":125,"column":39}},"97":{"start":{"line":126,"column":0},"end":{"line":126,"column":37}},"98":{"start":{"line":127,"column":0},"end":{"line":127,"column":39}},"99":{"start":{"line":128,"column":0},"end":{"line":128,"column":35}},"100":{"start":{"line":129,"column":0},"end":{"line":129,"column":33}},"101":{"start":{"line":130,"column":0},"end":{"line":130,"column":43}},"102":{"start":{"line":131,"column":0},"end":{"line":131,"column":41}},"103":{"start":{"line":132,"column":0},"end":{"line":132,"column":45}},"104":{"start":{"line":133,"column":0},"end":{"line":136,"column":2}},"105":{"start":{"line":137,"column":0},"end":{"line":137,"column":41}},"106":{"start":{"line":138,"column":0},"end":{"line":138,"column":37}},"107":{"start":{"line":139,"column":0},"end":{"line":139,"column":43}},"108":{"start":{"line":140,"column":0},"end":{"line":140,"column":48}},"109":{"start":{"line":141,"column":0},"end":{"line":141,"column":52}},"110":{"start":{"line":142,"column":0},"end":{"line":142,"column":57}},"111":{"start":{"line":143,"column":0},"end":{"line":143,"column":67}},"112":{"start":{"line":144,"column":0},"end":{"line":144,"column":110}},"113":{"start":{"line":145,"column":0},"end":{"line":145,"column":49}},"114":{"start":{"line":146,"column":0},"end":{"line":146,"column":64}},"115":{"start":{"line":147,"column":0},"end":{"line":147,"column":35}},"116":{"start":{"line":148,"column":0},"end":{"line":148,"column":75}}},"fnMap":{},"branchMap":{},"s":{"0":1,"1":1,"2":1,"3":1,"4":1,"5":1,"6":1,"7":1,"8":1,"9":1,"10":1,"11":1,"12":1,"13":1,"14":1,"15":1,"16":1,"17":1,"18":1,"19":1,"20":1,"21":1,"22":1,"23":1,"24":1,"25":1,"26":1,"27":1,"28":1,"29":1,"30":1,"31":1,"32":1,"33":1,"34":1,"35":1,"36":1,"37":1,"38":1,"39":1,"40":1,"41":1,"42":1,"43":1,"44":1,"45":1,"46":1,"47":1,"48":1,"49":1,"50":1,"51":1,"52":1,"53":1,"54":1,"55":1,"56":1,"57":1,"58":1,"59":1,"60":1,"61":1,"62":1,"63":1,"64":1,"65":1,"66":1,"67":1,"68":1,"69":1,"70":1,"71":1,"72":1,"73":1,"74":1,"75":1,"76":1,"77":1,"78":1,"79":1,"80":1,"81":1,"82":1,"83":1,"84":1,"85":1,"86":1,"87":1,"88":1,"89":1,"90":1,"91":1,"92":1,"93":1,"94":1,"95":1,"96":1,"97":1,"98":1,"99":1,"100":1,"101":1,"102":1,"103":1,"104":1,"105":1,"106":1,"107":1,"108":1,"109":1,"110":1,"111":1,"112":1,"113":1,"114":1,"115":1,"116":1},"f":{},"b":{},"inputSourceMap":{"version":3,"file":"constants.js","sourceRoot":"","sources":["../../src/common/constants.ts"],"names":[],"mappings":";AAAA;;;;GAIG;;AAEH,6BAA6B;AAE7B,4BAA4B;AACf,QAAA,mBAAmB,GAAG,oBAAoB,CAAC;AAC3C,QAAA,oBAAoB,GAAG,qBAAqB,CAAC;AAC7C,QAAA,sBAAsB,GAAG,uBAAuB,CAAC;AACjD,QAAA,uBAAuB,GAAG,wBAAwB,CAAC;AACnD,QAAA,4BAA4B,GAAG,6BAA6B,CAAC;AAC7D,QAAA,6BAA6B,GAAG,8BAA8B,CAAC;AAC/D,QAAA,+BAA+B,GAAG,gCAAgC,CAAC;AACnE,QAAA,gCAAgC,GAAG,iCAAiC,CAAC;AACrE,QAAA,oBAAoB,GAAG,qBAAqB,CAAC;AAC7C,QAAA,gBAAgB,GAAG,iBAAiB,CAAC;AACrC,QAAA,iBAAiB,GAAG,kBAAkB,CAAC;AACvC,QAAA,uBAAuB,GAAG,wBAAwB,CAAC;AACnD,QAAA,yBAAyB,GAAG,0BAA0B,CAAC;AACvD,QAAA,2BAA2B,GAAG,4BAA4B,CAAC;AAC3D,QAAA,qBAAqB,GAAG,sBAAsB,CAAC;AAC/C,QAAA,gCAAgC,GAAG,iCAAiC,CAAC;AACrE,QAAA,+BAA+B,GAAG,gCAAgC,CAAC;AACnE,QAAA,iCAAiC,GAAG,kCAAkC,CAAC;AACvE,QAAA,2BAA2B,GAAG,4BAA4B,CAAC;AAC3D,QAAA,6BAA6B,GAAG,8BAA8B,CAAC;AAC/D,QAAA,4BAA4B,GAAG,6BAA6B,CAAC;AAC7D,QAAA,8BAA8B,GAAG,+BAA+B,CAAC;AACjE,QAAA,wBAAwB,GAAG,yBAAyB,CAAC;AACrD,QAAA,sBAAsB,GAAG,uBAAuB,CAAC;AACjD,QAAA,yBAAyB,GAAG,0BAA0B,CAAC;AACvD,QAAA,+BAA+B,GAAG,sCAAsC,CAAC;AACzE,QAAA,yBAAyB,GAAG,0BAA0B,CAAC;AACvD,QAAA,sBAAsB,GAAG,+BAA+B,CAAC;AACzD,QAAA,gBAAgB,GAAG,yBAAyB,CAAC;AAC7C,QAAA,gBAAgB,GAAG,yBAAyB,CAAC;AAC7C,QAAA,4BAA4B,GAAG,4BAA4B,CAAC;AAC5D,QAAA,4BAA4B,GAAG,6BAA6B,CAAC;AAC7D,QAAA,0BAA0B,GAAG,2BAA2B,CAAC;AACzD,QAAA,kBAAkB,GAAG,2BAA2B,CAAC;AACjD,QAAA,oBAAoB,GAAG,6BAA6B,CAAC;AACrD,QAAA,yBAAyB,GAAG,+BAA+B,CAAC;AAC5D,QAAA,yBAAyB,GAAG,kCAAkC,CAAC;AAC/D,QAAA,4BAA4B,GAAG,qCAAqC,CAAC;AACrE,QAAA,4BAA4B,GAAG,qCAAqC,CAAC;AACrE,QAAA,yBAAyB,GAAG,0BAA0B,CAAC;AACvD,QAAA,2BAA2B,GAAG,4BAA4B,CAAC;AAC3D,QAAA,8BAA8B,GAAG,+BAA+B,CAAC;AACjE,QAAA,8BAA8B,GAAG,+BAA+B,CAAC;AACjE,QAAA,iCAAiC,GAAG,kCAAkC,CAAC;AACvE,QAAA,6BAA6B,GAAG,8BAA8B,CAAC;AAC/D,QAAA,4BAA4B,GAAG,6BAA6B,CAAC;AAC7D,QAAA,iCAAiC,GAAG,kCAAkC,CAAC;AACvE,QAAA,8BAA8B,GAAG,+BAA+B,CAAC;AACjE,QAAA,wCAAwC,GAAG,yCAAyC,CAAC;AAErF,QAAA,uBAAuB,GAAG,aAAa,CAAC;AACxC,QAAA,0BAA0B,GAAG,kBAAkB,CAAC;AAEhD,QAAA,mBAAmB,GAAG,kBAAkB,CAAC;AACzC,QAAA,iBAAiB,GAAG,aAAa,CAAC;AAClC,QAAA,mBAAmB,GAAG,eAAe,CAAC;AACtC,QAAA,iBAAiB,GAAG,aAAa,CAAC;AAClC,QAAA,gCAAgC,GAAG,mBAAmB,CAAC;AACvD,QAAA,2BAA2B,GAAG,eAAe,CAAC;AAE9C,QAAA,4BAA4B,GAAG,uBAAuB,CAAC;AACvD,QAAA,4BAA4B,GAAG,uBAAuB,CAAC;AACvD,QAAA,yBAAyB,GAAG,oBAAoB,CAAC;AACjD,QAAA,+BAA+B,GAAG,0BAA0B,CAAC;AAC7D,QAAA,6BAA6B,GAAG,wBAAwB,CAAC;AACzD,QAAA,6BAA6B,GAAG,wBAAwB,CAAC;AACzD,QAAA,qBAAqB,GAAG,iBAAiB,CAAC;AAC1C,QAAA,mBAAmB,GAAG,eAAe,CAAC;AACtC,QAAA,0BAA0B,GAAG,qBAAqB,CAAC;AACnD,QAAA,oBAAoB,GAAG,gBAAgB,CAAC;AACxC,QAAA,sBAAsB,GAAG,kBAAkB,CAAC;AAC5C,QAAA,yBAAyB,GAAG,oBAAoB,CAAC;AAEjD,QAAA,sBAAsB,GAAG,qBAAqB,CAAC;AAE/C,QAAA,sBAAsB,GAAG,qBAAqB,CAAC;AAC/C,QAAA,uBAAuB,GAAG,mBAAmB,CAAC;AAE9C,QAAA,oBAAoB,GAAG,UAAU,CAAC;AAClC,QAAA,8BAA8B,GAAG,UAAU,CAAC;AAC5C,QAAA,2BAA2B,GAAG;IACvC,OAAO,EAAE,SAAS;IAClB,QAAQ,EAAE,UAAU;CACvB,CAAC;AACW,QAAA,mBAAmB,GAAG,SAAS,CAAC;AAChC,QAAA,0BAA0B,GAAG,gBAAgB,CAAC;AAC9C,QAAA,0BAA0B,GAAG,gBAAgB,CAAC;AAC9C,QAAA,0BAA0B,GAAG,gBAAgB,CAAC;AAC9C,QAAA,qBAAqB,GAAG,WAAW,CAAC;AACpC,QAAA,mCAAmC,GAAG,yBAAyB,CAAC;AAChE,QAAA,oCAAoC,GAAG,0BAA0B,CAAC;AAClE,QAAA,mCAAmC,GAAG,yBAAyB,CAAC;AAChE,QAAA,mCAAmC,GAAG,yBAAyB,CAAC;AAChE,QAAA,2BAA2B,GAAG,iBAAiB,CAAC;AAChD,QAAA,+BAA+B,GAAG,YAAY,CAAC;AAE/C,QAAA,QAAQ,GAAG;IACpB,KAAK,EAAE,qBAAqB;IAC5B,IAAI,EAAE,oBAAoB;CAC7B,CAAC;AACW,QAAA,SAAS,GAAG,kBAAkB,CAAC;AAC/B,QAAA,SAAS,GAAG;IACrB,KAAK,EAAE,2BAA2B;IAClC,IAAI,EAAE,0BAA0B;CACnC,CAAC;AACW,QAAA,cAAc,GAAG;IAC1B,KAAK,EAAE,gCAAgC;IACvC,IAAI,EAAE,+BAA+B;CACxC,CAAC;AACW,QAAA,aAAa,GAAG;IACzB,KAAK,EAAE,6BAA6B;IACpC,IAAI,EAAE,4BAA4B;CACrC,CAAC;AACW,QAAA,eAAe,GAAG,sBAAsB,CAAC;AACzC,QAAA,iBAAiB,GAAG;IAC7B,KAAK,EAAE,4BAA4B;IACnC,IAAI,EAAE,iCAAiC;CAC1C,CAAC;AACW,QAAA,kBAAkB,GAAG;IAC9B,KAAK,EAAE,wBAAwB;IAC/B,IAAI,EAAE,6BAA6B;CACtC,CAAC;AACW,QAAA,UAAU,GAAG,iBAAiB,CAAC;AAC/B,QAAA,SAAS,GAAG,gBAAgB,CAAC;AAC7B,QAAA,UAAU,GAAG,iBAAiB,CAAC;AAC/B,QAAA,QAAQ,GAAG,eAAe,CAAC;AAC3B,QAAA,OAAO,GAAG,cAAc,CAAC;AACzB,QAAA,YAAY,GAAG,mBAAmB,CAAC;AACnC,QAAA,WAAW,GAAG,kBAAkB,CAAC;AACjC,QAAA,aAAa,GAAG,oBAAoB,CAAC;AACrC,QAAA,YAAY,GAAG;IACxB,KAAK,EAAE,mBAAmB;IAC1B,IAAI,EAAE,wBAAwB;CACjC,CAAC;AACW,QAAA,WAAW,GAAG,kBAAkB,CAAC;AACjC,QAAA,SAAS,GAAG,gBAAgB,CAAC;AAC7B,QAAA,YAAY,GAAG,mBAAmB,CAAC;AAEnC,QAAA,mBAAmB,GAAG,iBAAiB,CAAC;AACxC,QAAA,qBAAqB,GAAG,mBAAmB,CAAC;AAE5C,QAAA,iBAAiB,GAAG,4BAA4B,CAAC;AACjD,QAAA,sBAAsB,GAAG,iCAAiC,CAAC;AAC3D,QAAA,2BAA2B,GAAG,IAAI,CAAC,IAAI,CAAC,SAAS,EAAE,iBAAiB,8BAAsB,EAAE,CAAC,CAAC;AAE9F,QAAA,iBAAiB,GAAG,oBAAoB,CAAC;AACzC,QAAA,uBAAuB,GAAG,6BAA6B,CAAC;AAExD,QAAA,cAAc,GAAG,SAAS,CAAC;AAC3B,QAAA,0BAA0B,GAAG,sBAAc,GAAG,YAAY,CAAC"},"_coverageSchema":"1a1c01bbd47fc00a2c39e90264f33305004495a9","hash":"24188a41a1252b7fa50295a5291a2d75d037e33f","contentHash":"14b13c6f8ce41649237d22cfa48e9227e19f15e9d7befda931f45a8f00333ba6"},"D:\\Source\\Repos\\openpaivscode\\out\\common\\i18n.js":{"path":"D:\\Source\\Repos\\openpaivscode\\out\\common\\i18n.js","statementMap":{"0":{"start":{"line":7,"column":0},"end":{"line":7,"column":62}},"1":{"start":{"line":8,"column":18},"end":{"line":8,"column":38}},"2":{"start":{"line":9,"column":15},"end":{"line":9,"column":32}},"3":{"start":{"line":10,"column":0},"end":{"line":10,"column":62}},"4":{"start":{"line":11,"column":0},"end":{"line":11,"column":56}},"5":{"start":{"line":12,"column":0},"end":{"line":12,"column":58}},"6":{"start":{"line":13,"column":0},"end":{"line":13,"column":78}},"7":{"start":{"line":14,"column":0},"end":{"line":24,"column":2}},"8":{"start":{"line":16,"column":4},"end":{"line":22,"column":5}},"9":{"start":{"line":17,"column":8},"end":{"line":17,"column":64}},"10":{"start":{"line":20,"column":8},"end":{"line":20,"column":58}},"11":{"start":{"line":21,"column":8},"end":{"line":21,"column":25}},"12":{"start":{"line":23,"column":4},"end":{"line":23,"column":18}}},"fnMap":{"0":{"name":"(anonymous_0)","decl":{"start":{"line":14,"column":13},"end":{"line":14,"column":14}},"loc":{"start":{"line":14,"column":26},"end":{"line":24,"column":1}},"line":14}},"branchMap":{"0":{"loc":{"start":{"line":13,"column":17},"end":{"line":13,"column":76}},"type":"cond-expr","locations":[{"start":{"line":13,"column":65},"end":{"line":13,"column":69}},{"start":{"line":13,"column":72},"end":{"line":13,"column":76}}],"line":13}},"s":{"0":1,"1":1,"2":1,"3":1,"4":1,"5":1,"6":1,"7":1,"8":0,"9":0,"10":0,"11":0,"12":0},"f":{"0":0},"b":{"0":[0,1]},"inputSourceMap":{"version":3,"file":"i18n.js","sourceRoot":"","sources":["../../src/common/i18n.ts"],"names":[],"mappings":";AAAA;;;;GAIG;;AAEH,uCAAuC;AACvC,iCAAiC;AAEjC,SAAS,CAAC,IAAI,CAAC,OAAO,CAAC,oCAAoC,CAAC,CAAC,CAAC,CAAC,sBAAsB;AACrF,SAAS,CAAC,IAAI,CAAC,OAAO,CAAC,8BAA8B,CAAC,CAAC,CAAC,CAAC,sBAAsB;AAC/E,SAAS,CAAC,YAAY,CAAC,OAAO,CAAC,wBAAwB,CAAC,CAAC,CAAC,CAAC,sBAAsB;AACjF,SAAS,CAAC,MAAM,CAAC,MAAM,CAAC,GAAG,CAAC,QAAQ,CAAC,WAAW,EAAE,KAAK,OAAO,CAAC,CAAC,CAAC,IAAI,CAAC,CAAC,CAAC,IAAI,CAAC,CAAC;AAIjE,QAAA,EAAE,GAAuB,CAAC,GAAG,IAAS,EAAU,EAAE;IAC3D,IAAI,MAAc,CAAC;IACnB,IAAI;QACA,MAAM,GAAG,SAAS,CAAC,aAAa,CAAC,KAAK,CAAC,SAAS,EAAE,IAAI,CAAC,CAAC;KAC3D;IAAC,WAAM;QACJ,OAAO,CAAC,KAAK,CAAC,yBAAyB,EAAE,IAAI,CAAC,CAAC,CAAC,CAAC,CAAC;QAClD,MAAM,GAAG,IAAI,CAAC,CAAC,CAAC,CAAC;KACpB;IAED,OAAO,MAAM,CAAC;AAClB,CAAC,CAAC"},"_coverageSchema":"1a1c01bbd47fc00a2c39e90264f33305004495a9","hash":"d08bd24727a19148acec7644033e83a282958ce8","contentHash":"fc8f0b033aaf011c1b9a4bd1f68b0681ac1e9bc426be4190a15cede4c746616e"},"D:\\Source\\Repos\\openpaivscode\\out\\common\\util.js":{"path":"D:\\Source\\Repos\\openpaivscode\\out\\common\\util.js","statementMap":{"0":{"start":{"line":7,"column":17},"end":{"line":12,"column":1}},"1":{"start":{"line":8,"column":12},"end":{"line":8,"column":28}},"2":{"start":{"line":8,"column":34},"end":{"line":8,"column":125}},"3":{"start":{"line":9,"column":4},"end":{"line":10,"column":150}},"4":{"start":{"line":9,"column":79},"end":{"line":9,"column":131}},"5":{"start":{"line":10,"column":9},"end":{"line":10,"column":150}},"6":{"start":{"line":10,"column":22},"end":{"line":10,"column":43}},"7":{"start":{"line":10,"column":58},"end":{"line":10,"column":150}},"8":{"start":{"line":10,"column":81},"end":{"line":10,"column":150}},"9":{"start":{"line":11,"column":4},"end":{"line":11,"column":66}},"10":{"start":{"line":13,"column":17},"end":{"line":15,"column":1}},"11":{"start":{"line":14,"column":4},"end":{"line":14,"column":109}},"12":{"start":{"line":14,"column":79},"end":{"line":14,"column":109}},"13":{"start":{"line":17,"column":0},"end":{"line":17,"column":62}},"14":{"start":{"line":18,"column":0},"end":{"line":18,"column":13}},"15":{"start":{"line":19,"column":12},"end":{"line":19,"column":26}},"16":{"start":{"line":20,"column":11},"end":{"line":20,"column":30}},"17":{"start":{"line":21,"column":20},"end":{"line":21,"column":40}},"18":{"start":{"line":22,"column":26},"end":{"line":22,"column":52}},"19":{"start":{"line":23,"column":33},"end":{"line":23,"column":66}},"20":{"start":{"line":24,"column":23},"end":{"line":24,"column":46}},"21":{"start":{"line":25,"column":16},"end":{"line":25,"column":35}},"22":{"start":{"line":26,"column":11},"end":{"line":26,"column":24}},"23":{"start":{"line":27,"column":13},"end":{"line":27,"column":28}},"24":{"start":{"line":28,"column":14},"end":{"line":28,"column":30}},"25":{"start":{"line":29,"column":15},"end":{"line":29,"column":32}},"26":{"start":{"line":30,"column":15},"end":{"line":30,"column":32}},"27":{"start":{"line":31,"column":20},"end":{"line":31,"column":42}},"28":{"start":{"line":32,"column":16},"end":{"line":32,"column":34}},"29":{"start":{"line":33,"column":12},"end":{"line":33,"column":26}},"30":{"start":{"line":37,"column":16},"end":{"line":325,"column":1}},"31":{"start":{"line":39,"column":8},"end":{"line":39,"column":16}},"32":{"start":{"line":40,"column":8},"end":{"line":40,"column":49}},"33":{"start":{"line":41,"column":8},"end":{"line":41,"column":49}},"34":{"start":{"line":42,"column":8},"end":{"line":44,"column":11}},"35":{"start":{"line":45,"column":8},"end":{"line":45,"column":40}},"36":{"start":{"line":46,"column":8},"end":{"line":46,"column":41}},"37":{"start":{"line":47,"column":8},"end":{"line":51,"column":10}},"38":{"start":{"line":48,"column":27},"end":{"line":48,"column":54}},"39":{"start":{"line":49,"column":12},"end":{"line":49,"column":62}},"40":{"start":{"line":50,"column":12},"end":{"line":50,"column":26}},"41":{"start":{"line":52,"column":8},"end":{"line":56,"column":10}},"42":{"start":{"line":53,"column":27},"end":{"line":53,"column":54}},"43":{"start":{"line":54,"column":12},"end":{"line":54,"column":58}},"44":{"start":{"line":55,"column":12},"end":{"line":55,"column":26}},"45":{"start":{"line":58,"column":8},"end":{"line":62,"column":10}},"46":{"start":{"line":59,"column":27},"end":{"line":59,"column":54}},"47":{"start":{"line":60,"column":12},"end":{"line":60,"column":56}},"48":{"start":{"line":61,"column":12},"end":{"line":61,"column":26}},"49":{"start":{"line":63,"column":8},"end":{"line":63,"column":28}},"50":{"start":{"line":67,"column":8},"end":{"line":67,"column":20}},"51":{"start":{"line":70,"column":8},"end":{"line":81,"column":9}},"52":{"start":{"line":71,"column":12},"end":{"line":73,"column":13}},"53":{"start":{"line":72,"column":16},"end":{"line":72,"column":71}},"54":{"start":{"line":74,"column":12},"end":{"line":74,"column":28}},"55":{"start":{"line":77,"column":12},"end":{"line":80,"column":14}},"56":{"start":{"line":84,"column":25},"end":{"line":84,"column":56}},"57":{"start":{"line":85,"column":8},"end":{"line":87,"column":9}},"58":{"start":{"line":86,"column":12},"end":{"line":86,"column":34}},"59":{"start":{"line":88,"column":8},"end":{"line":88,"column":67}},"60":{"start":{"line":91,"column":24},"end":{"line":91,"column":47}},"61":{"start":{"line":92,"column":28},"end":{"line":92,"column":43}},"62":{"start":{"line":93,"column":8},"end":{"line":93,"column":111}},"63":{"start":{"line":96,"column":18},
[...]
CAAC,MAAM,CACT,CAAC,CAAC,EAAE,IAAI,CAAC,EAAE,EAAE,CAAC,IAAI,KAAK,iBAAQ,CAAC,SAAS,CAC5C,CAAC,IAAI,CACF,CAAC,CAAC,KAAK,CAAC,EAAE,CAAC,KAAK,CAAC,EAAE,EAAE,CAAC,KAAK,CAAC,aAAa,CAAC,KAAK,CAAC,CACnD,CAAC,GAAG,CACD,CAAC,CAAC,IAAI,CAAC,EAAE,EAAE,CAAC,IAAI,uBAAU,CAAC,WAAI,CAAC,aAAa,CAAC,GAAG,EAAE,IAAI,CAAC,EAAE,OAAO,CAAC,CACrE;oBACD,GAAG,GAAG,CAAC,MAAM,CACT,CAAC,CAAC,EAAE,IAAI,CAAC,EAAE,EAAE,CAAC,IAAI,KAAK,iBAAQ,CAAC,IAAI,CACvC,CAAC,IAAI,CACF,CAAC,CAAC,KAAK,CAAC,EAAE,CAAC,KAAK,CAAC,EAAE,EAAE,CAAC,KAAK,CAAC,aAAa,CAAC,KAAK,CAAC,CACnD,CAAC,GAAG,CACD,CAAC,CAAC,IAAI,CAAC,EAAE,EAAE,CAAC,IAAI,mBAAQ,CAAC,WAAI,CAAC,aAAa,CAAC,GAAG,EAAE,IAAI,CAAC,EAAE,OAAO,CAAC,CACnE;iBACJ,CAAC;aACL;iBAAM;gBACH,OAAO;aACV;SAEJ;IACL,CAAC;IAEM,SAAS,CAAC,OAAiB;QAC9B,OAAO,OAAO,CAAC,MAAM,CAAC;IAC1B,CAAC;CACJ,CAAA;AAnHY,oBAAoB;IADhC,sBAAU,EAAE;;GACA,oBAAoB,CAmHhC;AAnHY,oDAAoB"},"_coverageSchema":"1a1c01bbd47fc00a2c39e90264f33305004495a9","hash":"c53e7f71391eeb0961f9095448b1257153d5debf","contentHash":"fda4962d2c5dc1f55b323d0db7f6714e0d228262df7a19611121d447ecbb87e2"},"D:\\Source\\Repos\\openpaivscode\\out\\pai\\container\\common\\fileNode.js":{"path":"D:\\Source\\Repos\\openpaivscode\\out\\pai\\container\\common\\fileNode.js","statementMap":{"0":{"start":{"line":7,"column":0},"end":{"line":7,"column":62}},"1":{"start":{"line":8,"column":17},"end":{"line":8,"column":34}},"2":{"start":{"line":9,"column":20},"end":{"line":9,"column":56}},"3":{"start":{"line":10,"column":19},"end":{"line":10,"column":40}},"4":{"start":{"line":16,"column":8},"end":{"line":16,"column":59}},"5":{"start":{"line":17,"column":8},"end":{"line":17,"column":58}},"6":{"start":{"line":18,"column":8},"end":{"line":18,"column":29}},"7":{"start":{"line":21,"column":0},"end":{"line":21,"column":28}}},"fnMap":{"0":{"name":"(anonymous_0)","decl":{"start":{"line":15,"column":4},"end":{"line":15,"column":5}},"loc":{"start":{"line":15,"column":29},"end":{"line":19,"column":5}},"line":15}},"branchMap":{},"s":{"0":1,"1":1,"2":1,"3":1,"4":0,"5":0,"6":0,"7":1},"f":{"0":0},"b":{},"inputSourceMap":{"version":3,"file":"fileNode.js","sourceRoot":"","sources":["../../../../src/pai/container/common/fileNode.ts"],"names":[],"mappings":";AAAA;;;;GAIG;;AAEH,mCAGgB;AAEhB,yDAEmC;AAEnC,yCAAsC;AAEtC;;GAEG;AACH,MAAa,QAAS,SAAQ,mBAAQ;IAElC,YAAY,GAAQ,EAAE,MAAgB;QAClC,KAAK,CAAC,GAAG,EAAE,iCAAwB,CAAC,IAAI,CAAC,CAAC;QAF9B,iBAAY,GAAW,6BAAiB,CAAC;QAGrD,IAAI,CAAC,MAAM,GAAG,MAAM,CAAC;IACzB,CAAC;CACJ;AAND,4BAMC"},"_coverageSchema":"1a1c01bbd47fc00a2c39e90264f33305004495a9","hash":"d14b81a1e586d6be02dfa9e2d5f7b418307af7c2","contentHash":"18c15917846157821120a6b035b3add6f15b96f1f8b7f8a74f37ec8213ccac5d"},"D:\\Source\\Repos\\openpaivscode\\out\\pai\\container\\common\\treeNode.js":{"path":"D:\\Source\\Repos\\openpaivscode\\out\\pai\\container\\common\\treeNode.js","statementMap":{"0":{"start":{"line":7,"column":0},"end":{"line":7,"column":62}},"1":{"start":{"line":8,"column":17},"end":{"line":8,"column":34}},"2":{"start":{"line":9,"column":20},"end":{"line":9,"column":56}},"3":{"start":{"line":10,"column":15},"end":{"line":10,"column":46}},"4":{"start":{"line":16,"column":0},"end":{"line":16,"column":28}},"5":{"start":{"line":22,"column":8},"end":{"line":22,"column":39}},"6":{"start":{"line":23,"column":8},"end":{"line":23,"column":27}},"7":{"start":{"line":24,"column":8},"end":{"line":24,"column":33}},"8":{"start":{"line":25,"column":8},"end":{"line":25,"column":29}},"9":{"start":{"line":31,"column":8},"end":{"line":34,"column":9}},"10":{"start":{"line":32,"column":12},"end":{"line":32,"column":33}},"11":{"start":{"line":33,"column":12},"end":{"line":33,"column":36}},"12":{"start":{"line":35,"column":8},"end":{"line":35,"column":29}},"13":{"start":{"line":41,"column":8},"end":{"line":41,"column":27}},"14":{"start":{"line":47,"column":8},"end":{"line":47,"column":48}},"15":{"start":{"line":53,"column":8},"end":{"line":53,"column":50}},"16":{"start":{"line":59,"column":8},"end":{"line":59,"column":54}},"17":{"start":{"line":65,"column":8},"end":{"line":65,"column":52}},"18":{"start":{"line":71,"column":8},"end":{"line":71,"column":54}},"19":{"start":{"line":77,"column":8},"end":{"line":77,"column":49}},"20":{"start":{"line":83,"column":8},"end":{"line":83,"column":47}},"21":{"start":{"line":89,"column":8},"end":{"line":89,"column":50}},"22":{"start":{"line":92,"column":0},"end":{"line":92,"column":30}},"23":{"start":{"line":93,"column":0},"end":{"line":93,"column":42}},"24":{"start":{"line":99,"column":8},"end":{"line":99,"column":78}},"25":{"start":{"line":100,"column":8},"end":{"line":100,"column":66}},"26":{"start":{"line":101,"column":8},"end":{"line":105,"column":10}},"27":{"start":{"line":108,"column":0},"end":{"line":108,"column":58}}},"fnMap":{"0":{"name":"(anonymous_0)","decl":{"start":{"line":21,"column":4},"end":{"line":21,"column":5}},"loc":{"start":{"line":21,"column":49},"end":{"line":26,"column":5}},"line":21},"1":{"name":"(anonymous_1)","decl":{"start":{"line":30,"column":4},"end":{"line":30,"column":5}},"loc":{"start":{"line":30,"column":24},"end":{"line":36,"column":5}},"line":30},"2":{"name":"(anonymous_2)","decl":{"start":{"line":40,"column":4},"end":{"line":40,"column":5}},"loc":{"start":{"line":40,"column":16},"end":{"line":42,"column":5}},"line":40},"3":{"name":"(anonymous_3)","decl":{"start":{"line":46,"column":4},"end":{"line":46,"column":5}},"loc":{"start":{"line":46,"column":20},"end":{"line":48,"column":5}},"line":46},"4":{"name":"(anonymous_4)","decl":{"start":{"line":52,"column":4},"end":{"line":52,"column":5}},"loc":{"start":{"line":52,"column":21},"end":{"line":54,"column":5}},"line":52},"5":{"name":"(anonymous_5)","decl":{"start":{"line":58,"column":4},"end":{"line":58,"column":5}},"loc":{"start":{"line":58,"column":31},"end":{"line":60,"column":5}},"line":58},"6":{"name":"(anonymous_6)","decl":{"start":{"line":64,"column":4},"end":{"line":64,"column":5}},"loc":{"start":{"line":64,"column":27},"end":{"line":66,"column":5}},"line":64},"7":{"name":"(anonymous_7)","decl":{"start":{"line":70,"column":4},"end":{"line":70,"column":5}},"loc":{"start":{"line":70,"column":25},"end":{"line":72,"column":5}},"line":70},"8":{"name":"(anonymous_8)","decl":{"start":{"line":76,"column":4},"end":{"line":76,"column":5}},"loc":{"start":{"line":76,"column":25},"end":{"line":78,"column":5}},"line":76},"9":{"name":"(anonymous_9)","decl":{"start":{"line":82,"column":4},"end":{"line":82,"column":5}},"loc":{"start":{"line":82,"column":19},"end":{"line":84,"column":5}},"line":82},"10":{"name":"(anonymous_10)","decl":{"start":{"line":88,"column":4},"end":{"line":88,"column":5}},"loc":{"start":{"line":88,"column":21},"end":{"line":90,"column":5}},"line":88},"11":{"name":"(anonymous_11)","decl":{"start":{"line":98,"column":4},"end":{"line":98,"column":5}},"loc":{"start":{"line":98,"column":24},"end":{"line":106,"column":5}},"line":98}},"branchMap":{"0":{"loc":{"start":{"line":31,"column":8},"end":{"line":34,"column":9}},"type":"if","locations":[{"start":{"line":31,"column":8},"end":{"line":34,"column":9}},{"start":{"line":31,"column":8},"end":{"line":34,"column":9}}],"line":31}},"s":{"0":1,"1":1,"2":1,"3":1,"4":1,"5":0,"6":0,"7":0,"8":0,"9":0,"10":0,"11":0,"12":0,"13":0,"14":0,"15":0,"16":0,"17":0,"18":0,"19":0,"20":0,"21":0,"22":1,"23":1,"24":0,"25":0,"26":0,"27":1},"f":{"0":0,"1":0,"2":0,"3":0,"4":0,"5":0,"6":0,"7":0,"8":0,"9":0,"10":0,"11":0},"b":{"0":[0,0]},"inputSourceMap":{"version":3,"file":"treeNode.js","sourceRoot":"","sources":["../../../../src/pai/container/common/treeNode.ts"],"names":[],"mappings":";AAAA;;;;GAIG;;AAEH,mCAEgB;AAEhB,yDAImC;AACnC,+CAA0C;AAE1C;;GAEG;AACH,MAAsB,QAAS,SAAQ,iBAAQ;CAE9C;AAFD,4BAEC;AAED;;GAEG;AACH,MAAa,eAAgB,SAAQ,QAAQ;IAOzC,YAAY,KAAa,EAAE,MAAwB,EAAE,gBAA2C;QAC5F,KAAK,CAAC,KAAK,EAAE,gBAAgB,CAAC,CAAC;QAJzB,aAAQ,GAAsB,EAAE,CAAC;QACjC,gBAAW,GAAY,KAAK,CAAC;QAInC,IAAI,CAAC,MAAM,GAAG,MAAM,CAAC;IACzB,CAAC;IAED;;OAEG;IACI,KAAK,CAAC,WAAW;QACpB,IAAI,CAAC,IAAI,CAAC,WAAW,EAAE;YACnB,MAAM,IAAI,CAAC,OAAO,EAAE,CAAC;YACrB,IAAI,CAAC,WAAW,GAAG,IAAI,CAAC;SAC3B;QACD,OAAO,IAAI,CAAC,QAAQ,CAAC;IACzB,CAAC;IAED;;OAEG;IACI,SAAS;QACZ,OAAO,IAAI,CAAC,MAAM,CAAC;IACvB,CAAC;IAED;;OAEG;IACI,KAAK,CAAC,OAAO;QAChB,OAAO,CAAC,GAAG,CAAC,0BAA0B,CAAC,CAAC;IAC5C,CAAC;IAED;;OAEG;IACI,KAAK,CAAC,QAAQ;QACjB,OAAO,CAAC,GAAG,CAAC,4BAA4B,CAAC,CAAC;IAC9C,CAAC;IAED;;OAEG;IACI,KAAK,CAAC,YAAY,CAAC,MAAe;QACrC,OAAO,CAAC,GAAG,CAAC,gCAAgC,CAAC,CAAC;IAClD,CAAC;IAED;;OAEG;IACI,KAAK,CAAC,UAAU,CAAC,IAAY;QAChC,OAAO,CAAC,GAAG,CAAC,8BAA8B,CAAC,CAAC;IAChD,CAAC;IAED;;OAEG;IACI,KAAK,CAAC,YAAY;QACrB,OAAO,CAAC,GAAG,CAAC,gCAAgC,CAAC,CAAC;IAClD,CAAC;IAED;;OAEG;IACI,KAAK,CAAC,QAAQ,CAAC,IAAU;QAC5B,OAAO,CAAC,GAAG,CAAC,2BAA2B,CAAC,CAAC;IAC7C,CAAC;IAED;;OAEG;IACI,KAAK,CAAC,MAAM;QACf,OAAO,CAAC,GAAG,CAAC,yBAAyB,CAAC,CAAC;IAC3C,CAAC;IAED;;OAEG;IACI,KAAK,CAAC,QAAQ;QACjB,OAAO,CAAC,GAAG,CAAC,4BAA4B,CAAC,CAAC;IAC9C,CAAC;;AAnFa,wBAAQ,GAAW,EAAE,CAAC;AADxC,0CAqFC;AAED;;GAEG;AACH,MAAa,uBAAwB,SAAQ,eAAe;IAGxD,YAAY,MAAuB;QAC/B,KAAK,CAAC,cAAc,EAAE,MAAM,EAAE,iCAAwB,CAAC,IAAI,CAAC,CAAC;QAH1D,iBAAY,GAAW,qCAAyB,CAAC;QAIpD,IAAI,CAAC,OAAO,GAAG;YACX,KAAK,EAAE,SAAE,CAAC,iCAAiC,CAAC;YAC5C,OAAO,EAAE,wCAA4B;YACrC,SAAS,EAAE,CAAC,sCAA0B,EAAE,IAAI,CAAC,MAAM,CAAC;SACvD,CAAC;IACN,CAAC;CACJ;AAXD,0DAWC"},"_coverageSchema":"1a1c01bbd47fc00a2c39e90264f33305004495a9","hash":"ee1b24695a19eb5dad41da286474af0c1662cfa6","contentHash":"e1575746467ee977a73cd7e6b9566845d77a7ded8b96650638a631317351b13d"},"D:\\Source\\Repos\\openpaivscode\\out\\pai\\container\\common\\folderNode.js":{"path":"D:\\Source\\Repos\\openpaivscode\\out\\pai\\container\\common\\folderNode.js","statementMap":{"0":{"start":{"line":7,"column":0},"end":{"line":7,"column":62}},"1":{"start":{"line":8,"column":17},"end":{"line":8,"column":34}},"2":{"start":{"line":9,"column":20},"end":{"line":9,"column":56}},"3":{"start":{"line":10,"column":19},"end":{"line":10,"column":40}},"4":{"start":{"line":16,"column":8},"end":{"line":16,"column":64}},"5":{"start":{"line":17,"column":8},"end":{"line":17,"column":60}},"6":{"start":{"line":18,"column":8},"end":{"line":18,"column":29}},"7":{"start":{"line":21,"column":0},"end":{"line":21,"column":32}}},"fnMap":{"0":{"name":"(anonymous_0)","decl":{"start":{"line":15,"column":4},"end":{"line":15,"column":5}},"loc":{"start":{"line":15,"column":29},"end":{"line":19,"column":5}},"line":15}},"branchMap":{},"s":{"0":1,"1":1,"2":1,"3":1,"4":0,"5":0,"6":0,"7":1},"f":{"0":0},"b":{},"inputSourceMap":{"version":3,"file":"folderNode.js","sourceRoot":"","sources":["../../../../src/pai/container/common/folderNode.ts"],"names":[],"mappings":";AAAA;;;;GAIG;;AAEH,mCAGgB;AAEhB,yDAEmC;AAEnC,yCAAsC;AAEtC;;GAEG;AACH,MAAa,UAAW,SAAQ,mBAAQ;IAEpC,YAAY,GAAQ,EAAE,MAAgB;QAClC,KAAK,CAAC,GAAG,EAAE,iCAAwB,CAAC,SAAS,CAAC,CAAC;QAFnC,iBAAY,GAAW,+BAAmB,CAAC;QAGvD,IAAI,CAAC,MAAM,GAAG,MAAM,CAAC;IACzB,CAAC;CACJ;AAND,gCAMC"},"_coverageSchema":"1a1c01bbd47fc00a2c39e90264f33305004495a9","hash":"c8088c0601dd352d6e156f8d57ceac30301fecc7","contentHash":"4e8770524d29f4b2c1020681a2694ed123113ccff9466fed0207d25bebf5ce38"},"D:\\Source\\Repos\\openpaivscode\\out\\pai\\container\\common\\rootNode.js":{"path":"D:\\Source\\Repos\\openpaivscode\\out\\pai\\container\\common\\rootNode.js","statementMap":{"0":{"start":{"line":7,"column":0},"end":{"line":7,"column":62}},"1":{"start":{"line":8,"column":17},"end":{"line":8,"column":34}},"2":{"start":{"line":9,"column":20},"end":{"line":9,"column":56}},"3":{"start":{"line":10,"column":15},"end":{"line":10,"column":46}},"4":{"start":{"line":11,"column":15},"end":{"line":11,"column":46}},"5":{"start":{"line":12,"column":25},"end":{"line":12,"column":56}},"6":{"start":{"line":13,"column":19},"end":{"line":13,"column":40}},"7":{"start":{"line":19,"column":8},"end":{"line":19,"column":63}},"8":{"start":{"line":20,"column":8},"end":{"line":20,"column":58}},"9":{"start":{"line":21,"column":8},"end":{"line":21,"column":36}},"10":{"start":{"line":22,"column":8},"end":{"line":22,"column":70}},"11":{"start":{"line":25,"column":0},"end":{"line":25,"column":28}},"12":{"start":{"line":31,"column":8},"end":{"line":31,"column":107}},"13":{"start":{"line":32,"column":8},"end":{"line":32,"column":73}},"14":{"start":{"line":35,"column":0},"end":{"line":35,"column":54}},"15":{"start":{"line":41,"column":8},"end":{"line":41,"column":56}},"16":{"start":{"line":42,"column":8},"end":{"line":42,"column":68}},"17":{"start":{"line":43,"column":8},"end":{"line":43,"column":31}},"18":{"start":{"line":44,"column":8},"end":{"line":44,"column":29}},"19":{"start":{"line":45,"column":8},"end":{"line":49,"column":10}},"20":{"start":{"line":50,"column":8},"end":{"line":50,"column":70}},"21":{"start":{"line":53,"column":0},"end":{"line":53,"column":46}}},"fnMap":{"0":{"name":"(anonymous_0)","decl":{"start":{"line":18,"column":4},"end":{"line":18,"column":5}},"loc":{"start":{"line":18,"column":21},"end":{"line":23,"column":5}},"line":18},"1":{"name":"(anonymous_1)","decl":{"start":{"line":30,"column":4},"end":{"line":30,"column":5}},"loc":{"start":{"line":30,"column":18},"end":{"line":33,"column":5}},"line":30},"2":{"name":"(anonymous_2)","decl":{"start":{"line":40,"column":4},"end":{"line":40,"column":5}},"loc":{"start":{"line":40,"column":33},"end":{"line":51,"column":5}},"line":40}},"branchMap":{},"s":{"0":1,"1":1,"2":1,"3":1,"4":1,"5":1,"6":1,"7":0,"8":0,"9":0,"10":0,"11":1,"12":0,"13":0,"14":1,"15":0,"16":0,"17":0,"18":0,"19":0,"20":0,"21":1},"f":{"0":0,"1":0,"2":0},"b":{},"inputSourceMap":{"version":3,"file":"rootNode.js","sourceRoot":"","sources":["../../../../src/pai/container/common/rootNode.ts"],"names":[],"mappings":";AAAA;;;;GAIG;;AAEH,mCAGgB;AAEhB,yDAOmC;AACnC,+CAA0C;AAC1C,+CAA4C;AAC5C,yDAAsD;AAGtD,yCAAsC;AAEtC;;GAEG;AACH,MAAa,QAAS,SAAQ,mBAAQ;IAElC,YAAY,GAAQ;QAChB,KAAK,CAAC,GAAG,EAAE,iCAAwB,CAAC,QAAQ,CAAC,CAAC;QAFlC,iBAAY,GAAW,6BAAiB,CAAC;QAGrD,IAAI,CAAC,KAAK,GAAG,GAAG,CAAC,QAAQ,EAAE,CAAC;QAC5B,IAAI,CAAC,QAAQ,GAAG,WAAI,CAAC,WAAW,CAAC,oBAAQ,CAAC,CAAC;IAC/C,CAAC;CACJ;AAPD,4BAOC;AAED;;GAEG;AACH,MAAa,qBAAsB,SAAQ,mBAAQ;IAE/C;QACI,KAAK,CAAC,SAAE,CAAC,oCAAoC,CAAC,EAAE,iCAAwB,CAAC,QAAQ,CAAC,CAAC;QAFvE,iBAAY,GAAW,4CAAgC,CAAC;IAGxE,CAAC;CACJ;AALD,sDAKC;AAED;;GAEG;AACH,MAAa,iBAAkB,SAAQ,mBAAQ;IAG3C,YAAY,OAAoB,EAAE,MAAgB;QAC9C,KAAK,CAAC,+BAAc,CAAC,OAAO,CAAC,CAAC,CAAC;QAHnB,iBAAY,GAAW,uCAA2B,CAAC;QAI/D,IAAI,CAAC,OAAO,GAAG,OAAO,CAAC;QACvB,IAAI,CAAC,MAAM,GAAG,MAAM,CAAC;QACrB,IAAI,CAAC,OAAO,GAAG;YACX,KAAK,EAAE,SAAE,CAAC,wBAAwB,CAAC;YACnC,OAAO,EAAE,wCAA4B;YACrC,SAAS,EAAE,CAAC,6BAAiB,EAAE,IAAI,CAAC,OAAO,CAAC;SAC/C,CAAC;QACF,IAAI,CAAC,QAAQ,GAAG,WAAI,CAAC,WAAW,CAAC,oBAAQ,CAAC,CAAC;IAC/C,CAAC;CACJ;AAdD,8CAcC"},"_coverageSchema":"1a1c01bbd47fc00a2c39e90264f33305004495a9","hash":"b1543965e9cb24161a5b02387d1be7c3e87a285b","contentHash":"3ac59bcebdf95fdb77b129ba2a7dead651e8b4e80c7029b1e02c47876cf46dec"},"D:\\Source\\Repos\\openpaivscode\\out\\pai\\storage\\webhdfs-workaround.js":{"path":"D:\\Source\\Repos\\openpaivscode\\out\\pai\\storage\\webhdfs-workaround.js","statementMap":{"0":{"start":{"line":7,"column":0},"end":{"line":7,"column":62}},"1":{"start":{"line":8,"column":16},"end":{"line":8,"column":34}},"2":{"start":{"line":9,"column":23},"end":{"line":9,"column":56}},"3":{"start":{"line":10,"column":16},"end":{"line":10,"column":34}},"4":{"start":{"line":12,"column":19},"end":{"line":12,"column":80}},"5":{"start":{"line":13,"column":4},"end":{"line":43,"column":6}},"6":{"start":{"line":14,"column":25},"end":{"line":17,"column":10}},"7":{"start":{"line":18,"column":8},"end":{"line":42,"column":9}},"8":{"start":{"line":19,"column":37},"end":{"line":24,"column":14}},"9":{"start":{"line":25,"column":33},"end":{"line":25,"column":66}},"10":{"start":{"line":26,"column":12},"end":{"line":28,"column":13}},"11":{"start":{"line":27,"column":16},"end":{"line":27,"column":62}},"12":{"start":{"line":29,"column":27},"end":{"line":29,"column":52}},"13":{"start":{"line":30,"column":12},"end":{"line":37,"column":15}},"14":{"start":{"line":31,"column":16},"end":{"line":36,"column":17}},"15":{"start":{"line":32,"column":20},"end":{"line":32,"column":42}},"16":{"start":{"line":35,"column":20},"end":{"line":35,"column":61}},"17":{"start":{"line":38,"column":12},"end":{"line":38,"column":26}},"18":{"start":{"line":41,"column":12},"end":{"line":41,"column":21}},"19":{"start":{"line":44,"column":4},"end":{"line":44,"column":18}},"20":{"start":{"line":46,"column":0},"end":{"line":46,"column":50}}},"fnMap":{"0":{"name":"createWebHDFSClient","decl":{"start":{"line":11,"column":9},"end":{"line":11,"column":28}},"loc":{"start":{"line":11,"column":108},"end":{"line":45,"column":1}},"line":11},"1":{"name":"(anonymous_1)","decl":{"start":{"line":13,"column":37},"end":{"line":13,"column":38}},"loc":{"start":{"line":13,"column":68},"end":{"line":43,"column":5}},"line":13},"2":{"name":"(anonymous_2)","decl":{"start":{"line":30,"column":36},"end":{"line":30,"column":37}},"loc":{"start":{"line":30,"column":46},"end":{"line":37,"column":13}},"line":30}},"branchMap":{"0":{"loc":{"start":{"line":11,"column":37},"end":{"line":11,"column":51}},"type":"default-arg","locations":[{"start":{"line":11,"column":44},"end":{"line":11,"column":51}}],"line":11},"1":{"loc":{"start":{"line":11,"column":59},"end":{"line":11,"column":79}},"type":"default-arg","locations":[{"start":{"line":11,"column":66},"end":{"line":11,"column":79}}],"line":11},"2":{"loc":{"start":{"line":11,"column":85},"end":{"line":11,"column":104}},"type":"default-arg","locations":[{"start":{"line":11,"column":95},"end":{"line":11,"column":104}}],"line":11},"3":{"loc":{"start":{"line":26,"column":12},"end":{"line":28,"column":13}},"type":"if","locations":[{"start":{"line":26,"column":12},"end":{"line":28,"column":13}},{"start":{"line":26,"column":12},"end":{"line":28,"column":13}}],"line":26},"4":{"loc":{"start":{"line":26,"column":16},"end":{"line":26,"column":68}},"type":"binary-expr","locations":[{"start":{"line":26,"column":16},"end":{"line":26,"column":29}},{"start":{"line":26,"column":33},"end":{"line":26,"column":68}}],"line":26},"5":{"loc":{"start":{"line":31,"column":16},"end":{"line":36,"column":17}},"type":"if","locations":[{"start":{"line":31,"column":16},"end":{"line":36,"column":17}},{"start":{"line":31,"column":16},"end":{"line":36,"column":17}}],"line":31}},"s":{"0":1,"1":1,"2":1,"3":1,"4":0,"5":0,"6":0,"7":0,"8":0,"9":0,"10":0,"11":0,"12":0,"13":0,"14":0,"15":0,"16":0,"17":0,"18":0,"19":0,"20":1},"f":{"0":0,"1":0,"2":0},"b":{"0":[0],"1":[0],"2":[0],"3":[0,0],"4":[0,0],"5":[0,0]},"inputSourceMap":{"version":3,"file":"webhdfs-workaround.js","sourceRoot":"","sources":["../../../src/pai/storage/webhdfs-workaround.ts"],"names":[],"mappings":";AAAA;;;;GAIG;;AAGH,mCAAmC;AACnC,yDAAyD;AACzD,mCAAmC;AAkCnC,SAAgB,mBAAmB,CAAC,EAAE,IAAI,EAAE,IAAI,GAAG,OAAO,EAAE,IAAI,EAAE,IAAI,GAAG,aAAa,EAAmB,EACrE,EAAE,OAAO,GAAG,EAAE,GAAG,IAAI,EAAoB;IACzE,MAAM,MAAM,GAAgB,OAAO,CAAC,YAAY,CAAC,EAAE,IAAI,EAAE,IAAI,EAAE,IAAI,EAAE,IAAI,EAAE,EAAE,EAAE,OAAO,EAAE,CAAC,CAAC;IAE1F,MAAM,CAAC,uBAAuB,GAAG,KAAK,WAA8B,aAAqB;QACrF,MAAM,QAAQ,GAAW,IAAI,CAAC,qBAAqB,CAAC,QAAQ,EAAE,aAAa,EAAE;YACzE,SAAS,EAAE,IAAI;YACf,UAAU,EAAE,MAAM;SACrB,CAAC,CAAC;QACH,IAAI;YACA,MAAM,gBAAgB,GAAgC,MAAM,cAAc,CAAC,GAAG,CAAC;gBAC3E,GAAG,EAAE,QAAQ;gBACb,kBAAkB,EAAE,KAAK;gBACzB,uBAAuB,EAAE,IAAI;gBAC7B,MAAM,EAAE,KAAK;aAChB,CAAC,CAAC;YACH,MAAM,YAAY,GAAuB,gBAAgB,CAAC,OAAO,CAAC,QAAQ,CAAC;YAC3E,IAAI,CAAC,YAAY,IAAI,gBAAgB,CAAC,UAAU,KAAK,GAAG,EAAE;gBACtD,MAAM,IAAI,KAAK,CAAC,4BAA4B,CAAC,CAAC;aACjD;YACD,MAAM,MAAM,GAAoB,OAAO,CAAC,GAAG,CAAC,YAAY,CAAC,CAAC;YAC1D,MAAM,CAAC,IAAI,CAAC,UAAU,EAAE,CAAC,IAAsB,EAAE,EAAE;gBAC/C,IAAI,IAAI,CAAC,UAAU,KAAK,GAAG,EAAE;oBACzB,MAAM,CAAC,IAAI,CAAC,QAAQ,CAAC,CAAC;iBACzB;qBAAM;oBACH,MAAM,CAAC,IAAI,CAAC,OAAO,EAAE,IAAI,CAAC,aAAa,CAAC,CAAC;iBAC5C;YACL,CAAC,CAAC,CAAC;YACH,OAAO,MAAM,CAAC;SACjB;QAAC,OAAO,EAAE,EAAE;YACT,MAAM,EAAE,CAAC;SACZ;IACL,CAAC,CAAC;IACF,OAAO,MAAM,CAAC;AAClB,CAAC;AAlCD,kDAkCC"},"_coverageSchema":"1a1c01bbd47fc00a2c39e90264f33305004495a9","hash":"3be673eb473abd2363eb341c6503c405a50fa068","contentHash":"98a645991752c41a56b0b8059f4edba2bbfbc3b1ba5ded82161e68c0c727460d"}}