{"D:\\Source\\Repos\\openpaivscode\\installYamlExtension.js":{"path":"D:\\Source\\Repos\\openpaivscode\\installYamlExtension.js","statementMap":{"0":{"start":{"line":7,"column":9},"end":{"line":7,"column":22}},"1":{"start":{"line":8,"column":17},"end":{"line":8,"column":40}},"2":{"start":{"line":9,"column":9},"end":{"line":9,"column":22}},"3":{"start":{"line":10,"column":11},"end":{"line":10,"column":26}},"4":{"start":{"line":11,"column":14},"end":{"line":11,"column":32}},"5":{"start":{"line":12,"column":15},"end":{"line":12,"column":34}},"6":{"start":{"line":15,"column":16},"end":{"line":15,"column":24}},"7":{"start":{"line":16,"column":20},"end":{"line":16,"column":57}},"8":{"start":{"line":17,"column":4},"end":{"line":27,"column":16}},"9":{"start":{"line":18,"column":23},"end":{"line":18,"column":56}},"10":{"start":{"line":19,"column":8},"end":{"line":25,"column":9}},"11":{"start":{"line":20,"column":12},"end":{"line":20,"column":33}},"12":{"start":{"line":22,"column":12},"end":{"line":24,"column":13}},"13":{"start":{"line":23,"column":16},"end":{"line":23,"column":30}},"14":{"start":{"line":26,"column":8},"end":{"line":26,"column":22}},"15":{"start":{"line":31,"column":4},"end":{"line":43,"column":7}},"16":{"start":{"line":32,"column":8},"end":{"line":42,"column":9}},"17":{"start":{"line":33,"column":26},"end":{"line":33,"column":66}},"18":{"start":{"line":34,"column":12},"end":{"line":34,"column":49}},"19":{"start":{"line":35,"column":12},"end":{"line":35,"column":54}},"20":{"start":{"line":36,"column":15},"end":{"line":42,"column":9}},"21":{"start":{"line":37,"column":26},"end":{"line":37,"column":65}},"22":{"start":{"line":38,"column":12},"end":{"line":38,"column":49}},"23":{"start":{"line":39,"column":12},"end":{"line":39,"column":54}},"24":{"start":{"line":41,"column":12},"end":{"line":41,"column":30}},"25":{"start":{"line":47,"column":20},"end":{"line":47,"column":27}},"26":{"start":{"line":48,"column":26},"end":{"line":48,"column":101}},"27":{"start":{"line":49,"column":16},"end":{"line":49,"column":119}},"28":{"start":{"line":50,"column":4},"end":{"line":50,"column":50}},"29":{"start":{"line":53,"column":0},"end":{"line":53,"column":29}}},"fnMap":{"0":{"name":"mkDirByPathSync","decl":{"start":{"line":14,"column":9},"end":{"line":14,"column":24}},"loc":{"start":{"line":14,"column":36},"end":{"line":28,"column":1}},"line":14},"1":{"name":"(anonymous_1)","decl":{"start":{"line":17,"column":39},"end":{"line":17,"column":40}},"loc":{"start":{"line":17,"column":64},"end":{"line":27,"column":5}},"line":17},"2":{"name":"downloadAndUnzipExtension","decl":{"start":{"line":30,"column":15},"end":{"line":30,"column":40}},"loc":{"start":{"line":30,"column":52},"end":{"line":44,"column":1}},"line":30},"3":{"name":"(anonymous_3)","decl":{"start":{"line":31,"column":52},"end":{"line":31,"column":53}},"loc":{"start":{"line":31,"column":69},"end":{"line":43,"column":5}},"line":31},"4":{"name":"installVscodeYamlExtension","decl":{"start":{"line":46,"column":9},"end":{"line":46,"column":35}},"loc":{"start":{"line":46,"column":38},"end":{"line":51,"column":1}},"line":46}},"branchMap":{"0":{"loc":{"start":{"line":16,"column":20},"end":{"line":16,"column":57}},"type":"cond-expr","locations":[{"start":{"line":16,"column":49},"end":{"line":16,"column":52}},{"start":{"line":16,"column":55},"end":{"line":16,"column":57}}],"line":16},"1":{"loc":{"start":{"line":22,"column":12},"end":{"line":24,"column":13}},"type":"if","locations":[{"start":{"line":22,"column":12},"end":{"line":24,"column":13}},{"start":{"line":22,"column":12},"end":{"line":24,"column":13}}],"line":22},"2":{"loc":{"start":{"line":32,"column":8},"end":{"line":42,"column":9}},"type":"if","locations":[{"start":{"line":32,"column":8},"end":{"line":42,"column":9}},{"start":{"line":32,"column":8},"end":{"line":42,"column":9}}],"line":32},"3":{"loc":{"start":{"line":36,"column":15},"end":{"line":42,"column":9}},"type":"if","locations":[{"start":{"line":36,"column":15},"end":{"line":42,"column":9}},{"start":{"line":36,"column":15},"end":{"line":42,"column":9}}],"line":36}},"s":{"0":0,"1":0,"2":0,"3":0,"4":0,"5":0,"6":0,"7":0,"8":0,"9":0,"10":0,"11":0,"12":0,"13":0,"14":0,"15":0,"16":0,"17":0,"18":0,"19":0,"20":0,"21":0,"22":0,"23":0,"24":0,"25":0,"26":0,"27":0,"28":0,"29":0},"f":{"0":0,"1":0,"2":0,"3":0,"4":0},"b":{"0":[0,0],"1":[0,0],"2":[0,0],"3":[0,0]},"all":true},"D:\\Source\\Repos\\openpaivscode\\out\\common\\constants.js":{"path":"D:\\Source\\Repos\\openpaivscode\\out\\common\\constants.js","statementMap":{"0":{"start":{"line":7,"column":0},"end":{"line":7,"column":62}},"1":{"start":{"line":8,"column":13},"end":{"line":8,"column":28}},"2":{"start":{"line":10,"column":0},"end":{"line":10,"column":51}},"3":{"start":{"line":11,"column":0},"end":{"line":11,"column":53}},"4":{"start":{"line":12,"column":0},"end":{"line":12,"column":57}},"5":{"start":{"line":13,"column":0},"end":{"line":13,"column":59}},"6":{"start":{"line":14,"column":0},"end":{"line":14,"column":69}},"7":{"start":{"line":15,"column":0},"end":{"line":15,"column":71}},"8":{"start":{"line":16,"column":0},"end":{"line":16,"column":75}},"9":{"start":{"line":17,"column":0},"end":{"line":17,"column":77}},"10":{"start":{"line":18,"column":0},"end":{"line":18,"column":53}},"11":{"start":{"line":19,"column":0},"end":{"line":19,"column":45}},"12":{"start":{"line":20,"column":0},"end":{"line":20,"column":47}},"13":{"start":{"line":21,"column":0},"end":{"line":21,"column":59}},"14":{"start":{"line":22,"column":0},"end":{"line":22,"column":63}},"15":{"start":{"line":23,"column":0},"end":{"line":23,"column":67}},"16":{"start":{"line":24,"column":0},"end":{"line":24,"column":55}},"17":{"start":{"line":25,"column":0},"end":{"line":25,"column":77}},"18":{"start":{"line":26,"column":0},"end":{"line":26,"column":75}},"19":{"start":{"line":27,"column":0},"end":{"line":27,"column":79}},"20":{"start":{"line":28,"column":0},"end":{"line":28,"column":67}},"21":{"start":{"line":29,"column":0},"end":{"line":29,"column":71}},"22":{"start":{"line":30,"column":0},"end":{"line":30,"column":69}},"23":{"start":{"line":31,"column":0},"end":{"line":31,"column":73}},"24":{"start":{"line":32,"column":0},"end":{"line":32,"column":61}},"25":{"start":{"line":33,"column":0},"end":{"line":33,"column":57}},"26":{"start":{"line":34,"column":0},"end":{"line":34,"column":63}},"27":{"start":{"line":35,"column":0},"end":{"line":35,"column":81}},"28":{"start":{"line":36,"column":0},"end":{"line":36,"column":63}},"29":{"start":{"line":37,"column":0},"end":{"line":37,"column":65}},"30":{"start":{"line":38,"column":0},"end":{"line":38,"column":53}},"31":{"start":{"line":39,"column":0},"end":{"line":39,"column":53}},"32":{"start":{"line":40,"column":0},"end":{"line":40,"column":68}},"33":{"start":{"line":41,"column":0},"end":{"line":41,"column":69}},"34":{"start":{"line":42,"column":0},"end":{"line":42,"column":65}},"35":{"start":{"line":43,"column":0},"end":{"line":43,"column":57}},"36":{"start":{"line":44,"column":0},"end":{"line":44,"column":61}},"37":{"start":{"line":45,"column":0},"end":{"line":45,"column":68}},"38":{"start":{"line":46,"column":0},"end":{"line":46,"column":71}},"39":{"start":{"line":47,"column":0},"end":{"line":47,"column":77}},"40":{"start":{"line":48,"column":0},"end":{"line":48,"column":77}},"41":{"start":{"line":49,"column":0},"end":{"line":49,"column":63}},"42":{"start":{"line":50,"column":0},"end":{"line":50,"column":67}},"43":{"start":{"line":51,"column":0},"end":{"line":51,"column":73}},"44":{"start":{"line":52,"column":0},"end":{"line":52,"column":73}},"45":{"start":{"line":53,"column":0},"end":{"line":53,"column":79}},"46":{"start":{"line":54,"column":0},"end":{"line":54,"column":71}},"47":{"start":{"line":55,"column":0},"end":{"line":55,"column":69}},"48":{"start":{"line":56,"column":0},"end":{"line":56,"column":79}},"49":{"start":{"line":57,"column":0},"end":{"line":57,"column":73}},"50":{"start":{"line":58,"column":0},"end":{"line":58,"column":93}},"51":{"start":{"line":59,"column":0},"end":{"line":59,"column":48}},"52":{"start":{"line":60,"column":0},"end":{"line":60,"column":56}},"53":{"start":{"line":61,"column":0},"end":{"line":61,"column":49}},"54":{"start":{"line":62,"column":0},"end":{"line":62,"column":42}},"55":{"start":{"line":63,"column":0},"end":{"line":63,"column":46}},"56":{"start":{"line":64,"column":0},"end":{"line":64,"column":42}},"57":{"start":{"line":65,"column":0},"end":{"line":65,"column":63}},"58":{"start":{"line":66,"column":0},"end":{"line":66,"column":54}},"59":{"start":{"line":67,"column":0},"end":{"line":67,"column":63}},"60":{"start":{"line":68,"column":0},"end":{"line":68,"column":63}},"61":{"start":{"line":69,"column":0},"end":{"line":69,"column":57}},"62":{"start":{"line":70,"column":0},"end":{"line":70,"column":69}},"63":{"start":{"line":71,"column":0},"end":{"line":71,"column":65}},"64":{"start":{"line":72,"column":0},"end":{"line":72,"column":65}},"65":{"start":{"line":73,"column":0},"end":{"line":73,"column":50}},"66":{"start":{"line":74,"column":0},"end":{"line":74,"column":46}},"67":{"start":{"line":75,"column":0},"end":{"line":75,"column":59}},"68":{"start":{"line":76,"column":0},"end":{"line":76,"column":48}},"69":{"start":{"line":77,"column":0},"end":{"line":77,"column":52}},"70":{"start":{"line":78,"column":0},"end":{"line":78,"column":57}},"71":{"start":{"line":79,"column":0},"end":{"line":79,"column":55}},"72":{"start":{"line":80,"column":0},"end":{"line":80,"column":55}},"73":{"start":{"line":81,"column":0},"end":{"line":81,"column":54}},"74":{"start":{"line":82,"column":0},"end":{"line":82,"column":42}},"75":{"start":{"line":83,"column":0},"end":{"line":83,"column":52}},"76":{"start":{"line":84,"column":0},"end":{"line":87,"column":2}},"77":{"start":{"line":88,"column":0},"end":{"line":88,"column":40}},"78":{"start":{"line":89,"column":0},"end":{"line":89,"column":54}},"79":{"start":{"line":90,"column":0},"end":{"line":90,"column":54}},"80":{"start":{"line":91,"column":0},"end":{"line":91,"column":54}},"81":{"start":{"line":92,"column":0},"end":{"line":92,"column":44}},"82":{"start":{"line":93,"column":0},"end":{"line":93,"column":72}},"83":{"start":{"line":94,"column":0},"end":{"line":94,"column":74}},"84":{"start":{"line":95,"column":0},"end":{"line":95,"column":72}},"85":{"start":{"line":96,"column":0},"end":{"line":96,"column":72}},"86":{"start":{"line":97,"column":0},"end":{"line":97,"column":56}},"87":{"start":{"line":98,"column":0},"end":{"line":98,"column":55}},"88":{"start":{"line":99,"column":0},"end":{"line":102,"column":2}},"89":{"start":{"line":103,"column":0},"end":{"line":103,"column":39}},"90":{"start":{"line":104,"column":0},"end":{"line":107,"column":2}},"91":{"start":{"line":108,"column":0},"end":{"line":111,"column":2}},"92":{"start":{"line":112,"column":0},"end":{"line":115,"column":2}},"93":{"start":{"line":116,"column":0},"end":{"line":116,"column":49}},"94":{"start":{"line":117,"column":0},"end":{"line":120,"column":2}},"95":{"start":{"line":121,"column":0},"end":{"line":124,"column":2}},"96":{"start":{"line":125,"column":0},"end":{"line":125,"column":39}},"97":{"start":{"line":126,"column":0},"end":{"line":126,"column":37}},"98":{"start":{"line":127,"column":0},"end":{"line":127,"column":39}},"99":{"start":{"line":128,"column":0},"end":{"line":128,"column":35}},"100":{"start":{"line":129,"column":0},"end":{"line":129,"column":33}},"101":{"start":{"line":130,"column":0},"end":{"line":130,"column":43}},"102":{"start":{"line":131,"column":0},"end":{"line":131,"column":41}},"103":{"start":{"line":132,"column":0},"end":{"line":132,"column":45}},"104":{"start":{"line":133,"column":0},"end":{"line":136,"column":2}},"105":{"start":{"line":137,"column":0},"end":{"line":137,"column":41}},"106":{"start":{"line":138,"column":0},"end":{"line":138,"column":37}},"107":{"start":{"line":139,"column":0},"end":{"line":139,"column":43}},"108":{"start":{"line":140,"column":0},"end":{"line":140,"column":48}},"109":{"start":{"line":141,"column":0},"end":{"line":141,"column":52}},"110":{"start":{"line":142,"column":0},"end":{"line":142,"column":57}},"111":{"start":{"line":143,"column":0},"end":{"line":143,"column":67}},"112":{"start":{"line":144,"column":0},"end":{"line":144,"column":110}},"113":{"start":{"line":145,"column":0},"end":{"line":145,"column":49}},"114":{"start":{"line":146,"column":0},"end":{"line":146,"column":64}},"115":{"start":{"line":147,"column":0},"end":{"line":147,"column":35}},"116":{"start":{"line":148,"column":0},"end":{"line":148,"column":75}}},"fnMap":{},"branchMap":{},"s":{"0":0,"1":0,"2":0,"3":0,"4":0,"5":0,"6":0,"7":0,"8":0,"9":0,"10":0,"11":0,"12":0,"13":0,"14":0,"15":0,"16":0,"17":0,"18":0,"19":0,"20":0,"21":0,"22":0,"23":0,"24":0,"25":0,"26":0,"27":0,"28":0,"29":0,"30":0,"31":0,"32":0,"33":0,"34":0,"35":0,"36":0,"37":0,"38":0,"39":0,"40":0,"41":0,"42":0,"43":0,"44":0,"45":0,"46":0,"47":0,"48":0,"49":0,"50":0,"51":0,"52":0,"53":0,"54":0,"55":0,"56":0,"57":0,"58":0,"59":0,"60":0,"61":0,"62":0,"63":0,"64":0,"65":0,"66":0,"67":0,"68":0,"69":0,"70":0,"71":0,"72":0,"73":0,"74":0,"75":0,"76":0,"77":0,"78":0,"79":0,"80":0,"81":0,"82":0,"83":0,"84":0,"85":0,"86":0,"87":0,"88":0,"89":0,"90":0,"91":0,"92":0,"93":0,"94":0,"95":0,"96":0,"97":0,"98":0,"99":0,"100":0,"101":0,"102":0,"103":0,"104":0,"105":0,"106":0,"107":0,"108":0,"109":0,"110":0,"111":0,"112":0,"113":0,"114":0,"115":0,"116":0},"f":{},"b":{},"inputSourceMap":{"version":3,"file":"constants.js","sourceRoot":"","sources":["../../src/common/constants.ts"],"names":[],"mappings":";AAAA;;;;GAIG;;AAEH,6BAA6B;AAE7B,4BAA4B;AACf,QAAA,mBAAmB,GAAG,oBAAoB,CAAC;AAC3C,QAAA,oBAAoB,GAAG,qBAAqB,CAAC;AAC7C,QAAA,sBAAsB,GAAG,uBAAuB,CAAC;AACjD,QAAA,uBAAuB,GAAG,wBAAwB,CAAC;AACnD,QAAA,4BAA4B,GAAG,6BAA6B,CAAC;AAC7D,QAAA,6BAA6B,GAAG,8BAA8B,CAAC;AAC/D,QAAA,+BAA+B,GAAG,gCAAgC,CAAC;AACnE,QAAA,gCAAgC,GAAG,iCAAiC,CAAC;AACrE,QAAA,oBAAoB,GAAG,qBAAqB,CAAC;AAC7C,QAAA,gBAAgB,GAAG,iBAAiB,CAAC;AACrC,QAAA,iBAAiB,GAAG,kBAAkB,CAAC;AACvC,QAAA,uBAAuB,GAAG,wBAAwB,CAAC;AACnD,QAAA,yBAAyB,GAAG,0BAA0B,CAAC;AACvD,QAAA,2BAA2B,GAAG,4BAA4B,CAAC;AAC3D,QAAA,qBAAqB,GAAG,sBAAsB,CAAC;AAC/C,QAAA,gCAAgC,GAAG,iCAAiC,CAAC;AACrE,QAAA,+BAA+B,GAAG,gCAAgC,CAAC;AACnE,QAAA,iCAAiC,GAAG,kCAAkC,CAAC;AACvE,QAAA,2BAA2B,GAAG,4BAA4B,CAAC;AAC3D,QAAA,6BAA6B,GAAG,8BAA8B,CAAC;AAC/D,QAAA,4BAA4B,GAAG,6BAA6B,CAAC;AAC7D,QAAA,8BAA8B,GAAG,+BAA+B,CAAC;AACjE,QAAA,wBAAwB,GAAG,yBAAyB,CAAC;AACrD,QAAA,sBAAsB,GAAG,uBAAuB,CAAC;AACjD,QAAA,yBAAyB,GAAG,0BAA0B,CAAC;AACvD,QAAA,+BAA+B,GAAG,sCAAsC,CAAC;AACzE,QAAA,yBAAyB,GAAG,0BAA0B,CAAC;AACvD,QAAA,sBAAsB,GAAG,+BAA+B,CAAC;AACzD,QAAA,gBAAgB,GAAG,yBAAyB,CAAC;AAC7C,QAAA,gBAAgB,GAAG,yBAAyB,CAAC;AAC7C,QAAA,4BAA4B,GAAG,4BAA4B,CAAC;AAC5D,QAAA,4BAA4B,GAAG,6BAA6B,CAAC;AAC7D,QAAA,0BAA0B,GAAG,2BAA2B,CAAC;AACzD,QAAA,kBAAkB,GAAG,2BAA2B,CAAC;AACjD,QAAA,oBAAoB,GAAG,6BAA6B,CAAC;AACrD,QAAA,yBAAyB,GAAG,+BAA+B,CAAC;AAC5D,QAAA,yBAAyB,GAAG,kCAAkC,CAAC;AAC/D,QAAA,4BAA4B,GAAG,qCAAqC,CAAC;AACrE,QAAA,4BAA4B,GAAG,qCAAqC,CAAC;AACrE,QAAA,yBAAyB,GAAG,0BAA0B,CAAC;AACvD,QAAA,2BAA2B,GAAG,4BAA4B,CAAC;AAC3D,QAAA,8BAA8B,GAAG,+BAA+B,CAAC;AACjE,QAAA,8BAA8B,GAAG,+BAA+B,CAAC;AACjE,QAAA,iCAAiC,GAAG,kCAAkC,CAAC;AACvE,QAAA,6BAA6B,GAAG,8BAA8B,CAAC;AAC/D,QAAA,4BAA4B,GAAG,6BAA6B,CAAC;AAC7D,QAAA,iCAAiC,GAAG,kCAAkC,CAAC;AACvE,QAAA,8BAA8B,GAAG,+BAA+B,CAAC;AACjE,QAAA,wCAAwC,GAAG,yCAAyC,CAAC;AAErF,QAAA,uBAAuB,GAAG,aAAa,CAAC;AACxC,QAAA,0BAA0B,GAAG,kBAAkB,CAAC;AAEhD,QAAA,mBAAmB,GAAG,kBAAkB,CAAC;AACzC,QAAA,iBAAiB,GAAG,aAAa,CAAC;AAClC,QAAA,mBAAmB,GAAG,eAAe,CAAC;AACtC,QAAA,iBAAiB,GAAG,aAAa,CAAC;AAClC,QAAA,gCAAgC,GAAG,mBAAmB,CAAC;AACvD,QAAA,2BAA2B,GAAG,eAAe,CAAC;AAE9C,QAAA,4BAA4B,GAAG,uBAAuB,CAAC;AACvD,QAAA,4BAA4B,GAAG,uBAAuB,CAAC;AACvD,QAAA,yBAAyB,GAAG,oBAAoB,CAAC;AACjD,QAAA,+BAA+B,GAAG,0BAA0B,CAAC;AAC7D,QAAA,6BAA6B,GAAG,wBAAwB,CAAC;AACzD,QAAA,6BAA6B,GAAG,wBAAwB,CAAC;AACzD,QAAA,qBAAqB,GAAG,iBAAiB,CAAC;AAC1C,QAAA,mBAAmB,GAAG,eAAe,CAAC;AACtC,QAAA,0BAA0B,GAAG,qBAAqB,CAAC;AACnD,QAAA,oBAAoB,GAAG,gBAAgB,CAAC;AACxC,QAAA,sBAAsB,GAAG,kBAAkB,CAAC;AAC5C,QAAA,yBAAyB,GAAG,oBAAoB,CAAC;AAEjD,QAAA,sBAAsB,GAAG,qBAAqB,CAAC;AAE/C,QAAA,sBAAsB,GAAG,qBAAqB,CAAC;AAC/C,QAAA,uBAAuB,GAAG,mBAAmB,CAAC;AAE9C,QAAA,oBAAoB,GAAG,UAAU,CAAC;AAClC,QAAA,8BAA8B,GAAG,UAAU,CAAC;AAC5C,QAAA,2BAA2B,GAAG;IACvC,OAAO,EAAE,SAAS;IAClB,QAAQ,EAAE,UAAU;CACvB,CAAC;AACW,QAAA,mBAAmB,GAAG,SAAS,CAAC;AAChC,QAAA,0BAA0B,GAAG,gBAAgB,CAAC;AAC9C,QAAA,0BAA0B,GAAG,gBAAgB,CAAC;AAC9C,QAAA,0BAA0B,GAAG,gBAAgB,CAAC;AAC9C,QAAA,qBAAqB,GAAG,WAAW,CAAC;AACpC,QAAA,mCAAmC,GAAG,yBAAyB,CAAC;AAChE,QAAA,oCAAoC,GAAG,0BAA0B,CAAC;AAClE,QAAA,mCAAmC,GAAG,yBAAyB,CAAC;AAChE,QAAA,mCAAmC,GAAG,yBAAyB,CAAC;AAChE,QAAA,2BAA2B,GAAG,iBAAiB,CAAC;AAChD,QAAA,+BAA+B,GAAG,YAAY,CAAC;AAE/C,QAAA,QAAQ,GAAG;IACpB,KAAK,EAAE,qBAAqB;IAC5B,IAAI,EAAE,oBAAoB;CAC7B,CAAC;AACW,QAAA,SAAS,GAAG,kBAAkB,CAAC;AAC/B,QAAA,SAAS,GAAG;IACrB,KAAK,EAAE,2BAA2B;IAClC,IAAI,EAAE,0BAA0B;CACnC,CAAC;AACW,QAAA,cAAc,GAAG;IAC1B,KAAK,EAAE,gCAAgC;IACvC,IAAI,EAAE,+BAA+B;CACxC,CAAC;AACW,QAAA,aAAa,GAAG;IACzB,KAAK,EAAE,6BAA6B;IACpC,IAAI,EAAE,4BAA4B;CACrC,CAAC;AACW,QAAA,eAAe,GAAG,sBAAsB,CAAC;AACzC,QAAA,iBAAiB,GAAG;IAC7B,KAAK,EAAE,4BAA4B;IACnC,IAAI,EAAE,iCAAiC;CAC1C,CAAC;AACW,QAAA,kBAAkB,GAAG;IAC9B,KAAK,EAAE,wBAAwB;IAC/B,IAAI,EAAE,6BAA6B;CACtC,CAAC;AACW,QAAA,UAAU,GAAG,iBAAiB,CAAC;AAC/B,QAAA,SAAS,GAAG,gBAAgB,CAAC;AAC7B,QAAA,UAAU,GAAG,iBAAiB,CAAC;AAC/B,QAAA,QAAQ,GAAG,eAAe,CAAC;AAC3B,QAAA,OAAO,GAAG,cAAc,CAAC;AACzB,QAAA,YAAY,GAAG,mBAAmB,CAAC;AACnC,QAAA,WAAW,GAAG,kBAAkB,CAAC;AACjC,QAAA,aAAa,GAAG,oBAAoB,CAAC;AACrC,QAAA,YAAY,GAAG;IACxB,KAAK,EAAE,mBAAmB;IAC1B,IAAI,EAAE,wBAAwB;CACjC,CAAC;AACW,QAAA,WAAW,GAAG,kBAAkB,CAAC;AACjC,QAAA,SAAS,GAAG,gBAAgB,CAAC;AAC7B,QAAA,YAAY,GAAG,mBAAmB,CAAC;AAEnC,QAAA,mBAAmB,GAAG,iBAAiB,CAAC;AACxC,QAAA,qBAAqB,GAAG,mBAAmB,CAAC;AAE5C,QAAA,iBAAiB,GAAG,4BAA4B,CAAC;AACjD,QAAA,sBAAsB,GAAG,iCAAiC,CAAC;AAC3D,QAAA,2BAA2B,GAAG,IAAI,CAAC,IAAI,CAAC,SAAS,EAAE,iBAAiB,8BAAsB,EAAE,CAAC,CAAC;AAE9F,QAAA,iBAAiB,GAAG,oBAAoB,CAAC;AACzC,QAAA,uBAAuB,GAAG,6BAA6B,CAAC;AAExD,QAAA,cAAc,GAAG,SAAS,CAAC;AAC3B,QAAA,0BAA0B,GAAG,sBAAc,GAAG,YAAY,CAAC"},"all":true},"D:\\Source\\Repos\\openpaivscode\\out\\common\\i18n.js":{"path":"D:\\Source\\Repos\\openpaivscode\\out\\common\\i18n.js","statementMap":{"0":{"start":{"line":7,"column":0},"end":{"line":7,"column":62}},"1":{"start":{"line":8,"column":18},"end":{"line":8,"column":38}},"2":{"start":{"line":9,"column":15},"end":{"line":9,"column":32}},"3":{"start":{"line":10,"column":0},"end":{"line":10,"column":62}},"4":{"start":{"line":11,"column":0},"end":{"line":11,"column":56}},"5":{"start":{"line":12,"column":0},"end":{"line":12,"column":58}},"6":{"start":{"line":13,"column":0},"end":{"line":13,"column":78}},"7":{"start":{"line":14,"column":0},"end":{"line":24,"column":2}},"8":{"start":{"line":16,"column":4},"end":{"line":22,"column":5}},"9":{"start":{"line":17,"column":8},"end":{"line":17,"column":64}},"10":{"start":{"line":20,"column":8},"end":{"line":20,"column":58}},"11":{"start":{"line":21,"column":8},"end":{"line":21,"column":25}},"12":{"start":{"line":23,"column":4},"end":{"line":23,"column":18}}},"fnMap":{"0":{"name":"(anonymous_0)","decl":{"start":{"line":14,"column":13},"end":{"line":14,"column":14}},"loc":{"start":{"line":14,"column":26},"end":{"line":24,"column":1}},"line":14}},"branchMap":{"0":{"loc":{"start":{"line":13,"column":17},"end":{"line":13,"column":76}},"type":"cond-expr","locations":[{"start":{"line":13,"column":65},"end":{"line":13,"column":69}},{"start":{"line":13,"column":72},"end":{"line":13,"column":76}}],"line":13}},"s":{"0":0,"1":0,"2":0,"3":0,"4":0,"5":0,"6":0,"7":0,"8":0,"9":0,"10":0,"11":0,"12":0},"f":{"0":0},"b":{"0":[0,0]},"inputSourceMap":{"version":3,"file":"i18n.js","sourceRoot":"","sources":["../../src/common/i18n.ts"],"names":[],"mappings":";AAAA;;;;GAIG;;AAEH,uCAAuC;AACvC,iCAAiC;AAEjC,SAAS,CAAC,IAAI,CAAC,OAAO,CAAC,oCAAoC,CAAC,CAAC,CAAC,CAAC,sBAAsB;AACrF,SAAS,CAAC,IAAI,CAAC,OAAO,CAAC,8BAA8B,CAAC,CAAC,CAAC,CAAC,sBAAsB;AAC/E,SAAS,CAAC,YAAY,CAAC,OAAO,CAAC,wBAAwB,CAAC,CAAC,CAAC,CAAC,sBAAsB;AACjF,SAAS,CAAC,MAAM,CAAC,MAAM,CAAC,GAAG,CAAC,QAAQ,CAAC,WAAW,EAAE,KAAK,OAAO,CAAC,CAAC,CAAC,IAAI,CAAC,CAAC,CAAC,IAAI,CAAC,CAAC;AAIjE,QAAA,EAAE,GAAuB,CAAC,GAAG,IAAS,EAAU,EAAE;IAC3D,IAAI,MAAc,CAAC;IACnB,IAAI;QACA,MAAM,GAAG,SAAS,CAAC,aAAa,CAAC,KAAK,CAAC,SAAS,EAAE,IAAI,CAAC,CAAC;KAC3D;IAAC,WAAM;QACJ,OAAO,CAAC,KAAK,CAAC,yBAAyB,EAAE,IAAI,CAAC,CAAC,CAAC,CAAC,CAAC;QAClD,MAAM,GAAG,IAAI,CAAC,CAAC,CAAC,CAAC;KACpB;IAED,OAAO,MAAM,CAAC;AAClB,CAAC,CAAC"},"all":true},"D:\\Source\\Repos\\openpaivscode\\out\\common\\previewHtml.js":{"path":"D:\\Source\\Repos\\openpaivscode\\out\\common\\previewHtml.js","statementMap":{"0":{"start":{"line":7,"column":17},"end":{"line":12,"column":1}},"1":{"start":{"line":8,"column":12},"end":{"line":8,"column":28}},"2":{"start":{"line":8,"column":34},"end":{"line":8,"column":125}},"3":{"start":{"line":9,"column":4},"end":{"line":10,"column":150}},"4":{"start":{"line":9,"column":79},"end":{"line":9,"column":131}},"5":{"start":{"line":10,"column":9},"end":{"line":10,"column":150}},"6":{"start":{"line":10,"column":22},"end":{"line":10,"column":43}},"7":{"start":{"line":10,"column":58},"end":{"line":10,"column":150}},"8":{"start":{"line":10,"column":81},"end":{"line":10,"column":150}},"9":{"start":{"line":11,"column":4},"end":{"line":11,"column":66}},"10":{"start":{"line":13,"column":17},"end":{"line":15,"column":1}},"11":{"start":{"line":14,"column":4},"end":{"line":14,"column":109}},"12":{"start":{"line":14,"column":79},"end":{"line":14,"column":109}},"13":{"start":{"line":16,"column":0},"end":{"line":16,"column":62}},"14":{"start":{"line":17,"column":20},"end":{"line":17,"column":40}},"15":{"start":{"line":18,"column":20},"end":{"line":18,"column":42}},"16":{"start":{"line":19,"column":15},"end":{"line":19,"column":32}},"17":{"start":{"line":20,"column":20},"end":{"line":20,"column":42}},"18":{"start":{"line":21,"column":20},"end":{"line":21,"column":42}},"19":{"start":{"line":22,"column":15},"end":{"line":22,"column":32}},"20":{"start":{"line":24,"column":4},"end":{"line":30,"column":13}},"21":{"start":{"line":35,"column":30},"end":{"line":46,"column":1}},"22":{"start":{"line":37,"column":8},"end":{"line":37,"column":16}},"23":{"start":{"line":38,"column":8},"end":{"line":38,"column":31}},"24":{"start":{"line":39,"column":8},"end":{"line":39,"column":113}},"25":{"start":{"line":42,"column":22},"end":{"line":42,"column":31}},"26":{"start":{"line":43,"column":23},"end":{"line":43,"column":51}},"27":{"start":{"line":44,"column":8},"end":{"line":44,"column":36}},"28":{"start":{"line":47,"column":0},"end":{"line":50,"column":28}},"29":{"start":{"line":51,"column":0},"end":{"line":51,"column":58}},"30":{"start":{"line":53,"column":4},"end":{"line":53,"column":34}},"31":{"start":{"line":57,"column":4},"end":{"line":59,"column":44}},"32":{"start":{"line":61,"column":0},"end":{"line":61,"column":34}},"33":{"start":{"line":63,"column":4},"end":{"line":63,"column":34}},"34":{"start":{"line":64,"column":18},"end":{"line":64,"column":174}},"35":{"start":{"line":65,"column":4},"end":{"line":65,"column":89}},"36":{"start":{"line":66,"column":4},"end":{"line":66,"column":43}},"37":{"start":{"line":68,"column":0},"end":{"line":68,"column":38}}},"fnMap":{"0":{"name":"(anonymous_0)","decl":{"start":{"line":7,"column":46},"end":{"line":7,"column":47}},"loc":{"start":{"line":7,"column":87},"end":{"line":12,"column":1}},"line":7},"1":{"name":"(anonymous_1)","decl":{"start":{"line":13,"column":46},"end":{"line":13,"column":47}},"loc":{"start":{"line":13,"column":62},"end":{"line":15,"column":1}},"line":13},"2":{"name":"generateHtml","decl":{"start":{"line":23,"column":9},"end":{"line":23,"column":21}},"loc":{"start":{"line":23,"column":27},"end":{"line":31,"column":1}},"line":23},"3":{"name":"(anonymous_3)","decl":{"start":{"line":36,"column":4},"end":{"line":36,"column":5}},"loc":{"start":{"line":36,"column":18},"end":{"line":40,"column":5}},"line":36},"4":{"name":"(anonymous_4)","decl":{"start":{"line":41,"column":4},"end":{"line":41,"column":5}},"loc":{"start":{"line":41,"column":36},"end":{"line":45,"column":5}},"line":41},"5":{"name":"previewHtml","decl":{"start":{"line":52,"column":15},"end":{"line":52,"column":26}},"loc":{"start":{"line":52,"column":39},"end":{"line":60,"column":1}},"line":52},"6":{"name":"openInWebView","decl":{"start":{"line":62,"column":15},"end":{"line":62,"column":28}},"loc":{"start":{"line":62,"column":41},"end":{"line":67,"column":1}},"line":62}},"branchMap":{"0":{"loc":{"start":{"line":7,"column":17},"end":{"line":12,"column":1}},"type":"binary-expr","locations":[{"start":{"line":7,"column":18},"end":{"line":7,"column":22}},{"start":{"line":7,"column":26},"end":{"line":7,"column":41}},{"start":{"line":7,"column":46},"end":{"line":12,"column":1}}],"line":7},"1":{"loc":{"start":{"line":8,"column":34},"end":{"line":8,"column":125}},"type":"cond-expr","locations":[{"start":{"line":8,"column":42},"end":{"line":8,"column":48}},{"start":{"line":8,"column":51},"end":{"line":8,"column":125}}],"line":8},"2":{"loc":{"start":{"line":8,"column":51},"end":{"line":8,"column":125}},"type":"cond-expr","locations":[{"start":{"line":8,"column":67},"end":{"line":8,"column":118}},{"start":{"line":8,"column":121},"end":{"line":8,"column":125}}],"line":8},"3":{"loc":{"start":{"line":9,"column":4},"end":{"line":10,"column":150}},"type":"if","locations":[{"start":{"line":9,"column":4},"end":{"line":10,"column":150}},{"start":{"line":9,"column":4},"end":{"line":10,"column":150}}],"line":9},"4":{"loc":{"start":{"line":9,"column":8},"end":{"line":9,"column":77}},"type":"binary-expr","locations":[{"start":{"line":9,"column":8},"end":{"line":9,"column":35}},{"start":{"line":9,"column":39},"end":{"line":9,"column":77}}],"line":9},"5":{"loc":{"start":{"line":10,"column":58},"end":{"line":10,"column":150}},"type":"if","locations":[{"start":{"line":10,"column":58},"end":{"line":10,"column":150}},{"start":{"line":10,"column":58},"end":{"line":10,"column":150}}],"line":10},"6":{"loc":{"start":{"line":10,"column":85},"end":{"line":10,"column":149}},"type":"binary-expr","locations":[{"start":{"line":10,"column":86},"end":{"line":10,"column":143}},{"start":{"line":10,"column":148},"end":{"line":10,"column":149}}],"line":10},"7":{"loc":{"start":{"line":10,"column":86},"end":{"line":10,"column":143}},"type":"cond-expr","locations":[{"start":{"line":10,"column":94},"end":{"line":10,"column":98}},{"start":{"line":10,"column":101},"end":{"line":10,"column":143}}],"line":10},"8":{"loc":{"start":{"line":10,"column":101},"end":{"line":10,"column":143}},"type":"cond-expr","locations":[{"start":{"line":10,"column":109},"end":{"line":10,"column":126}},{"start":{"line":10,"column":129},"end":{"line":10,"column":143}}],"line":10},"9":{"loc":{"start":{"line":11,"column":11},"end":{"line":11,"column":62}},"type":"binary-expr","locations":[{"start":{"line":11,"column":11},"end":{"line":11,"column":16}},{"start":{"line":11,"column":20},"end":{"line":11,"column":21}},{"start":{"line":11,"column":25},"end":{"line":11,"column":62}}],"line":11},"10":{"loc":{"start":{"line":13,"column":17},"end":{"line":15,"column":1}},"type":"binary-expr","locations":[{"start":{"line":13,"column":18},"end":{"line":13,"column":22}},{"start":{"line":13,"column":26},"end":{"line":13,"column":41}},{"start":{"line":13,"column":46},"end":{"line":15,"column":1}}],"line":13},"11":{"loc":{"start":{"line":14,"column":4},"end":{"line":14,"column":109}},"type":"if","locations":[{"start":{"line":14,"column":4},"end":{"line":14,"column":109}},{"start":{"line":14,"column":4},"end":{"line":14,"column":109}}],"line":14},"12":{"loc":{"start":{"line":14,"column":8},"end":{"line":14,"column":77}},"type":"binary-expr","locations":[{"start":{"line":14,"column":8},"end":{"line":14,"column":35}},{"start":{"line":14,"column":39},"end":{"line":14,"column":77}}],"line":14}},"s":{"0":0,"1":0,"2":0,"3":0,"4":0,"5":0,"6":0,"7":0,"8":0,"9":0,"10":0,"11":0,"12":0,"13":0,"14":0,"15":0,"16":0,"17":0,"18":0,"19":0,"20":0,"21":0,"22":0,"23":0,"24":0,"25":0,"26":0,"27":0,"28":0,"29":0,"30":0,"31":0,"32":0,"33":0,"34":0,"35":0,"36":0,"37":0},"f":{"0":0,"1":0,"2":0,"3":0,"4":0,"5":0,"6":0},"b":{"0":[0,0,0],"1":[0,0],"2":[0,0],"3":[0,0],"4":[0,0],"5":[0,0],"6":[0,0],"7":[0,0],"8":[0,0],"9":[0,0,0],"10":[0,0,0],"11":[0,0],"12":[0,0]},"inputSourceMap":{"version":3,"file":"previewHtml.js","sourceRoot":"","sources":["../../src/common/previewHtml.ts"],"names":[],"mappings":";AAAA;;;;GAIG;;;;;;;;;;;AAEH,yCAAuC;AACvC,2CAA2C;AAC3C,iCAAiC;AAEjC,2CAAuC;AACvC,2CAAsD;AACtD,iCAA8B;AAE9B,SAAS,YAAY,CAAC,GAAW;IAC7B,OAAO;;;;6DAIkD,GAAG;;YAEpD,CAAC;AACb,CAAC;AAED;;GAEG;AAEH,IAAa,uBAAuB,GAApC,MAAa,uBAAwB,SAAQ,qBAAS;IAGlD;QACI,KAAK,EAAE,CAAC;QAHL,WAAM,GAAW,QAAQ,CAAC;QAI7B,IAAI,CAAC,OAAO,CAAC,aAAa,CAAC,IAAI,CAC3B,MAAM,CAAC,SAAS,CAAC,mCAAmC,CAAC,IAAI,CAAC,MAAM,EAAE,IAAI,CAAC,CAC1E,CAAC;IACN,CAAC;IAEM,0BAA0B,CAAC,GAAe;QAC7C,MAAM,KAAK,GAAW,GAAG,CAAC,KAAK,CAAC;QAChC,MAAM,MAAM,GAAmB,WAAW,CAAC,KAAK,CAAC,KAAK,CAAC,CAAC,GAAG,CAAC;QAE5D,OAAO,YAAY,CAAC,MAAM,CAAC,CAAC;IAChC,CAAC;CACJ,CAAA;AAhBY,uBAAuB;IADnC,sBAAU,EAAE;;GACA,uBAAuB,CAgBnC;AAhBY,0DAAuB;AAkB7B,KAAK,UAAU,WAAW,CAAC,GAAW,EAAE,KAAa;IACxD,GAAG,GAAG,WAAI,CAAC,MAAM,CAAC,GAAG,CAAC,CAAC;IACvB,wDAAwD;IACxD,mDAAmD;IACnD,mDAAmD;IACnD,KAAK,MAAM,CAAC,QAAQ,CAAC,cAAc,CAC/B,oBAAoB,EACpB,GAAG,CAAC,MAAM,wBAAY,CAAC,uBAAuB,CAAC,CAAC,CAAC,MAAM,yBAAyB,kBAAkB,CAAC,WAAW,CAAC,SAAS,CAAC;QACrH,GAAG,EAAE,GAAG;KACX,CAAC,CAAC,EAAE,EACL,MAAM,CAAC,UAAU,CAAC,MAAM,EACxB,KAAK,CACR,CAAC;AACN,CAAC;AAbD,kCAaC;AAEM,KAAK,UAAU,aAAa,CAAC,GAAW,EAAE,KAAa;IAC1D,GAAG,GAAG,WAAI,CAAC,MAAM,CAAC,GAAG,CAAC,CAAC;IACvB,MAAM,KAAK,GAAwB,MAAM,CAAC,MAAM,CAAC,kBAAkB,CAC/D,CAAC,MAAM,wBAAY,CAAC,uBAAuB,CAAC,CAAC,CAAC,MAAM,EACpD,KAAK,EACL,MAAM,CAAC,UAAU,CAAC,MAAM,EACxB,EAAE,aAAa,EAAE,IAAI,EAAE,CAC1B,CAAC;IACF,KAAK,CAAC,QAAQ,GAAG,MAAM,CAAC,GAAG,CAAC,IAAI,CAAC,WAAI,CAAC,WAAW,CAAC,oBAAQ,CAAC,IAAI,CAAC,CAAC,CAAC;IAClE,KAAK,CAAC,OAAO,CAAC,IAAI,GAAG,YAAY,CAAC,GAAG,CAAC,CAAC;AAC3C,CAAC;AAVD,sCAUC"},"all":true},"D:\\Source\\Repos\\openpaivscode\\out\\common\\singleton.js":{"path":"D:\\Source\\Repos\\openpaivscode\\out\\common\\singleton.js","statementMap":{"0":{"start":{"line":7,"column":17},"end":{"line":12,"column":1}},"1":{"start":{"line":8,"column":12},"end":{"line":8,"column":28}},"2":{"start":{"line":8,"column":34},"end":{"line":8,"column":125}},"3":{"start":{"line":9,"column":4},"end":{"line":10,"column":150}},"4":{"start":{"line":9,"column":79},"end":{"line":9,"column":131}},"5":{"start":{"line":10,"column":9},"end":{"line":10,"column":150}},"6":{"start":{"line":10,"column":22},"end":{"line":10,"column":43}},"7":{"start":{"line":10,"column":58},"end":{"line":10,"column":150}},"8":{"start":{"line":10,"column":81},"end":{"line":10,"column":150}},"9":{"start":{"line":11,"column":4},"end":{"line":11,"column":66}},"10":{"start":{"line":13,"column":17},"end":{"line":15,"column":1}},"11":{"start":{"line":14,"column":4},"end":{"line":14,"column":109}},"12":{"start":{"line":14,"column":79},"end":{"line":14,"column":109}},"13":{"start":{"line":17,"column":0},"end":{"line":17,"column":62}},"14":{"start":{"line":18,"column":0},"end":{"line":18,"column":13}},"15":{"start":{"line":19,"column":0},"end":{"line":19,"column":28}},"16":{"start":{"line":20,"column":20},"end":{"line":20,"column":40}},"17":{"start":{"line":21,"column":0},"end":{"line":21,"column":103}},"18":{"start":{"line":22,"column":0},"end":{"line":22,"column":62}},"19":{"start":{"line":28,"column":16},"end":{"line":43,"column":1}},"20":{"start":{"line":30,"column":8},"end":{"line":30,"column":72}},"21":{"start":{"line":31,"column":8},"end":{"line":31,"column":31}},"22":{"start":{"line":32,"column":8},"end":{"line":32,"column":70}},"23":{"start":{"line":33,"column":8},"end":{"line":33,"column":66}},"24":{"start":{"line":36,"column":8},"end":{"line":40,"column":9}},"25":{"start":{"line":37,"column":12},"end":{"line":37,"column":34}},"26":{"start":{"line":38,"column":12},"end":{"line":38,"column":36}},"27":{"start":{"line":39,"column":12},"end":{"line":39,"column":72}},"28":{"start":{"line":41,"column":8},"end":{"line":41,"column":20}},"29":{"start":{"line":44,"column":0},"end":{"line":47,"column":14}},"30":{"start":{"line":48,"column":0},"end":{"line":48,"column":30}},"31":{"start":{"line":49,"column":27},"end":{"line":49,"column":32}},"32":{"start":{"line":50,"column":27},"end":{"line":50,"column":32}},"33":{"start":{"line":52,"column":4},"end":{"line":54,"column":5}},"34":{"start":{"line":53,"column":8},"end":{"line":53,"column":47}},"35":{"start":{"line":55,"column":4},"end":{"line":57,"column":5}},"36":{"start":{"line":56,"column":8},"end":{"line":56,"column":103}},"37":{"start":{"line":58,"column":4},"end":{"line":58,"column":58}},"38":{"start":{"line":60,"column":0},"end":{"line":60,"column":36}},"39":{"start":{"line":62,"column":4},"end":{"line":62,"column":79}},"40":{"start":{"line":64,"column":0},"end":{"line":64,"column":52}},"41":{"start":{"line":66,"column":4},"end":{"line":66,"column":32}},"42":{"start":{"line":67,"column":26},"end":{"line":67,"column":85}},"43":{"start":{"line":67,"column":56},"end":{"line":67,"column":84}},"44":{"start":{"line":68,"column":4},"end":{"line":68,"column":33}},"45":{"start":{"line":69,"column":4},"end":{"line":69,"column":83}},"46":{"start":{"line":69,"column":53},"end":{"line":69,"column":80}},"47":{"start":{"line":70,"column":4},"end":{"line":70,"column":32}},"48":{"start":{"line":72,"column":0},"end":{"line":72,"column":38}},"49":{"start":{"line":74,"column":4},"end":{"line":76,"column":5}},"50":{"start":{"line":75,"column":8},"end":{"line":75,"column":24}},"51":{"start":{"line":78,"column":0},"end":{"line":78,"column":62}},"52":{"start":{"line":81,"column":4},"end":{"line":81,"column":72}},"53":{"start":{"line":81,"column":37},"end":{"line":81,"column":70}},"54":{"start":{"line":81,"column":54},"end":{"line":81,"column":65}},"55":{"start":{"line":83,"column":0},"end":{"line":83,"column":22}},"56":{"start":{"line":85,"column":4},"end":{"line":89,"column":5}},"57":{"start":{"line":86,"column":8},"end":{"line":88,"column":9}},"58":{"start":{"line":87,"column":12},"end":{"line":87,"column":43}},"59":{"start":{"line":91,"column":0},"end":{"line":91,"column":26}}},"fnMap":{"0":{"name":"(anonymous_0)","decl":{"start":{"line":7,"column":46},"end":{"line":7,"column":47}},"loc":{"start":{"line":7,"column":87},"end":{"line":12,"column":1}},"line":7},"1":{"name":"(anonymous_1)","decl":{"start":{"line":13,"column":46},"end":{"line":13,"column":47}},"loc":{"start":{"line":13,"column":62},"end":{"line":15,"column":1}},"line":13},"2":{"name":"(anonymous_2)","decl":{"start":{"line":29,"column":4},"end":{"line":29,"column":5}},"loc":{"start":{"line":29,"column":18},"end":{"line":34,"column":5}},"line":29},"3":{"name":"(anonymous_3)","decl":{"start":{"line":35,"column":4},"end":{"line":35,"column":5}},"loc":{"start":{"line":35,"column":28},"end":{"line":42,"column":5}},"line":35},"4":{"name":"getSingleton","decl":{"start":{"line":51,"column":9},"end":{"line":51,"column":21}},"loc":{"start":{"line":51,"column":29},"end":{"line":59,"column":1}},"line":51},"5":{"name":"bindExtensionContext","decl":{"start":{"line":61,"column":9},"end":{"line":61,"column":29}},"loc":{"start":{"line":61,"column":39},"end":{"line":63,"column":1}},"line":61},"6":{"name":"initializeAll","decl":{"start":{"line":65,"column":15},"end":{"line":65,"column":28}},"loc":{"start":{"line":65,"column":47},"end":{"line":71,"column":1}},"line":65},"7":{"name":"(anonymous_7)","decl":{"start":{"line":67,"column":47},"end":{"line":67,"column":48}},"loc":{"start":{"line":67,"column":56},"end":{"line":67,"column":84}},"line":67},"8":{"name":"(anonymous_8)","decl":{"start":{"line":69,"column":40},"end":{"line":69,"column":41}},"loc":{"start":{"line":69,"column":53},"end":{"line":69,"column":80}},"line":69},"9":{"name":"waitForAllSingletonFinish","decl":{"start":{"line":73,"column":15},"end":{"line":73,"column":40}},"loc":{"start":{"line":73,"column":43},"end":{"line":77,"column":1}},"line":73},"10":{"name":"delay","decl":{"start":{"line":79,"column":15},"end":{"line":79,"column":20}},"loc":{"start":{"line":79,"column":25},"end":{"line":82,"column":1}},"line":79},"11":{"name":"(anonymous_11)","decl":{"start":{"line":81,"column":22},"end":{"line":81,"column":23}},"loc":{"start":{"line":81,"column":37},"end":{"line":81,"column":70}},"line":81},"12":{"name":"(anonymous_12)","decl":{"start":{"line":81,"column":48},"end":{"line":81,"column":49}},"loc":{"start":{"line":81,"column":54},"end":{"line":81,"column":65}},"line":81},"13":{"name":"dispose","decl":{"start":{"line":84,"column":15},"end":{"line":84,"column":22}},"loc":{"start":{"line":84,"column":25},"end":{"line":90,"column":1}},"line":84}},"branchMap":{"0":{"loc":{"start":{"line":7,"column":17},"end":{"line":12,"column":1}},"type":"binary-expr","locations":[{"start":{"line":7,"column":18},"end":{"line":7,"column":22}},{"start":{"line":7,"column":26},"end":{"line":7,"column":41}},{"start":{"line":7,"column":46},"end":{"line":12,"column":1}}],"line":7},"1":{"loc":{"start":{"line":8,"column":34},"end":{"line":8,"column":125}},"type":"cond-expr","locations":[{"start":{"line":8,"column":42},"end":{"line":8,"column":48}},{"start":{"line":8,"column":51},"end":{"line":8,"column":125}}],"line":8},"2":{"loc":{"start":{"line":8,"column":51},"end":{"line":8,"column":125}},"type":"cond-expr","locations":[{"start":{"line":8,"column":67},"end":{"line":8,"column":118}},{"start":{"line":8,"column":121},"end":{"line":8,"column":125}}],"line":8},"3":{"loc":{"start":{"line":9,"column":4},"end":{"line":10,"column":150}},"type":"if","locations":[{"start":{"line":9,"column":4},"end":{"line":10,"column":150}},{"start":{"line":9,"column":4},"end":{"line":10,"column":150}}],"line":9},"4":{"loc":{"start":{"line":9,"column":8},"end":{"line":9,"column":77}},"type":"binary-expr","locations":[{"start":{"line":9,"column":8},"end":{"line":9,"column":35}},{"start":{"line":9,"column":39},"end":{"line":9,"column":77}}],"line":9},"5":{"loc":{"start":{"line":10,"column":58},"end":{"line":10,"column":150}},"type":"if","locations":[{"start":{"line":10,"column":58},"end":{"line":10,"column":150}},{"start":{"line":10,"column":58},"end":{"line":10,"column":150}}],"line":10},"6":{"loc":{"start":{"line":10,"column":85},"end":{"line":10,"column":149}},"type":"binary-expr","locations":[{"start":{"line":10,"column":86},"end":{"line":10,"column":143}},{"start":{"line":10,"column":148},"end":{"line":10,"column":149}}],"line":10},"7":{"loc":{"start":{"line":10,"column":86},"end":{"line":10,"column":143}},"type":"cond-expr","locations":[{"start":{"line":10,"column":94},"end":{"line":10,"column":98}},{"start":{"line":10,"column":101},"end":{"line":10,"column":143}}],"line":10},"8":{"loc":{"start":{"line":10,"column":101},"end":{"line":10,"column":143}},"type":"cond-expr","locations":[{"start":{"line":10,"column":109},"end":{"line":10,"column":126}},{"start":{"line":10,"column":129},"end":{"line":10,"column":143}}],"line":10},"9":{"loc":{"start":{"line":11,"column":11},"end":{"line":11,"column":62}},"type":"binary-expr","locations":[{"start":{"line":11,"column":11},"end":{"line":11,"column":16}},{"start":{"line":11,"column":20},"end":{"line":11,"column":21}},{"start":{"line":11,"column":25},"end":{"line":11,"column":62}}],"line":11},"10":{"loc":{"start":{"line":13,"column":17},"end":{"line":15,"column":1}},"type":"binary-expr","locations":[{"start":{"line":13,"column":18},"end":{"line":13,"column":22}},{"start":{"line":13,"column":26},"end":{"line":13,"column":41}},{"start":{"line":13,"column":46},"end":{"line":15,"column":1}}],"line":13},"11":{"loc":{"start":{"line":14,"column":4},"end":{"line":14,"column":109}},"type":"if","locations":[{"start":{"line":14,"column":4},"end":{"line":14,"column":109}},{"start":{"line":14,"column":4},"end":{"line":14,"column":109}}],"line":14},"12":{"loc":{"start":{"line":14,"column":8},"end":{"line":14,"column":77}},"type":"binary-expr","locations":[{"start":{"line":14,"column":8},"end":{"line":14,"column":35}},{"start":{"line":14,"column":39},"end":{"line":14,"column":77}}],"line":14},"13":{"loc":{"start":{"line":36,"column":8},"end":{"line":40,"column":9}},"type":"if","locations":[{"start":{"line":36,"column":8},"end":{"line":40,"column":9}},{"start":{"line":36,"column":8},"end":{"line":40,"column":9}}],"line":36},"14":{"loc":{"start":{"line":36,"column":12},"end":{"line":36,"column":46}},"type":"binary-expr","locations":[{"start":{"line":36,"column":12},"end":{"line":36,"column":27}},{"start":{"line":36,"column":31},"end":{"line":36,"column":46}}],"line":36},"15":{"loc":{"start":{"line":52,"column":4},"end":{"line":54,"column":5}},"type":"if","locations":[{"start":{"line":52,"column":4},"end":{"line":54,"column":5}},{"start":{"line":52,"column":4},"end":{"line":54,"column":5}}],"line":52},"16":{"loc":{"start":{"line":55,"column":4},"end":{"line":57,"column":5}},"type":"if","locations":[{"start":{"line":55,"column":4},"end":{"line":57,"column":5}},{"start":{"line":55,"column":4},"end":{"line":57,"column":5}}],"line":55},"17":{"loc":{"start":{"line":86,"column":8},"end":{"line":88,"column":9}},"type":"if","locations":[{"start":{"line":86,"column":8},"end":{"line":88,"column":9}},{"start":{"line":86,"column":8},"end":{"line":88,"column":9}}],"line":86}},"s":{"0":0,"1":0,"2":0,"3":0,"4":0,"5":0,"6":0,"7":0,"8":0,"9":0,"10":0,"11":0,"12":0,"13":0,"14":0,"15":0,"16":0,"17":0,"18":0,"19":0,"20":0,"21":0,"22":0,"23":0,"24":0,"25":0,"26":0,"27":0,"28":0,"29":0,"30":0,"31":0,"32":0,"33":0,"34":0,"35":0,"36":0,"37":0,"38":0,"39":0,"40":0,"41":0,"42":0,"43":0,"44":0,"45":0,"46":0,"47":0,"48":0,"49":0,"50":0,"51":0,"52":0,"53":0,"54":0,"55":0,"56":0,"57":0,"58":0,"59":0},"f":{"0":0,"1":0,"2":0,"3":0,"4":0,"5":0,"6":0,"7":0,"8":0,"9":0,"10":0,"11":0,"12":0,"13":0},"b":{"0":[0,0,0],"1":[0,0],"2":[0,0],"3":[0,0],"4":[0,0],"5":[0,0],"6":[0,0],"7":[0,0],"8":[0,0],"9":[0,0,0],"10":[0,0,0],"11":[0,0],"12":[0,0],"13":[0,0],"14":[0,0],"15":[0,0],"16":[0,0],"17":[0,0]},"inputSourceMap":{"version":3,"file":"singleton.js","sourceRoot":"","sources":["../../src/common/singleton.ts"],"names":[],"mappings":";AAAA;;;;GAIG;;;;;;;;;;;;;AAEH,4BAA0B,CAAC,sBAAsB;AACjD,yCAAkD,CAAC,sBAAsB;AAK5D,QAAA,SAAS,GAAc,IAAI,qBAAS,CAAC,EAAE,kBAAkB,EAAE,IAAI,EAAE,YAAY,EAAE,WAAW,EAAE,CAAC,CAAC;AAC9F,QAAA,iBAAiB,GAAW,MAAM,CAAC,yBAAyB,CAAC,CAAC;AAI3E;;;;GAIG;AAEH,IAAsB,SAAS,iBAA/B,MAAsB,SAAS;IAI3B;QAHU,YAAO,GAA4B,iBAAS,CAAC,GAAG,CAAC,yBAAiB,CAAC,CAAC;QACtE,cAAS,GAAY,KAAK,CAAC;QAG/B,OAAO,CAAC,GAAG,CAAC,aAAa,IAAI,CAAC,WAAW,CAAC,IAAI,cAAc,CAAC,CAAC;QAC9D,iBAAS,CAAC,IAAI,CAAC,WAAS,CAAC,CAAC,eAAe,CAAC,IAAI,CAAC,CAAC;IACpD,CAAC;IAKM,KAAK,CAAC,eAAe;QACxB,IAAI,IAAI,CAAC,UAAU,IAAI,CAAC,IAAI,CAAC,SAAS,EAAE;YACpC,IAAI,CAAC,SAAS,GAAG,IAAI,CAAC;YACtB,MAAM,IAAI,CAAC,UAAU,EAAE,CAAC;YACxB,OAAO,CAAC,GAAG,CAAC,aAAa,IAAI,CAAC,WAAW,CAAC,IAAI,YAAY,CAAC,CAAC;SAC/D;QACD,OAAO,IAAI,CAAC;IAChB,CAAC;CACJ,CAAA;AApBqB,SAAS;IAD9B,sBAAU,EAAE;;GACS,SAAS,CAoB9B;AApBqB,8BAAS;AAsB/B,IAAI,oBAAoB,GAAY,KAAK,CAAC;AAC1C,IAAI,oBAAoB,GAAY,KAAK,CAAC;AAE1C,SAAgB,YAAY,CAAsB,KAAqB;IACnE,IAAI,CAAC,iBAAS,CAAC,OAAO,CAAC,KAAK,CAAC,EAAE;QAC3B,iBAAS,CAAC,IAAI,CAAC,KAAK,CAAC,CAAC,MAAM,EAAE,CAAC;KAClC;IACD,IAAI,oBAAoB,EAAE;QACtB,MAAM,IAAI,KAAK,CAAC,6EAA6E,CAAC,CAAC;KAClG;IACD,OAAO,iBAAS,CAAC,GAAG,CAAI,KAAK,CAAC,CAAC,eAAe,EAAE,CAAC;AACrD,CAAC;AARD,oCAQC;AAED,SAAgB,oBAAoB,CAAC,OAAgC;IACjE,iBAAS,CAAC,IAAI,CAAC,yBAAiB,CAAC,CAAC,eAAe,CAAC,OAAO,CAAC,CAAC;AAC/D,CAAC;AAFD,oDAEC;AAEM,KAAK,UAAU,aAAa,CAAC,gBAA0C;IAC1E,oBAAoB,GAAG,IAAI,CAAC;IAC5B,MAAM,aAAa,GAAgB,gBAAgB,CAAC,GAAG,CAAC,KAAK,CAAC,EAAE,CAAC,iBAAS,CAAC,GAAG,CAAC,KAAK,CAAC,CAAC,CAAC;IACvF,oBAAoB,GAAG,KAAK,CAAC;IAC7B,MAAM,OAAO,CAAC,GAAG,CAAC,aAAa,CAAC,GAAG,CAAC,SAAS,CAAC,EAAE,CAAC,SAAS,CAAC,eAAe,EAAE,CAAC,CAAC,CAAC;IAC/E,oBAAoB,GAAG,IAAI,CAAC;AAChC,CAAC;AAND,sCAMC;AAEM,KAAK,UAAU,yBAAyB;IAC3C,OAAO,CAAC,oBAAoB,EAAE;QAC1B,MAAM,KAAK,CAAC,EAAE,CAAC,CAAC;KACnB;AACL,CAAC;AAJD,8DAIC;AAEM,KAAK,UAAU,KAAK,CAAC,EAAU;IAClC,4DAA4D;IAC5D,MAAM,IAAI,OAAO,CAAC,CAAC,SAAS,EAAE,EAAE,CAAC,UAAU,CAAC,GAAG,EAAE,CAAC,SAAS,EAAE,EAAE,EAAE,CAAC,CAAC,CAAC;AACxE,CAAC;AAHD,sBAGC;AAEM,KAAK,UAAU,OAAO;IACzB,KAAK,MAAM,SAAS,IAAI,iBAAS,CAAC,MAAM,CAAC,SAAS,CAAC,EAAE;QACjD,IAAI,SAAS,CAAC,YAAY,EAAE;YACxB,MAAM,SAAS,CAAC,YAAY,EAAE,CAAC;SAClC;KACJ;AACL,CAAC;AAND,0BAMC"},"all":true},"D:\\Source\\Repos\\openpaivscode\\out\\common\\treeViewHelper.js":{"path":"D:\\Source\\Repos\\openpaivscode\\out\\common\\treeViewHelper.js","statementMap":{"0":{"start":{"line":7,"column":17},"end":{"line":12,"column":1}},"1":{"start":{"line":8,"column":12},"end":{"line":8,"column":28}},"2":{"start":{"line":8,"column":34},"end":{"line":8,"column":125}},"3":{"start":{"line":9,"column":4},"end":{"line":10,"column":150}},"4":{"start":{"line":9,"column":79},"end":{"line":9,"column":131}},"5":{"start":{"line":10,"column":9},"end":{"line":10,"column":150}},"6":{"start":{"line":10,"column":22},"end":{"line":10,"column":43}},"7":{"start":{"line":10,"column":58},"end":{"line":10,"column":150}},"8":{"start":{"line":10,"column":81},"end":{"line":10,"column":150}},"9":{"start":{"line":11,"column":4},"end":{"line":11,"column":66}},"10":{"start":{"line":13,"column":17},"end":{"line":15,"column":1}},"11":{"start":{"line":14,"column":4},"end":{"line":14,"column":109}},"12":{"start":{"line":14,"column":79},"end":{"line":14,"column":109}},"13":{"start":{"line":16,"column":0},"end":{"line":16,"column":62}},"14":{"start":{"line":17,"column":20},"end":{"line":17,"column":40}},"15":{"start":{"line":18,"column":17},"end":{"line":18,"column":34}},"16":{"start":{"line":19,"column":17},"end":{"line":19,"column":34}},"17":{"start":{"line":20,"column":20},"end":{"line":20,"column":50}},"18":{"start":{"line":21,"column":20},"end":{"line":21,"column":50}},"19":{"start":{"line":25,"column":21},"end":{"line":48,"column":1}},"20":{"start":{"line":27,"column":8},"end":{"line":27,"column":16}},"21":{"start":{"line":28,"column":8},"end":{"line":28,"column":39}},"22":{"start":{"line":29,"column":8},"end":{"line":46,"column":12}},"23":{"start":{"line":30,"column":25},"end":{"line":30,"column":94}},"24":{"start":{"line":31,"column":12},"end":{"line":45,"column":13}},"25":{"start":{"line":32,"column":16},"end":{"line":32,"column":72}},"26":{"start":{"line":36,"column":16},"end":{"line":44,"column":17}},"27":{"start":{"line":39,"column":20},"end":{"line":39,"column":47}},"28":{"start":{"line":40,"column":20},"end":{"line":40,"column":76}},"29":{"start":{"line":43,"column":20},"end":{"line":43,"column":67}},"30":{"start":{"line":49,"column":0},"end":{"line":52,"column":19}},"31":{"start":{"line":53,"column":0},"end":{"line":53,"column":40}}},"fnMap":{"0":{"name":"(anonymous_0)","decl":{"start":{"line":7,"column":46},"end":{"line":7,"column":47}},"loc":{"start":{"line":7,"column":87},"end":{"line":12,"column":1}},"line":7},"1":{"name":"(anonymous_1)","decl":{"start":{"line":13,"column":46},"end":{"line":13,"column":47}},"loc":{"start":{"line":13,"column":62},"end":{"line":15,"column":1}},"line":13},"2":{"name":"(anonymous_2)","decl":{"start":{"line":26,"column":4},"end":{"line":26,"column":5}},"loc":{"start":{"line":26,"column":18},"end":{"line":47,"column":5}},"line":26},"3":{"name":"(anonymous_3)","decl":{"start":{"line":29,"column":116},"end":{"line":29,"column":117}},"loc":{"start":{"line":29,"column":138},"end":{"line":46,"column":9}},"line":29}},"branchMap":{"0":{"loc":{"start":{"line":7,"column":17},"end":{"line":12,"column":1}},"type":"binary-expr","locations":[{"start":{"line":7,"column":18},"end":{"line":7,"column":22}},{"start":{"line":7,"column":26},"end":{"line":7,"column":41}},{"start":{"line":7,"column":46},"end":{"line":12,"column":1}}],"line":7},"1":{"loc":{"start":{"line":8,"column":34},"end":{"line":8,"column":125}},"type":"cond-expr","locations":[{"start":{"line":8,"column":42},"end":{"line":8,"column":48}},{"start":{"line":8,"column":51},"end":{"line":8,"column":125}}],"line":8},"2":{"loc":{"start":{"line":8,"column":51},"end":{"line":8,"column":125}},"type":"cond-expr","locations":[{"start":{"line":8,"column":67},"end":{"line":8,"column":118}},{"start":{"line":8,"column":121},"end":{"line":8,"column":125}}],"line":8},"3":{"loc":{"start":{"line":9,"column":4},"end":{"line":10,"column":150}},"type":"if","locations":[{"start":{"line":9,"column":4},"end":{"line":10,"column":150}},{"start":{"line":9,"column":4},"end":{"line":10,"column":150}}],"line":9},"4":{"loc":{"start":{"line":9,"column":8},"end":{"line":9,"column":77}},"type":"binary-expr","locations":[{"start":{"line":9,"column":8},"end":{"line":9,"column":35}},{"start":{"line":9,"column":39},"end":{"line":9,"column":77}}],"line":9},"5":{"loc":{"start":{"line":10,"column":58},"end":{"line":10,"column":150}},"type":"if","locations":[{"start":{"line":10,"column":58},"end":{"line":10,"column":150}},{"start":{"line":10,"column":58},"end":{"line":10,"column":150}}],"line":10},"6":{"loc":{"start":{"line":10,"column":85},"end":{"line":10,"column":149}},"type":"binary-expr","locations":[{"start":{"line":10,"column":86},"end":{"line":10,"column":143}},{"start":{"line":10,"column":148},"end":{"line":10,"column":149}}],"line":10},"7":{"loc":{"start":{"line":10,"column":86},"end":{"line":10,"column":143}},"type":"cond-expr","locations":[{"start":{"line":10,"column":94},"end":{"line":10,"column":98}},{"start":{"line":10,"column":101},"end":{"line":10,"column":143}}],"line":10},"8":{"loc":{"start":{"line":10,"column":101},"end":{"line":10,"column":143}},"type":"cond-expr","locations":[{"start":{"line":10,"column":109},"end":{"line":10,"column":126}},{"start":{"line":10,"column":129},"end":{"line":10,"column":143}}],"line":10},"9":{"loc":{"start":{"line":11,"column":11},"end":{"line":11,"column":62}},"type":"binary-expr","locations":[{"start":{"line":11,"column":11},"end":{"line":11,"column":16}},{"start":{"line":11,"column":20},"end":{"line":11,"column":21}},{"start":{"line":11,"column":25},"end":{"line":11,"column":62}}],"line":11},"10":{"loc":{"start":{"line":13,"column":17},"end":{"line":15,"column":1}},"type":"binary-expr","locations":[{"start":{"line":13,"column":18},"end":{"line":13,"column":22}},{"start":{"line":13,"column":26},"end":{"line":13,"column":41}},{"start":{"line":13,"column":46},"end":{"line":15,"column":1}}],"line":13},"11":{"loc":{"start":{"line":14,"column":4},"end":{"line":14,"column":109}},"type":"if","locations":[{"start":{"line":14,"column":4},"end":{"line":14,"column":109}},{"start":{"line":14,"column":4},"end":{"line":14,"column":109}}],"line":14},"12":{"loc":{"start":{"line":14,"column":8},"end":{"line":14,"column":77}},"type":"binary-expr","locations":[{"start":{"line":14,"column":8},"end":{"line":14,"column":35}},{"start":{"line":14,"column":39},"end":{"line":14,"column":77}}],"line":14},"13":{"loc":{"start":{"line":31,"column":12},"end":{"line":45,"column":13}},"type":"if","locations":[{"start":{"line":31,"column":12},"end":{"line":45,"column":13}},{"start":{"line":31,"column":12},"end":{"line":45,"column":13}}],"line":31},"14":{"loc":{"start":{"line":36,"column":16},"end":{"line":44,"column":17}},"type":"if","locations":[{"start":{"line":36,"column":16},"end":{"line":44,"column":17}},{"start":{"line":36,"column":16},"end":{"line":44,"column":17}}],"line":36},"15":{"loc":{"start":{"line":36,"column":20},"end":{"line":38,"column":79}},"type":"binary-expr","locations":[{"start":{"line":36,"column":20},"end":{"line":36,"column":51}},{"start":{"line":37,"column":20},"end":{"line":37,"column":54}},{"start":{"line":38,"column":20},"end":{"line":38,"column":79}}],"line":36}},"s":{"0":0,"1":0,"2":0,"3":0,"4":0,"5":0,"6":0,"7":0,"8":0,"9":0,"10":0,"11":0,"12":0,"13":0,"14":0,"15":0,"16":0,"17":0,"18":0,"19":0,"20":0,"21":0,"22":0,"23":0,"24":0,"25":0,"26":0,"27":0,"28":0,"29":0,"30":0,"31":0},"f":{"0":0,"1":0,"2":0,"3":0},"b":{"0":[0,0,0],"1":[0,0],"2":[0,0],"3":[0,0],"4":[0,0],"5":[0,0],"6":[0,0],"7":[0,0],"8":[0,0],"9":[0,0,0],"10":[0,0,0],"11":[0,0],"12":[0,0],"13":[0,0],"14":[0,0],"15":[0,0,0]},"inputSourceMap":{"version":3,"file":"treeViewHelper.js","sourceRoot":"","sources":["../../src/common/treeViewHelper.ts"],"names":[],"mappings":";AAAA;;;;GAIG;;;;;;;;;;;AAEH,yCAAuC;AACvC,mCAA+B;AAC/B,mCAA6C;AAE7C,mDAAmE;AAEnE,mDAAgD;AAEhD;;GAEG;AAEH,IAAa,cAAc,GAA3B,MAAa,cAAe,SAAQ,qBAAS;IAKzC;QACI,KAAK,EAAE,CAAC;QAHK,wBAAmB,GAAW,GAAG,CAAC;QAI/C,IAAI,CAAC,OAAO,CAAC,aAAa,CAAC,IAAI,CAC3B,iBAAQ,CAAC,eAAe,CAAC,wCAA4B,EAAE,CAAC,OAAe,EAAE,GAAG,IAAc,EAAE,EAAE;YAC1F,MAAM,IAAI,GAAuB,kBAAS,CAAC,gBAAgB,CAAC,gBAAgB,CAAC,CAAC,GAAG,CAAC,UAAU,CAAC,CAAC;YAC9F,IAAI,IAAI,KAAK,aAAa,EAAE;gBACxB,KAAK,iBAAQ,CAAC,cAAc,CAAC,OAAO,EAAE,GAAG,IAAI,CAAC,CAAC;aAClD;iBAAM;gBACH,eAAe;gBACf,IACI,CAAC,cAAK,CAAC,IAAI,CAAC,SAAS,CAAC;oBACtB,IAAI,CAAC,SAAS,CAAC,OAAO,KAAK,OAAO;oBAClC,IAAI,CAAC,GAAG,EAAE,GAAG,IAAI,CAAC,SAAS,CAAC,IAAI,GAAG,IAAI,CAAC,mBAAmB,EAC7D;oBACE,IAAI,CAAC,SAAS,GAAG,SAAS,CAAC;oBAC3B,KAAK,iBAAQ,CAAC,cAAc,CAAC,OAAO,EAAE,GAAG,IAAI,CAAC,CAAC;iBAClD;qBAAM;oBACH,IAAI,CAAC,SAAS,GAAG,EAAE,OAAO,EAAE,IAAI,EAAE,IAAI,CAAC,GAAG,EAAE,EAAE,CAAC;iBAClD;aACJ;QACL,CAAC,CAAC,CACL,CAAC;IACN,CAAC;CACJ,CAAA;AA5BY,cAAc;IAD1B,sBAAU,EAAE;;GACA,cAAc,CA4B1B;AA5BY,wCAAc"},"all":true},"D:\\Source\\Repos\\openpaivscode\\out\\common\\util.js":{"path":"D:\\Source\\Repos\\openpaivscode\\out\\common\\util.js","statementMap":{"0":{"start":{"line":7,"column":17},"end":{"line":12,"column":1}},"1":{"start":{"line":8,"column":12},"end":{"line":8,"column":28}},"2":{"start":{"line":8,"column":34},"end":{"line":8,"column":125}},"3":{"start":{"line":9,"column":4},"end":{"line":10,"column":150}},"4":{"start":{"line":9,"column":79},"end":{"line":9,"column":131}},"5":{"start":{"line":10,"column":9},"end":{"line":10,"column":150}},"6":{"start":{"line":10,"column":22},"end":{"line":10,"column":43}},"7":{"start":{"line":10,"column":58},"end":{"line":10,"column":150}},"8":{"start":{"line":10,"column":81},"end":{"line":10,"column":150}},"9":{"start":{"line":11,"column":4},"end":{"line":11,"column":66}},"10":{"start":{"line":13,"column":17},"end":{"line":15,"column":1}},"11":{"start":{"line":14,"column":4},"end":{"line":14,"column":109}},"12":{"start":{"line":14,"column":79},"end":{"line":14,"column":109}},"13":{"start":{"line":17,"column":0},"end":{"line":17,"column":62}},"14":{"start":{"line":18,"column":0},"end":{"line":18,"column":13}},"15":{"start":{"line":19,"column":12},"end":{"line":19,"column":26}},"16":{"start":{"line":20,"column":11},"end":{"line":20,"column":30}},"17":{"start":{"line":21,"column":20},"end":{"line":21,"column":40}},"18":{"start":{"line":22,"column":26},"end":{"line":22,"column":52}},"19":{"start":{"line":23,"column":33},"end":{"line":23,"column":66}},"20":{"start":{"line":24,"column":23},"end":{"line":24,"column":46}},"21":{"start":{"line":25,"column":16},"end":{"line":25,"column":35}},"22":{"start":{"line":26,"column":11},"end":{"line":26,"column":24}},"23":{"start":{"line":27,"column":13},"end":{"line":27,"column":28}},"24":{"start":{"line":28,"column":14},"end":{"line":28,"column":30}},"25":{"start":{"line":29,"column":15},"end":{"line":29,"column":32}},"26":{"start":{"line":30,"column":15},"end":{"line":30,"column":32}},"27":{"start":{"line":31,"column":20},"end":{"line":31,"column":42}},"28":{"start":{"line":32,"column":16},"end":{"line":32,"column":34}},"29":{"start":{"line":33,"column":12},"end":{"line":33,"column":26}},"30":{"start":{"line":37,"column":16},"end":{"line":325,"column":1}},"31":{"start":{"line":39,"column":8},"end":{"line":39,"column":16}},"32":{"start":{"line":40,"column":8},"end":{"line":40,"column":49}},"33":{"start":{"line":41,"column":8},"end":{"line":41,"column":49}},"34":{"start":{"line":42,"column":8},"end":{"line":44,"column":11}},"35":{"start":{"line":45,"column":8},"end":{"line":45,"column":40}},"36":{"start":{"line":46,"column":8},"end":{"line":46,"column":41}},"37":{"start":{"line":47,"column":8},"end":{"line":51,"column":10}},"38":{"start":{"line":48,"column":27},"end":{"line":48,"column":54}},"39":{"start":{"line":49,"column":12},"end":{"line":49,"column":62}},"40":{"start":{"line":50,"column":12},"end":{"line":50,"column":26}},"41":{"start":{"line":52,"column":8},"end":{"line":56,"column":10}},"42":{"start":{"line":53,"column":27},"end":{"line":53,"column":54}},"43":{"start":{"line":54,"column":12},"end":{"line":54,"column":58}},"44":{"start":{"line":55,"column":12},"end":{"line":55,"column":26}},"45":{"start":{"line":58,"column":8},"end":{"line":62,"column":10}},"46":{"start":{"line":59,"column":27},"end":{"line":59,"column":54}},"47":{"start":{"line":60,"column":12},"end":{"line":60,"column":56}},"48":{"start":{"line":61,"column":12},"end":{"line":61,"column":26}},"49":{"start":{"line":63,"column":8},"end":{"line":63,"column":28}},"50":{"start":{"line":67,"column":8},"end":{"line":67,"column":20}},"51":{"start":{"line":70,"column":8},"end":{"line":81,"column":9}},"52":{"start":{"line":71,"column":12},"end":{"line":73,"column":13}},"53":{"start":{"line":72,"column":16},"end":{"line":72,"column":71}},"54":{"start":{"line":74,"column":12},"end":{"line":74,"column":28}},"55":{"start":{"line":77,"column":12},"end":{"line":80,"column":14}},"56":{"start":{"line":84,"column":25},"end":{"line":84,"column":56}},"57":{"start":{"line":85,"column":8},"end":{"line":87,"column":9}},"58":{"start":{"line":86,"column":12},"end":{"line":86,"column":34}},"59":{"start":{"line":88,"column":8},"end":{"line":88,"column":67}},"60":{"start":{"line":91,"column":24},"end":{"line":91,"column":47}},"61":{"start":{"line":92,"column":28},"end":{"line":92,"column":43}},"62":{"start":{"line":93,"column":8},"end":{"line":93,"column":111}},"63":{"start":{"line":96,"column":18},"end":{"line":96,"column":86}},"64":{"start":{"line":97,"column":8},"end":{"line":97,"column":36}},"65":{"start":{"line":98,"column":8},"end":{"line":98,"column":17}},"66":{"start":{"line":101,"column":8},"end":{"line":101,"column":46}},"67":{"start":{"line":102,"column":8},"end":{"line":106,"column":22}},"68":{"start":{"line":104,"column":12},"end":{"line":104,"column":38}},"69":{"start":{"line":109,"column":23},"end":{"line":109,"column":94}},"70":{"start":{"line":110,"column":23},"end":{"line":110,"column":148}},"71":{"start":{"line":110,"column":79},"end":{"line":110,"column":147}},"72":{"start":{"line":111,"column":8},"end":{"line":111,"column":46}},"73":{"start":{"line":114,"column":19},"end":{"line":114,"column":20}},"74":{"start":{"line":115,"column":19},"end":{"line":115,"column":20}},"75":{"start":{"line":116,"column":8},"end":{"line":124,"column":9}},"76":{"start":{"line":116,"column":21},"end":{"line":116,"column":22}},"77":{"start":{"line":117,"column":12},"end":{"line":123,"column":13}},"78":{"start":{"line":118,"column":16},"end":{"line":118,"column":23}},"79":{"start":{"line":119,"column":16},"end":{"line":119,"column":25}},"80":{"start":{"line":122,"column":16},"end":{"line":122,"column":23}},"81":{"start":{"line":125,"column":8},"end":{"line":125,"column":47}},"82":{"start":{"line":129,"column":29},"end":{"line":129,"column":34}},"83":{"start":{"line":131,"column":8},"end":{"line":144,"column":11}},"84":{"start":{"line":133,"column":16},"end":{"line":135,"column":17}},"85":{"start":{"line":134,"column":20},"end":{"line":134,"column":42}},"86":{"start":{"line":138,"column":16},"end":{"line":142,"column":17}},"87":{"start":{"line":139,"column":20},"end":{"line":139,"column":43}},"88":{"start":{"line":140,"column":32},"end":{"line":140,"column":81}},"89":{"start":{"line":141,"column":20},"end":{"line":141,"column":104}},"90":{"start":{"line":145,"column":8},"end":{"line":145,"column":25}},"91":{"start":{"line":149,"column":8},"end":{"line":149,"column":67}},"92":{"start":{"line":152,"column":20},"end":{"line":152,"column":44}},"93":{"start":{"line":153,"column":23},"end":{"line":153,"column":56}},"94":{"start":{"line":154,"column":23},"end":{"line":154,"column":57}},"95":{"start":{"line":155,"column":23},"end":{"line":155,"column":52}},"96":{"start":{"line":156,"column":8},"end":{"line":156,"column":39}},"97":{"start":{"line":157,"column":23},"end":{"line":157,"column":45}},"98":{"start":{"line":158,"column":8},"end":{"line":158,"column":51}},"99":{"start":{"line":161,"column":27},"end":{"line":161,"column":51}},"100":{"start":{"line":162,"column":25},"end":{"line":162,"column":69}},"101":{"start":{"line":163,"column":8},"end":{"line":163,"column":38}},"102":{"start":{"line":164,"column":8},"end":{"line":164,"column":24}},"103":{"start":{"line":167,"column":25},"end":{"line":167,"column":57}},"104":{"start":{"line":168,"column":23},"end":{"line":168,"column":71}},"105":{"start":{"line":170,"column":8},"end":{"line":180,"column":9}},"106":{"start":{"line":173,"column":12},"end":{"line":173,"column":65}},"107":{"start":{"line":175,"column":12},"end":{"line":178,"column":13}},"108":{"start":{"line":177,"column":16},"end":{"line":177,"column":91}},"109":{"start":{"line":179,"column":12},"end":{"line":179,"column":94}},"110":{"start":{"line":182,"column":8},"end":{"line":190,"column":9}},"111":{"start":{"line":183,"column":12},"end":{"line":185,"column":13}},"112":{"start":{"line":184,"column":16},"end":{"line":184,"column":32}},"113":{"start":{"line":186,"column":12},"end":{"line":186,"column":72}},"114":{"start":{"line":189,"column":12},"end":{"line":189,"column":51}},"115":{"start":{"line":191,"column":8},"end":{"line":191,"column":46}},"116":{"start":{"line":192,"column":32},"end":{"line":192,"column":50}},"117":{"start":{"line":193,"column":8},"end":{"line":198,"column":9}},"118":{"start":{"line":194,"column":30},"end":{"line":194,"column":79}},"119":{"start":{"line":195,"column":12},"end":{"line":197,"column":13}},"120":{"start":{"line":196,"column":16},"end":{"line":196,"column":54}},"121":{"start":{"line":199,"column":23},"end":{"line":199,"column":103}},"122":{"start":{"line":201,"column":8},"end":{"line":201,"column":59}},"123":{"start":{"line":202,"column":8},"end":{"line":238,"column":9}},"124":{"start":{"line":203,"column":12},"end":{"line":225,"column":13}},"125":{"start":{"line":205,"column":31},"end":{"line":205,"column":128}},"126":{"start":{"line":206,"column":16},"end":{"line":223,"column":17}},"127":{"start":{"line":207,"column":20},"end":{"line":207,"column":49}},"128":{"start":{"line":208,"column":20},"end":{"line":222,"column":21}},"129":{"start":{"line":209,"column":45},"end":{"line":209,"column":92}},"130":{"start":{"line":210,"column":24},"end":{"line":216,"column":25}},"131":{"start":{"line":211,"column":42},"end":{"line":211,"column":91}},"132":{"start":{"line":212,"column":28},"end":{"line":215,"column":29}},"133":{"start":{"line":213,"column":32},"end":{"line":213,"column":83}},"134":{"start":{"line":214,"column":32},"end":{"line":214,"column":41}},"135":{"start":{"line":217,"column":24},"end":{"line":217,"column":44}},"136":{"start":{"line":220,"column":24},"end":{"line":220,"column":67}},"137":{"start":{"line":221,"column":24},"end":{"line":221,"column":33}},"138":{"start":{"line":224,"column":16},"end":{"line":224,"column":23}},"139":{"start":{"line":230,"column":12},"end":{"line":236,"column":13}},"140":{"start":{"line":231,"column":16},"end":{"line":231,"column":45}},"141":{"start":{"line":233,"column":16},"end":{"line":235,"column":17}},"142":{"start":{"line":234,"column":20},"end":{"line":234,"column":95}},"143":{"start":{"line":237,"column":12},"end":{"line":237,"column":52}},"144":{"start":{"line":242,"column":8},"end":{"line":249,"column":9}},"145":{"start":{"line":243,"column":31},"end":{"line":243,"column":64}},"146":{"start":{"line":244,"column":12},"end":{"line":244,"column":66}},"147":{"start":{"line":245,"column":12},"end":{"line":245,"column":67}},"148":{"start":{"line":248,"column":12},"end":{"line":248,"column":68}},"149":{"start":{"line":250,"column":27},"end":{"line":250,"column":50}},"150":{"start":{"line":251,"column":8},"end":{"line":253,"column":9}},"151":{"start":{"line":252,"column":12},"end":{"line":252,"column":29}},"152":{"start":{"line":254,"column":8},"end":{"line":256,"column":9}},"153":{"start":{"line":255,"column":12},"end":{"line":255,"column":56}},"154":{"start":{"line":257,"column":22},"end":{"line":257,"column":42}},"155":{"start":{"line":258,"column":8},"end":{"line":258,"column":53}},"156":{"start":{"line":261,"column":22},"end":{"line":265,"column":10}},"157":{"start":{"line":262,"column":27},"end":{"line":262,"column":75}},"158":{"start":{"line":263,"column":12},"end":{"line":263,"column":33}},"159":{"start":{"line":264,"column":12},"end":{"line":264,"column":26}},"160":{"start":{"line":266,"column":27},"end":{"line":268,"column":10}},"161":{"start":{"line":269,"column":8},"end":{"line":274,"column":9}},"162":{"start":{"line":270,"column":12},"end":{"line":270,"column":29}},"163":{"start":{"line":273,"column":12},"end":{"line":273,"column":50}},"164":{"start":{"line":277,"column":22},"end":{"line":277,"column":55}},"165":{"start":{"line":278,"column":8},"end":{"line":280,"column":9}},"166":{"start":{"line":279,"column":12},"end":{"line":279,"column":68}},"167":{"start":{"line":281,"column":8},"end":{"line":281,"column":73}},"168":{"start":{"line":281,"column":43},"end":{"line":281,"column":71}},"169":{"start":{"line":282,"column":8},"end":{"line":284,"column":9}},"170":{"start":{"line":283,"column":12},"end":{"line":283,"column":68}},"171":{"start":{"line":285,"column":8},"end":{"line":287,"column":9}},"172":{"start":{"line":286,"column":12},"end":{"line":286,"column":30}},"173":{"start":{"line":288,"column":8},"end":{"line":291,"column":12}},"174":{"start":{"line":288,"column":81},"end":{"line":291,"column":9}},"175":{"start":{"line":294,"column":8},"end":{"line":296,"column":9}},"176":{"start":{"line":295,"column":12},"end":{"line":295,"column":53}},"177":{"start":{"line":297,"column":8},"end":{"line":297,"column":19}},"178":{"start":{"line":300,"column":8},"end":{"line":300,"column":39}},"179":{"start":{"line":301,"column":8},"end":{"line":306,"column":9}},"180":{"start":{"line":302,"column":12},"end":{"line":302,"column":44}},"181":{"start":{"line":305,"column":12},"end":{"line":305,"column":95}},"182":{"start":{"line":309,"column":8},"end":{"line":314,"column":9}},"183":{"start":{"line":310,"column":12},"end":{"line":310,"column":28}},"184":{"start":{"line":313,"column":12},"end":{"line":313,"column":28}},"185":{"start":{"line":317,"column":8},"end":{"line":317,"column":87}},"186":{"start":{"line":317,"column":70},"end":{"line":317,"column":84}},"187":{"start":{"line":320,"column":8},"end":{"line":320,"column":73}},"188":{"start":{"line":323,"column":8},"end":{"line":323,"column":49}},"189":{"start":{"line":326,"column":0},"end":{"line":326,"column":37}},"190":{"start":{"line":327,"column":0},"end":{"line":327,"column":37}},"191":{"start":{"line":328,"column":0},"end":{"line":331,"column":14}},"192":{"start":{"line":332,"column":0},"end":{"line":332,"column":30}}},"fnMap":{"0":{"name":"(anonymous_0)","decl":{"start":{"line":7,"column":46},"end":{"line":7,"column":47}},"loc":{"start":{"line":7,"column":87},"end":{"line":12,"column":1}},"line":7},"1":{"name":"(anonymous_1)","decl":{"start":{"line":13,"column":46},"end":{"line":13,"column":47}},"loc":{"start":{"line":13,"column":62},"end":{"line":15,"column":1}},"line":13},"2":{"name":"(anonymous_2)","decl":{"start":{"line":38,"column":4},"end":{"line":38,"column":5}},"loc":{"start":{"line":38,"column":18},"end":{"line":64,"column":5}},"line":38},"3":{"name":"(anonymous_3)","decl":{"start":{"line":47,"column":20},"end":{"line":47,"column":21}},"loc":{"start":{"line":47,"column":39},"end":{"line":51,"column":9}},"line":47},"4":{"name":"(anonymous_4)","decl":{"start":{"line":52,"column":20},"end":{"line":52,"column":21}},"loc":{"start":{"line":52,"column":39},"end":{"line":56,"column":9}},"line":52},"5":{"name":"(anonymous_5)","decl":{"start":{"line":58,"column":19},"end":{"line":58,"column":20}},"loc":{"start":{"line":58,"column":38},"end":{"line":62,"column":9}},"line":58},"6":{"name":"(anonymous_6)","decl":{"start":{"line":66,"column":4},"end":{"line":66,"column":5}},"loc":{"start":{"line":66,"column":16},"end":{"line":68,"column":5}},"line":66},"7":{"name":"(anonymous_7)","decl":{"start":{"line":69,"column":4},"end":{"line":69,"column":5}},"loc":{"start":{"line":69,"column":26},"end":{"line":82,"column":5}},"line":69},"8":{"name":"(anonymous_8)","decl":{"start":{"line":83,"column":4},"end":{"line":83,"column":5}},"loc":{"start":{"line":83,"column":32},"end":{"line":89,"column":5}},"line":83},"9":{"name":"(anonymous_9)","decl":{"start":{"line":90,"column":4},"end":{"line":90,"column":5}},"loc":{"start":{"line":90,"column":21},"end":{"line":94,"column":5}},"line":90},"10":{"name":"(anonymous_10)","decl":{"start":{"line":95,"column":4},"end":{"line":95,"column":5}},"loc":{"start":{"line":95,"column":32},"end":{"line":99,"column":5}},"line":95},"11":{"name":"(anonymous_11)","decl":{"start":{"line":100,"column":4},"end":{"line":100,"column":5}},"loc":{"start":{"line":100,"column":39},"end":{"line":107,"column":5}},"line":100},"12":{"name":"(anonymous_12)","decl":{"start":{"line":108,"column":4},"end":{"line":108,"column":5}},"loc":{"start":{"line":108,"column":49},"end":{"line":112,"column":5}},"line":108},"13":{"name":"(anonymous_13)","decl":{"start":{"line":110,"column":74},"end":{"line":110,"column":75}},"loc":{"start":{"line":110,"column":79},"end":{"line":110,"column":147}},"line":110},"14":{"name":"(anonymous_14)","decl":{"start":{"line":113,"column":4},"end":{"line":113,"column":5}},"loc":{"start":{"line":113,"column":41},"end":{"line":126,"column":5}},"line":113},"15":{"name":"(anonymous_15)","decl":{"start":{"line":127,"column":4},"end":{"line":127,"column":5}},"loc":{"start":{"line":127,"column":48},"end":{"line":146,"column":5}},"line":127},"16":{"name":"(anonymous_16)","decl":{"start":{"line":132,"column":12},"end":{"line":132,"column":13}},"loc":{"start":{"line":132,"column":55},"end":{"line":136,"column":13}},"line":132},"17":{"name":"(anonymous_17)","decl":{"start":{"line":137,"column":12},"end":{"line":137,"column":13}},"loc":{"start":{"line":137,"column":50},"end":{"line":143,"column":13}},"line":137},"18":{"name":"(anonymous_18)","decl":{"start":{"line":147,"column":4},"end":{"line":147,"column":5}},"loc":{"start":{"line":147,"column":33},"end":{"line":150,"column":5}},"line":147},"19":{"name":"(anonymous_19)","decl":{"start":{"line":151,"column":4},"end":{"line":151,"column":5}},"loc":{"start":{"line":151,"column":36},"end":{"line":159,"column":5}},"line":151},"20":{"name":"(anonymous_20)","decl":{"start":{"line":160,"column":4},"end":{"line":160,"column":5}},"loc":{"start":{"line":160,"column":40},"end":{"line":165,"column":5}},"line":160},"21":{"name":"(anonymous_21)","decl":{"start":{"line":166,"column":4},"end":{"line":166,"column":5}},"loc":{"start":{"line":166,"column":60},"end":{"line":239,"column":5}},"line":166},"22":{"name":"(anonymous_22)","decl":{"start":{"line":240,"column":4},"end":{"line":240,"column":5}},"loc":{"start":{"line":240,"column":40},"end":{"line":259,"column":5}},"line":240},"23":{"name":"(anonymous_23)","decl":{"start":{"line":260,"column":4},"end":{"line":260,"column":5}},"loc":{"start":{"line":260,"column":56},"end":{"line":275,"column":5}},"line":260},"24":{"name":"(anonymous_24)","decl":{"start":{"line":261,"column":34},"end":{"line":261,"column":35}},"loc":{"start":{"line":261,"column":50},"end":{"line":265,"column":9}},"line":261},"25":{"name":"(anonymous_25)","decl":{"start":{"line":276,"column":4},"end":{"line":276,"column":5}},"loc":{"start":{"line":276,"column":32},"end":{"line":292,"column":5}},"line":276},"26":{"name":"(anonymous_26)","decl":{"start":{"line":281,"column":33},"end":{"line":281,"column":34}},"loc":{"start":{"line":281,"column":43},"end":{"line":281,"column":71}},"line":281},"27":{"name":"(anonymous_27)","decl":{"start":{"line":288,"column":70},"end":{"line":288,"column":71}},"loc":{"start":{"line":288,"column":81},"end":{"line":291,"column":9}},"line":288},"28":{"name":"(anonymous_28)","decl":{"start":{"line":293,"column":4},"end":{"line":293,"column":5}},"loc":{"start":{"line":293,"column":23},"end":{"line":298,"column":5}},"line":293},"29":{"name":"(anonymous_29)","decl":{"start":{"line":299,"column":4},"end":{"line":299,"column":5}},"loc":{"start":{"line":299,"column":30},"end":{"line":307,"column":5}},"line":299},"30":{"name":"(anonymous_30)","decl":{"start":{"line":308,"column":4},"end":{"line":308,"column":5}},"loc":{"start":{"line":308,"column":13},"end":{"line":315,"column":5}},"line":308},"31":{"name":"(anonymous_31)","decl":{"start":{"line":316,"column":4},"end":{"line":316,"column":5}},"loc":{"start":{"line":316,"column":25},"end":{"line":318,"column":5}},"line":316},"32":{"name":"(anonymous_32)","decl":{"start":{"line":317,"column":63},"end":{"line":317,"column":64}},"loc":{"start":{"line":317,"column":70},"end":{"line":317,"column":84}},"line":317},"33":{"name":"(anonymous_33)","decl":{"start":{"line":319,"column":4},"end":{"line":319,"column":5}},"loc":{"start":{"line":319,"column":20},"end":{"line":321,"column":5}},"line":319},"34":{"name":"(anonymous_34)","decl":{"start":{"line":322,"column":4},"end":{"line":322,"column":5}},"loc":{"start":{"line":322,"column":20},"end":{"line":324,"column":5}},"line":322}},"branchMap":{"0":{"loc":{"start":{"line":7,"column":17},"end":{"line":12,"column":1}},"type":"binary-expr","locations":[{"start":{"line":7,"column":18},"end":{"line":7,"column":22}},{"start":{"line":7,"column":26},"end":{"line":7,"column":41}},{"start":{"line":7,"column":46},"end":{"line":12,"column":1}}],"line":7},"1":{"loc":{"start":{"line":8,"column":34},"end":{"line":8,"column":125}},"type":"cond-expr","locations":[{"start":{"line":8,"column":42},"end":{"line":8,"column":48}},{"start":{"line":8,"column":51},"end":{"line":8,"column":125}}],"line":8},"2":{"loc":{"start":{"line":8,"column":51},"end":{"line":8,"column":125}},"type":"cond-expr","locations":[{"start":{"line":8,"column":67},"end":{"line":8,"column":118}},{"start":{"line":8,"column":121},"end":{"line":8,"column":125}}],"line":8},"3":{"loc":{"start":{"line":9,"column":4},"end":{"line":10,"column":150}},"type":"if","locations":[{"start":{"line":9,"column":4},"end":{"line":10,"column":150}},{"start":{"line":9,"column":4},"end":{"line":10,"column":150}}],"line":9},"4":{"loc":{"start":{"line":9,"column":8},"end":{"line":9,"column":77}},"type":"binary-expr","locations":[{"start":{"line":9,"column":8},"end":{"line":9,"column":35}},{"start":{"line":9,"column":39},"end":{"line":9,"column":77}}],"line":9},"5":{"loc":{"start":{"line":10,"column":58},"end":{"line":10,"column":150}},"type":"if","locations":[{"start":{"line":10,"column":58},"end":{"line":10,"column":150}},{"start":{"line":10,"column":58},"end":{"line":10,"column":150}}],"line":10},"6":{"loc":{"start":{"line":10,"column":85},"end":{"line":10,"column":149}},"type":"binary-expr","locations":[{"start":{"line":10,"column":86},"end":{"line":10,"column":143}},{"start":{"line":10,"column":148},"end":{"line":10,"column":149}}],"line":10},"7":{"loc":{"start":{"line":10,"column":86},"end":{"line":10,"column":143}},"type":"cond-expr","locations":[{"start":{"line":10,"column":94},"end":{"line":10,"column":98}},{"start":{"line":10,"column":101},"end":{"line":10,"column":143}}],"line":10},"8":{"loc":{"start":{"line":10,"column":101},"end":{"line":10,"column":143}},"type":"cond-expr","locations":[{"start":{"line":10,"column":109},"end":{"line":10,"column":126}},{"start":{"line":10,"column":129},"end":{"line":10,"column":143}}],"line":10},"9":{"loc":{"start":{"line":11,"column":11},"end":{"line":11,"column":62}},"type":"binary-expr","locations":[{"start":{"line":11,"column":11},"end":{"line":11,"column":16}},{"start":{"line":11,"column":20},"end":{"line":11,"column":21}},{"start":{"line":11,"column":25},"end":{"line":11,"column":62}}],"line":11},"10":{"loc":{"start":{"line":13,"column":17},"end":{"line":15,"column":1}},"type":"binary-expr","locations":[{"start":{"line":13,"column":18},"end":{"line":13,"column":22}},{"start":{"line":13,"column":26},"end":{"line":13,"column":41}},{"start":{"line":13,"column":46},"end":{"line":15,"column":1}}],"line":13},"11":{"loc":{"start":{"line":14,"column":4},"end":{"line":14,"column":109}},"type":"if","locations":[{"start":{"line":14,"column":4},"end":{"line":14,"column":109}},{"start":{"line":14,"column":4},"end":{"line":14,"column":109}}],"line":14},"12":{"loc":{"start":{"line":14,"column":8},"end":{"line":14,"column":77}},"type":"binary-expr","locations":[{"start":{"line":14,"column":8},"end":{"line":14,"column":35}},{"start":{"line":14,"column":39},"end":{"line":14,"column":77}}],"line":14},"13":{"loc":{"start":{"line":70,"column":8},"end":{"line":81,"column":9}},"type":"if","locations":[{"start":{"line":70,"column":8},"end":{"line":81,"column":9}},{"start":{"line":70,"column":8},"end":{"line":81,"column":9}}],"line":70},"14":{"loc":{"start":{"line":71,"column":12},"end":{"line":73,"column":13}},"type":"if","locations":[{"start":{"line":71,"column":12},"end":{"line":73,"column":13}},{"start":{"line":71,"column":12},"end":{"line":73,"column":13}}],"line":71},"15":{"loc":{"start":{"line":85,"column":8},"end":{"line":87,"column":9}},"type":"if","locations":[{"start":{"line":85,"column":8},"end":{"line":87,"column":9}},{"start":{"line":85,"column":8},"end":{"line":87,"column":9}}],"line":85},"16":{"loc":{"start":{"line":85,"column":12},"end":{"line":85,"column":49}},"type":"binary-expr","locations":[{"start":{"line":85,"column":12},"end":{"line":85,"column":28}},{"start":{"line":85,"column":32},"end":{"line":85,"column":49}}],"line":85},"17":{"loc":{"start":{"line":110,"column":79},"end":{"line":110,"column":147}},"type":"cond-expr","locations":[{"start":{"line":110,"column":95},"end":{"line":110,"column":135}},{"start":{"line":110,"column":138},"end":{"line":110,"column":147}}],"line":110},"18":{"loc":{"start":{"line":117,"column":12},"end":{"line":123,"column":13}},"type":"if","locations":[{"start":{"line":117,"column":12},"end":{"line":123,"column":13}},{"start":{"line":117,"column":12},"end":{"line":123,"column":13}}],"line":117},"19":{"loc":{"start":{"line":133,"column":16},"end":{"line":135,"column":17}},"type":"if","locations":[{"start":{"line":133,"column":16},"end":{"line":135,"column":17}},{"start":{"line":133,"column":16},"end":{"line":135,"column":17}}],"line":133},"20":{"loc":{"start":{"line":138,"column":16},"end":{"line":142,"column":17}},"type":"if","locations":[{"start":{"line":138,"column":16},"end":{"line":142,"column":17}},{"start":{"line":138,"column":16},"end":{"line":142,"column":17}}],"line":138},"21":{"loc":{"start":{"line":138,"column":20},"end":{"line":138,"column":45}},"type":"binary-expr","locations":[{"start":{"line":138,"column":20},"end":{"line":138,"column":34}},{"start":{"line":138,"column":38},"end":{"line":138,"column":45}}],"line":138},"22":{"loc":{"start":{"line":147,"column":20},"end":{"line":147,"column":31}},"type":"default-arg","locations":[{"start":{"line":147,"column":29},"end":{"line":147,"column":31}}],"line":147},"23":{"loc":{"start":{"line":151,"column":23},"end":{"line":151,"column":34}},"type":"default-arg","locations":[{"start":{"line":151,"column":30},"end":{"line":151,"column":34}}],"line":151},"24":{"loc":{"start":{"line":170,"column":8},"end":{"line":180,"column":9}},"type":"if","locations":[{"start":{"line":170,"column":8},"end":{"line":180,"column":9}},{"start":{"line":170,"column":8},"end":{"line":180,"column":9}}],"line":170},"25":{"loc":{"start":{"line":170,"column":12},"end":{"line":171,"column":88}},"type":"binary-expr","locations":[{"start":{"line":170,"column":12},"end":{"line":170,"column":42}},{"start":{"line":171,"column":12},"end":{"line":171,"column":88}}],"line":170},"26":{"loc":{"start":{"line":175,"column":12},"end":{"line":178,"column":13}},"type":"if","locations":[{"start":{"line":175,"column":12},"end":{"line":178,"column":13}},{"start":{"line":175,"column":12},"end":{"line":178,"column":13}}],"line":175},"27":{"loc":{"start":{"line":175,"column":16},"end":{"line":176,"column":92}},"t
[...]
:29},"end":{"line":36,"column":64}},"18":{"start":{"line":37,"column":29},"end":{"line":37,"column":68}},"19":{"start":{"line":38,"column":8},"end":{"line":38,"column":113}},"20":{"start":{"line":39,"column":8},"end":{"line":39,"column":201}},"21":{"start":{"line":39,"column":87},"end":{"line":39,"column":109}},"22":{"start":{"line":40,"column":8},"end":{"line":40,"column":134}},"23":{"start":{"line":41,"column":8},"end":{"line":41,"column":78}},"24":{"start":{"line":42,"column":8},"end":{"line":42,"column":173}},"25":{"start":{"line":42,"column":83},"end":{"line":42,"column":105}},"26":{"start":{"line":43,"column":8},"end":{"line":43,"column":19}},"27":{"start":{"line":45,"column":4},"end":{"line":60,"column":7}},"28":{"start":{"line":46,"column":29},"end":{"line":46,"column":64}},"29":{"start":{"line":47,"column":29},"end":{"line":47,"column":70}},"30":{"start":{"line":48,"column":8},"end":{"line":48,"column":67}},"31":{"start":{"line":49,"column":8},"end":{"line":49,"column":215}},"32":{"start":{"line":49,"column":87},"end":{"line":49,"column":111}},"33":{"start":{"line":50,"column":8},"end":{"line":50,"column":124}},"34":{"start":{"line":51,"column":8},"end":{"line":51,"column":211}},"35":{"start":{"line":51,"column":97},"end":{"line":51,"column":119}},"36":{"start":{"line":52,"column":8},"end":{"line":52,"column":145}},"37":{"start":{"line":53,"column":8},"end":{"line":53,"column":109}},"38":{"start":{"line":54,"column":8},"end":{"line":54,"column":141}},"39":{"start":{"line":55,"column":8},"end":{"line":55,"column":79}},"40":{"start":{"line":56,"column":8},"end":{"line":56,"column":177}},"41":{"start":{"line":56,"column":83},"end":{"line":56,"column":107}},"42":{"start":{"line":57,"column":8},"end":{"line":57,"column":78}},"43":{"start":{"line":58,"column":8},"end":{"line":58,"column":173}},"44":{"start":{"line":58,"column":83},"end":{"line":58,"column":105}},"45":{"start":{"line":59,"column":8},"end":{"line":59,"column":19}},"46":{"start":{"line":61,"column":4},"end":{"line":63,"column":7}},"47":{"start":{"line":62,"column":8},"end":{"line":62,"column":98}}},"fnMap":{"0":{"name":"mockUri","decl":{"start":{"line":18,"column":9},"end":{"line":18,"column":16}},"loc":{"start":{"line":18,"column":23},"end":{"line":20,"column":1}},"line":18},"1":{"name":"(anonymous_1)","decl":{"start":{"line":21,"column":21},"end":{"line":21,"column":22}},"loc":{"start":{"line":21,"column":33},"end":{"line":64,"column":1}},"line":21},"2":{"name":"(anonymous_2)","decl":{"start":{"line":23,"column":15},"end":{"line":23,"column":16}},"loc":{"start":{"line":23,"column":27},"end":{"line":34,"column":5}},"line":23},"3":{"name":"(anonymous_3)","decl":{"start":{"line":35,"column":22},"end":{"line":35,"column":23}},"loc":{"start":{"line":35,"column":34},"end":{"line":44,"column":5}},"line":35},"4":{"name":"(anonymous_4)","decl":{"start":{"line":39,"column":79},"end":{"line":39,"column":80}},"loc":{"start":{"line":39,"column":87},"end":{"line":39,"column":109}},"line":39},"5":{"name":"(anonymous_5)","decl":{"start":{"line":42,"column":75},"end":{"line":42,"column":76}},"loc":{"start":{"line":42,"column":83},"end":{"line":42,"column":105}},"line":42},"6":{"name":"(anonymous_6)","decl":{"start":{"line":45,"column":24},"end":{"line":45,"column":25}},"loc":{"start":{"line":45,"column":36},"end":{"line":60,"column":5}},"line":45},"7":{"name":"(anonymous_7)","decl":{"start":{"line":49,"column":79},"end":{"line":49,"column":80}},"loc":{"start":{"line":49,"column":87},"end":{"line":49,"column":111}},"line":49},"8":{"name":"(anonymous_8)","decl":{"start":{"line":51,"column":89},"end":{"line":51,"column":90}},"loc":{"start":{"line":51,"column":97},"end":{"line":51,"column":119}},"line":51},"9":{"name":"(anonymous_9)","decl":{"start":{"line":56,"column":75},"end":{"line":56,"column":76}},"loc":{"start":{"line":56,"column":83},"end":{"line":56,"column":107}},"line":56},"10":{"name":"(anonymous_10)","decl":{"start":{"line":58,"column":75},"end":{"line":58,"column":76}},"loc":{"start":{"line":58,"column":83},"end":{"line":58,"column":105}},"line":58},"11":{"name":"(anonymous_11)","decl":{"start":{"line":61,"column":18},"end":{"line":61,"column":19}},"loc":{"start":{"line":61,"column":30},"end":{"line":63,"column":5}},"line":61}},"branchMap":{},"s":{"0":0,"1":0,"2":0,"3":0,"4":0,"5":0,"6":0,"7":0,"8":0,"9":0,"10":0,"11":0,"12":0,"13":0,"14":0,"15":0,"16":0,"17":0,"18":0,"19":0,"20":0,"21":0,"22":0,"23":0,"24":0,"25":0,"26":0,"27":0,"28":0,"29":0,"30":0,"31":0,"32":0,"33":0,"34":0,"35":0,"36":0,"37":0,"38":0,"39":0,"40":0,"41":0,"42":0,"43":0,"44":0,"45":0,"46":0,"47":0},"f":{"0":0,"1":0,"2":0,"3":0,"4":0,"5":0,"6":0,"7":0,"8":0,"9":0,"10":0,"11":0},"b":{},"inputSourceMap":{"version":3,"file":"hdfs.test.js","sourceRoot":"","sources":["../../src/test/hdfs.test.ts"],"names":[],"mappings":";AAAA;;;;GAIG;;AAEH,iCAAiC;AAEjC,+BAAwC;AACxC,+BAA4B;AAC5B,mCAAuC;AAEvC,mDAA8E;AAC9E,0DAAuD;AACvD,8CAA6D;AAE7D,mCAAmC;AACnC,WAAQ,CAAC,QAAQ,GAAG,WAAI,CAAC,SAAS,EAAE,gBAAgB,EAAE,UAAU,CAAC,CAAC;AAClE,WAAQ,CAAC,OAAO,CAAC,QAAQ,CAAC,CAAC;AAE3B,SAAS,OAAO,CAAC,IAAY;IACzB,OAAO,YAAG,CAAC,KAAK,CAAC,wCAAwC,GAAG,IAAI,CAAC,CAAC;AACtE,CAAC;AAED,KAAK,CAAC,aAAa,EAAE;IACjB,IAAI,CAAC,OAAO,CAAC,CAAC,CAAC,CAAC;IAEhB,UAAU,CAAC,KAAK,IAAI,EAAE;QAClB,MAAM,qCAAyB,EAAE,CAAC;QAClC,CAAC,MAAM,wBAAY,CAAC,+BAAc,CAAC,CAAC,CAAC,iBAAiB,CAAC,IAAI,CAAM;YAC7D,IAAI,EAAE,gBAAgB;YACtB,QAAQ,EAAE,gBAAgB;YAC1B,eAAe,EAAE,2BAA2B;YAC5C,WAAW,EAAE,8BAA8B;YAC3C,WAAW,EAAE,uBAAuB;YACpC,iBAAiB,EAAE,oCAAoC;YACvD,cAAc,EAAE,gBAAgB;SACnC,CAAC,CAAC;IACP,CAAC,CAAC,CAAC;IAEH,IAAI,CAAC,WAAW,EAAE,KAAK,IAAI,EAAE;QACzB,MAAM,YAAY,GAA2B,IAAI,6BAAsB,EAAE,CAAC;QAC1E,MAAM,EAAE,QAAQ,EAAE,GAAG,MAAM,WAAQ,CAAC,oBAAoB,CAAC,CAAC;QAE1D,MAAM,YAAY,CAAC,SAAS,CAAC,OAAO,CAAC,WAAW,CAAC,EAAE,IAAI,MAAM,CAAC,IAAI,CAAC,EAAE,EAAE,MAAM,EAAE,IAAI,EAAE,SAAS,EAAE,KAAK,EAAE,CAAC,CAAC;QACzG,MAAM,CAAC,SAAS,CACZ,CAAC,MAAM,YAAY,CAAC,aAAa,CAAC,OAAO,CAAC,GAAG,CAAC,CAAC,CAAC,CAAC,IAAI,CAAC,IAAI,CAAC,EAAE,CAAC,IAAI,CAAC,CAAC,CAAC,KAAK,UAAU,CAAC,EACrF,CAAC,UAAU,EAAE,iBAAQ,CAAC,IAAI,CAAC,EAC3B,iDAAiD,CACpD,CAAC;QACF,MAAM,CAAC,KAAK,CACR,CAAC,MAAM,YAAY,CAAC,QAAQ,CAAC,OAAO,CAAC,WAAW,CAAC,CAAC,CAAC,CAAC,QAAQ,EAAE,EAC9D,IAAI,EACJ,yCAAyC,CAC5C,CAAC;QACF,MAAM,YAAY,CAAC,MAAM,CAAC,OAAO,CAAC,WAAW,CAAC,EAAE,EAAE,SAAS,EAAE,KAAK,EAAE,CAAC,CAAC;QACtE,MAAM,CAAC,KAAK,CACR,CAAC,MAAM,YAAY,CAAC,aAAa,CAAC,OAAO,CAAC,GAAG,CAAC,CAAC,CAAC,CAAC,IAAI,CAAC,IAAI,CAAC,EAAE,CAAC,IAAI,CAAC,CAAC,CAAC,KAAK,UAAU,CAAC,EACrF,SAAS,EACT,oDAAoD,CACvD,CAAC;QAEF,QAAQ,EAAE,CAAC;IACf,CAAC,CAAC,CAAC;IAEH,IAAI,CAAC,aAAa,EAAE,KAAK,IAAI,EAAE;QAC3B,MAAM,YAAY,GAA2B,IAAI,6BAAsB,EAAE,CAAC;QAC1E,MAAM,EAAE,QAAQ,EAAE,GAAG,MAAM,WAAQ,CAAC,sBAAsB,CAAC,CAAC;QAC5D,MAAM,YAAY,CAAC,eAAe,CAAC,OAAO,CAAC,aAAa,CAAC,CAAC,CAAC;QAC3D,MAAM,CAAC,SAAS,CACZ,CAAC,MAAM,YAAY,CAAC,aAAa,CAAC,OAAO,CAAC,GAAG,CAAC,CAAC,CAAC,CAAC,IAAI,CAAC,IAAI,CAAC,EAAE,CAAC,IAAI,CAAC,CAAC,CAAC,KAAK,YAAY,CAAC,EACvF,CAAC,YAAY,EAAE,iBAAQ,CAAC,SAAS,CAAC,EAClC,sDAAsD,CACzD,CAAC;QACF,MAAM,YAAY,CAAC,SAAS,CAAC,OAAO,CAAC,sBAAsB,CAAC,EAAE,IAAI,MAAM,CAAC,IAAI,CAAC,EAAE,EAAE,MAAM,EAAE,IAAI,EAAE,SAAS,EAAE,KAAK,EAAE,CAAC,CAAC;QACpH,MAAM,CAAC,SAAS,CACZ,CAAC,MAAM,YAAY,CAAC,aAAa,CAAC,OAAO,CAAC,aAAa,CAAC,CAAC,CAAC,CAAC,IAAI,CAAC,IAAI,CAAC,EAAE,CAAC,IAAI,CAAC,CAAC,CAAC,KAAK,UAAU,CAAC,EAC/F,CAAC,UAAU,EAAE,iBAAQ,CAAC,IAAI,CAAC,EAC3B,iDAAiD,CACpD,CAAC;QACF,MAAM,CAAC,KAAK,CACR,CAAC,MAAM,YAAY,CAAC,QAAQ,CAAC,OAAO,CAAC,sBAAsB,CAAC,CAAC,CAAC,CAAC,QAAQ,EAAE,EACzE,IAAI,EACJ,yCAAyC,CAC5C,CAAC;QACF,MAAM,YAAY,CAAC,IAAI,CAAC,OAAO,CAAC,sBAAsB,CAAC,EAAE,OAAO,CAAC,WAAW,CAAC,EAAE,EAAE,SAAS,EAAE,KAAK,EAAE,CAAC,CAAC;QACrG,MAAM,CAAC,KAAK,CACR,CAAC,MAAM,YAAY,CAAC,QAAQ,CAAC,OAAO,CAAC,WAAW,CAAC,CAAC,CAAC,CAAC,QAAQ,EAAE,EAC9D,IAAI,EACJ,gDAAgD,CACnD,CAAC;QACF,MAAM,YAAY,CAAC,MAAM,CAAC,OAAO,CAAC,aAAa,CAAC,EAAE,EAAE,SAAS,EAAE,IAAI,EAAE,CAAC,CAAC;QACvE,MAAM,CAAC,KAAK,CACR,CAAC,MAAM,YAAY,CAAC,aAAa,CAAC,OAAO,CAAC,GAAG,CAAC,CAAC,CAAC,CAAC,IAAI,CAAC,IAAI,CAAC,EAAE,CAAC,IAAI,CAAC,CAAC,CAAC,KAAK,YAAY,CAAC,EACvF,SAAS,EACT,sDAAsD,CACzD,CAAC;QACF,MAAM,YAAY,CAAC,MAAM,CAAC,OAAO,CAAC,WAAW,CAAC,EAAE,EAAE,SAAS,EAAE,KAAK,EAAE,CAAC,CAAC;QACtE,MAAM,CAAC,KAAK,CACR,CAAC,MAAM,YAAY,CAAC,aAAa,CAAC,OAAO,CAAC,GAAG,CAAC,CAAC,CAAC,CAAC,IAAI,CAAC,IAAI,CAAC,EAAE,CAAC,IAAI,CAAC,CAAC,CAAC,KAAK,UAAU,CAAC,EACrF,SAAS,EACT,oDAAoD,CACvD,CAAC;QAEF,QAAQ,EAAE,CAAC;IACf,CAAC,CAAC,CAAC;IAEH,aAAa,CAAC,KAAK,IAAI,EAAE;QACrB,CAAC,MAAM,wBAAY,CAAC,+BAAc,CAAC,CAAC,CAAC,iBAAiB,CAAC,GAAG,EAAE,CAAC;IACjE,CAAC,CAAC,CAAC;AACP,CAAC,CAAC,CAAC"},"all":true},"D:\\Source\\Repos\\openpaivscode\\out\\test\\index.js":{"path":"D:\\Source\\Repos\\openpaivscode\\out\\test\\index.js","statementMap":{"0":{"start":{"line":7,"column":0},"end":{"line":7,"column":62}},"1":{"start":{"line":8,"column":19},"end":{"line":8,"column":51}},"2":{"start":{"line":12,"column":0},"end":{"line":15,"column":3}},"3":{"start":{"line":16,"column":0},"end":{"line":16,"column":28}}},"fnMap":{},"branchMap":{},"s":{"0":0,"1":0,"2":0,"3":0},"f":{},"b":{},"inputSourceMap":{"version":3,"file":"index.js","sourceRoot":"","sources":["../../src/test/index.ts"],"names":[],"mappings":";AAAA;;;;GAIG;;AAEH,oDAAoD;AAEpD,8EAA8E;AAC9E,qFAAqF;AACrF,gBAAgB;AAChB,UAAU,CAAC,SAAS,CAAC;IACjB,EAAE,EAAE,KAAK;IACT,SAAS,EAAE,IAAI,CAAC,mCAAmC;CACtD,CAAC,CAAC;AAEH,MAAM,CAAC,OAAO,GAAG,UAAU,CAAC"},"all":true},"D:\\Source\\Repos\\openpaivscode\\out\\test\\runTest.js":{"path":"D:\\Source\\Repos\\openpaivscode\\out\\test\\runTest.js","statementMap":{"0":{"start":{"line":7,"column":0},"end":{"line":7,"column":62}},"1":{"start":{"line":8,"column":13},"end":{"line":8,"column":28}},"2":{"start":{"line":9,"column":22},"end":{"line":9,"column":44}},"3":{"start":{"line":11,"column":4},"end":{"line":24,"column":5}},"4":{"start":{"line":14,"column":41},"end":{"line":14,"column":77}},"5":{"start":{"line":17,"column":35},"end":{"line":17,"column":69}},"6":{"start":{"line":19,"column":8},"end":{"line":19,"column":87}},"7":{"start":{"line":22,"column":8},"end":{"line":22,"column":45}},"8":{"start":{"line":23,"column":8},"end":{"line":23,"column":24}},"9":{"start":{"line":26,"column":0},"end":{"line":26,"column":12}}},"fnMap":{"0":{"name":"main","decl":{"start":{"line":10,"column":15},"end":{"line":10,"column":19}},"loc":{"start":{"line":10,"column":22},"end":{"line":25,"column":1}},"line":10}},"branchMap":{},"s":{"0":0,"1":0,"2":0,"3":0,"4":0,"5":0,"6":0,"7":0,"8":0,"9":0},"f":{"0":0},"b":{},"inputSourceMap":{"version":3,"file":"runTest.js","sourceRoot":"","sources":["../../src/test/runTest.ts"],"names":[],"mappings":";AAAA;;;;GAIG;;AAEH,6BAA6B;AAC7B,6CAAuC;AAEvC,KAAK,UAAU,IAAI;IACf,IAAI;QACA,4DAA4D;QAC5D,yCAAyC;QACzC,MAAM,wBAAwB,GAAW,IAAI,CAAC,OAAO,CAAC,SAAS,EAAE,WAAW,CAAC,CAAC;QAE9E,wCAAwC;QACxC,iCAAiC;QACjC,MAAM,kBAAkB,GAAW,IAAI,CAAC,OAAO,CAAC,SAAS,EAAE,SAAS,CAAC,CAAC;QAEtE,0DAA0D;QAC1D,MAAM,sBAAQ,CAAC,EAAE,wBAAwB,EAAE,kBAAkB,EAAE,CAAC,CAAC;KACpE;IAAC,OAAO,GAAG,EAAE;QACV,OAAO,CAAC,KAAK,CAAC,qBAAqB,CAAC,CAAC;QACrC,OAAO,CAAC,IAAI,CAAC,CAAC,CAAC,CAAC;KACnB;AACL,CAAC;AAED,KAAK,IAAI,EAAE,CAAC"},"all":true},"D:\\Source\\Repos\\openpaivscode\\src\\common\\constants.ts":{"path":"D:\\Source\\Repos\\openpaivscode\\src\\common\\constants.ts","statementMap":{"0":{"start":{"line":10,"column":35},"end":{"line":10,"column":55}},"1":{"start":{"line":11,"column":36},"end":{"line":11,"column":57}},"2":{"start":{"line":12,"column":38},"end":{"line":12,"column":61}},"3":{"start":{"line":13,"column":39},"end":{"line":13,"column":63}},"4":{"start":{"line":14,"column":44},"end":{"line":14,"column":73}},"5":{"start":{"line":15,"column":45},"end":{"line":15,"column":75}},"6":{"start":{"line":16,"column":47},"end":{"line":16,"column":79}},"7":{"start":{"line":17,"column":48},"end":{"line":17,"column":81}},"8":{"start":{"line":18,"column":36},"end":{"line":18,"column":57}},"9":{"start":{"line":19,"column":32},"end":{"line":19,"column":49}},"10":{"start":{"line":20,"column":33},"end":{"line":20,"column":51}},"11":{"start":{"line":21,"column":39},"end":{"line":21,"column":63}},"12":{"start":{"line":22,"column":41},"end":{"line":22,"column":67}},"13":{"start":{"line":23,"column":43},"end":{"line":23,"column":71}},"14":{"start":{"line":24,"column":37},"end":{"line":24,"column":59}},"15":{"start":{"line":25,"column":48},"end":{"line":25,"column":81}},"16":{"start":{"line":26,"column":47},"end":{"line":26,"column":79}},"17":{"start":{"line":27,"column":49},"end":{"line":27,"column":83}},"18":{"start":{"line":28,"column":43},"end":{"line":28,"column":71}},"19":{"start":{"line":29,"column":45},"end":{"line":29,"column":75}},"20":{"start":{"line":30,"column":44},"end":{"line":30,"column":73}},"21":{"start":{"line":31,"column":46},"end":{"line":31,"column":77}},"22":{"start":{"line":32,"column":40},"end":{"line":32,"column":65}},"23":{"start":{"line":33,"column":38},"end":{"line":33,"column":61}},"24":{"start":{"line":34,"column":41},"end":{"line":34,"column":67}},"25":{"start":{"line":35,"column":47},"end":{"line":35,"column":85}},"26":{"start":{"line":36,"column":41},"end":{"line":36,"column":67}},"27":{"start":{"line":37,"column":38},"end":{"line":37,"column":69}},"28":{"start":{"line":38,"column":32},"end":{"line":38,"column":57}},"29":{"start":{"line":39,"column":32},"end":{"line":39,"column":57}},"30":{"start":{"line":40,"column":44},"end":{"line":40,"column":72}},"31":{"start":{"line":41,"column":44},"end":{"line":41,"column":73}},"32":{"start":{"line":42,"column":42},"end":{"line":42,"column":69}},"33":{"start":{"line":43,"column":34},"end":{"line":43,"column":61}},"34":{"start":{"line":44,"column":36},"end":{"line":44,"column":65}},"35":{"start":{"line":45,"column":41},"end":{"line":45,"column":72}},"36":{"start":{"line":46,"column":41},"end":{"line":46,"column":75}},"37":{"start":{"line":47,"column":44},"end":{"line":47,"column":81}},"38":{"start":{"line":48,"column":44},"end":{"line":48,"column":81}},"39":{"start":{"line":49,"column":41},"end":{"line":49,"column":67}},"40":{"start":{"line":50,"column":43},"end":{"line":50,"column":71}},"41":{"start":{"line":51,"column":46},"end":{"line":51,"column":77}},"42":{"start":{"line":52,"column":46},"end":{"line":52,"column":77}},"43":{"start":{"line":53,"column":49},"end":{"line":53,"column":83}},"44":{"start":{"line":54,"column":45},"end":{"line":54,"column":75}},"45":{"start":{"line":55,"column":44},"end":{"line":55,"column":73}},"46":{"start":{"line":56,"column":49},"end":{"line":56,"column":83}},"47":{"start":{"line":57,"column":46},"end":{"line":57,"column":77}},"48":{"start":{"line":58,"column":56},"end":{"line":58,"column":97}},"49":{"start":{"line":60,"column":39},"end":{"line":60,"column":52}},"50":{"start":{"line":61,"column":42},"end":{"line":61,"column":60}},"51":{"start":{"line":63,"column":35},"end":{"line":63,"column":53}},"52":{"start":{"line":64,"column":33},"end":{"line":64,"column":46}},"53":{"start":{"line":65,"column":35},"end":{"line":65,"column":50}},"54":{"start":{"line":66,"column":33},"end":{"line":66,"column":46}},"55":{"start":{"line":67,"column":48},"end":{"line":67,"column":67}},"56":{"start":{"line":68,"column":43},"end":{"line":68,"column":58}},"57":{"start":{"line":70,"column":44},"end":{"line":70,"column":67}},"58":{"start":{"line":71,"column":44},"end":{"line":71,"column":67}},"59":{"start":{"line":72,"column":41},"end":{"line":72,"column":61}},"60":{"start":{"line":73,"column":47},"end":{"line":73,"column":73}},"61":{"start":{"line":74,"column":45},"end":{"line":74,"column":69}},"62":{"start":{"line":75,"column":45},"end":{"line":75,"column":69}},"63":{"start":{"line":76,"column":37},"end":{"line":76,"column":54}},"64":{"start":{"line":77,"column":35},"end":{"line":77,"column":50}},"65":{"start":{"line":78,"column":42},"end":{"line":78,"column":63}},"66":{"start":{"line":79,"column":36},"end":{"line":79,"column":52}},"67":{"start":{"line":80,"column":38},"end":{"line":80,"column":56}},"68":{"start":{"line":81,"column":41},"end":{"line":81,"column":61}},"69":{"start":{"line":83,"column":38},"end":{"line":83,"column":59}},"70":{"start":{"line":85,"column":38},"end":{"line":85,"column":59}},"71":{"start":{"line":86,"column":39},"end":{"line":86,"column":58}},"72":{"start":{"line":88,"column":36},"end":{"line":88,"column":46}},"73":{"start":{"line":89,"column":46},"end":{"line":89,"column":56}},"74":{"start":{"line":90,"column":43},"end":{"line":93,"column":1}},"75":{"start":{"line":94,"column":35},"end":{"line":94,"column":44}},"76":{"start":{"line":95,"column":42},"end":{"line":95,"column":58}},"77":{"start":{"line":96,"column":42},"end":{"line":96,"column":58}},"78":{"start":{"line":97,"column":42},"end":{"line":97,"column":58}},"79":{"start":{"line":98,"column":37},"end":{"line":98,"column":48}},"80":{"start":{"line":99,"column":51},"end":{"line":99,"column":76}},"81":{"start":{"line":100,"column":52},"end":{"line":100,"column":78}},"82":{"start":{"line":101,"column":51},"end":{"line":101,"column":76}},"83":{"start":{"line":102,"column":51},"end":{"line":102,"column":76}},"84":{"start":{"line":103,"column":43},"end":{"line":103,"column":60}},"85":{"start":{"line":104,"column":47},"end":{"line":104,"column":59}},"86":{"start":{"line":106,"column":24},"end":{"line":109,"column":1}},"87":{"start":{"line":110,"column":25},"end":{"line":110,"column":43}},"88":{"start":{"line":111,"column":25},"end":{"line":114,"column":1}},"89":{"start":{"line":115,"column":30},"end":{"line":118,"column":1}},"90":{"start":{"line":119,"column":29},"end":{"line":122,"column":1}},"91":{"start":{"line":123,"column":31},"end":{"line":123,"column":53}},"92":{"start":{"line":124,"column":33},"end":{"line":127,"column":1}},"93":{"start":{"line":128,"column":34},"end":{"line":131,"column":1}},"94":{"start":{"line":132,"column":26},"end":{"line":132,"column":43}},"95":{"start":{"line":133,"column":25},"end":{"line":133,"column":41}},"96":{"start":{"line":134,"column":26},"end":{"line":134,"column":43}},"97":{"start":{"line":135,"column":24},"end":{"line":135,"column":39}},"98":{"start":{"line":136,"column":23},"end":{"line":136,"column":37}},"99":{"start":{"line":137,"column":28},"end":{"line":137,"column":47}},"100":{"start":{"line":138,"column":27},"end":{"line":138,"column":45}},"101":{"start":{"line":139,"column":29},"end":{"line":139,"column":49}},"102":{"start":{"line":140,"column":28},"end":{"line":143,"column":1}},"103":{"start":{"line":144,"column":27},"end":{"line":144,"column":45}},"104":{"start":{"line":145,"column":25},"end":{"line":145,"column":41}},"105":{"start":{"line":146,"column":28},"end":{"line":146,"column":47}},"106":{"start":{"line":148,"column":35},"end":{"line":148,"column":52}},"107":{"start":{"line":149,"column":37},"end":{"line":149,"column":56}},"108":{"start":{"line":151,"column":33},"end":{"line":151,"column":61}},"109":{"start":{"line":152,"column":38},"end":{"line":152,"column":71}},"110":{"start":{"line":153,"column":43},"end":{"line":153,"column":106}},"111":{"start":{"line":155,"column":33},"end":{"line":155,"column":53}},"112":{"start":{"line":156,"column":39},"end":{"line":156,"column":68}},"113":{"start":{"line":158,"column":30},"end":{"line":158,"column":39}},"114":{"start":{"line":159,"column":42},"end":{"line":159,"column":71}}},"fnMap":{},"branchMap":{},"s":{"0":0,"1":0,"2":0,"3":0,"4":0,"5":0,"6":0,"7":0,"8":0,"9":0,"10":0,"11":0,"12":0,"13":0,"14":0,"15":0,"16":0,"17":0,"18":0,"19":0,"20":0,"21":0,"22":0,"23":0,"24":0,"25":0,"26":0,"27":0,"28":0,"29":0,"30":0,"31":0,"32":0,"33":0,"34":0,"35":0,"36":0,"37":0,"38":0,"39":0,"40":0,"41":0,"42":0,"43":0,"44":0,"45":0,"46":0,"47":0,"48":0,"49":0,"50":0,"51":0,"52":0,"53":0,"54":0,"55":0,"56":0,"57":0,"58":0,"59":0,"60":0,"61":0,"62":0,"63":0,"64":0,"65":0,"66":0,"67":0,"68":0,"69":0,"70":0,"71":0,"72":0,"73":0,"74":0,"75":0,"76":0,"77":0,"78":0,"79":0,"80":0,"81":0,"82":0,"83":0,"84":0,"85":0,"86":0,"87":0,"88":0,"89":0,"90":0,"91":0,"92":0,"93":0,"94":0,"95":0,"96":0,"97":0,"98":0,"99":0,"100":0,"101":0,"102":0,"103":0,"104":0,"105":0,"106":0,"107":0,"108":0,"109":0,"110":0,"111":0,"112":0,"113":0,"114":0},"f":{},"b":{},"all":true}}